[0.028s] Invoking command in '/home/parsa/ws_ros2/build/custom_vtol_plugin': CMAKE_PREFIX_PATH=${CMAKE_PREFIX_PATH}:/opt/ros/humble /usr/bin/cmake --build /home/parsa/ws_ros2/build/custom_vtol_plugin -- -j5 -l5
[0.162s] [  3%] Built target custom_vtol_plugin__cpp
[0.231s] [  3%] Built target ament_cmake_python_copy_custom_vtol_plugin
[0.297s] [ 12%] Built target custom_vtol_plugin__rosidl_typesupport_introspection_cpp
[0.717s] running egg_info
[0.747s] writing custom_vtol_plugin.egg-info/PKG-INFO
[0.747s] writing dependency_links to custom_vtol_plugin.egg-info/dependency_links.txt
[0.748s] writing top-level names to custom_vtol_plugin.egg-info/top_level.txt
[0.837s] reading manifest file 'custom_vtol_plugin.egg-info/SOURCES.txt'
[0.840s] writing manifest file 'custom_vtol_plugin.egg-info/SOURCES.txt'
[0.888s] [ 12%] Built target ament_cmake_python_build_custom_vtol_plugin_egg
[0.939s] [ 21%] Built target custom_vtol_plugin__rosidl_typesupport_fastrtps_cpp
[0.977s] [ 30%] Built target custom_vtol_plugin__rosidl_typesupport_cpp
[1.016s] [ 39%] Built target custom_vtol_plugin__rosidl_generator_c
[1.069s] [ 45%] Built target motor_controller_plugin
[1.107s] [ 54%] Built target custom_vtol_plugin__rosidl_typesupport_c
[1.156s] [ 63%] Built target custom_vtol_plugin__rosidl_typesupport_introspection_c
[1.197s] [ 72%] Built target custom_vtol_plugin__rosidl_typesupport_fastrtps_c
[1.237s] [ 72%] Built target custom_vtol_plugin
[1.278s] [ 75%] Built target custom_vtol_plugin__py
[1.320s] [ 81%] Built target custom_vtol_plugin__rosidl_generator_py
[1.366s] [ 87%] Built target custom_vtol_plugin__rosidl_typesupport_fastrtps_c__pyext
[1.408s] [ 93%] Built target custom_vtol_plugin__rosidl_typesupport_c__pyext
[1.458s] [100%] Built target custom_vtol_plugin__rosidl_typesupport_introspection_c__pyext
[1.478s] Invoked command in '/home/parsa/ws_ros2/build/custom_vtol_plugin' returned '0': CMAKE_PREFIX_PATH=${CMAKE_PREFIX_PATH}:/opt/ros/humble /usr/bin/cmake --build /home/parsa/ws_ros2/build/custom_vtol_plugin -- -j5 -l5
[1.494s] Invoking command in '/home/parsa/ws_ros2/build/custom_vtol_plugin': CMAKE_PREFIX_PATH=${CMAKE_PREFIX_PATH}:/opt/ros/humble /usr/bin/cmake --install /home/parsa/ws_ros2/build/custom_vtol_plugin
[1.509s] -- Install configuration: ""
[1.509s] -- Up-to-date: /home/parsa/ws_ros2/install/custom_vtol_plugin/share/ament_index/resource_index/rosidl_interfaces/custom_vtol_plugin
[1.510s] -- Up-to-date: /home/parsa/ws_ros2/install/custom_vtol_plugin/include/custom_vtol_plugin/custom_vtol_plugin
[1.511s] -- Up-to-date: /home/parsa/ws_ros2/install/custom_vtol_plugin/include/custom_vtol_plugin/custom_vtol_plugin/msg
[1.511s] -- Up-to-date: /home/parsa/ws_ros2/install/custom_vtol_plugin/include/custom_vtol_plugin/custom_vtol_plugin/msg/rosidl_generator_c__visibility_control.h
[1.511s] -- Up-to-date: /home/parsa/ws_ros2/install/custom_vtol_plugin/include/custom_vtol_plugin/custom_vtol_plugin/msg/detail
[1.512s] -- Up-to-date: /home/parsa/ws_ros2/install/custom_vtol_plugin/include/custom_vtol_plugin/custom_vtol_plugin/msg/detail/motor_commands__struct.h
[1.512s] -- Up-to-date: /home/parsa/ws_ros2/install/custom_vtol_plugin/include/custom_vtol_plugin/custom_vtol_plugin/msg/detail/motor_commands__type_support.h
[1.512s] -- Up-to-date: /home/parsa/ws_ros2/install/custom_vtol_plugin/include/custom_vtol_plugin/custom_vtol_plugin/msg/detail/motor_commands__functions.c
[1.512s] -- Up-to-date: /home/parsa/ws_ros2/install/custom_vtol_plugin/include/custom_vtol_plugin/custom_vtol_plugin/msg/detail/motor_commands__functions.h
[1.512s] -- Up-to-date: /home/parsa/ws_ros2/install/custom_vtol_plugin/include/custom_vtol_plugin/custom_vtol_plugin/msg/motor_commands.h
[1.513s] -- Up-to-date: /home/parsa/ws_ros2/install/custom_vtol_plugin/share/custom_vtol_plugin/environment/library_path.sh
[1.513s] -- Up-to-date: /home/parsa/ws_ros2/install/custom_vtol_plugin/share/custom_vtol_plugin/environment/library_path.dsv
[1.514s] -- Up-to-date: /home/parsa/ws_ros2/install/custom_vtol_plugin/lib/libcustom_vtol_plugin__rosidl_generator_c.so
[1.515s] -- Up-to-date: /home/parsa/ws_ros2/install/custom_vtol_plugin/include/custom_vtol_plugin/custom_vtol_plugin
[1.515s] -- Up-to-date: /home/parsa/ws_ros2/install/custom_vtol_plugin/include/custom_vtol_plugin/custom_vtol_plugin/msg
[1.515s] -- Up-to-date: /home/parsa/ws_ros2/install/custom_vtol_plugin/include/custom_vtol_plugin/custom_vtol_plugin/msg/rosidl_typesupport_fastrtps_c__visibility_control.h
[1.515s] -- Up-to-date: /home/parsa/ws_ros2/install/custom_vtol_plugin/include/custom_vtol_plugin/custom_vtol_plugin/msg/detail
[1.515s] -- Up-to-date: /home/parsa/ws_ros2/install/custom_vtol_plugin/include/custom_vtol_plugin/custom_vtol_plugin/msg/detail/motor_commands__rosidl_typesupport_fastrtps_c.h
[1.516s] -- Up-to-date: /home/parsa/ws_ros2/install/custom_vtol_plugin/lib/libcustom_vtol_plugin__rosidl_typesupport_fastrtps_c.so
[1.516s] -- Up-to-date: /home/parsa/ws_ros2/install/custom_vtol_plugin/include/custom_vtol_plugin/custom_vtol_plugin
[1.516s] -- Up-to-date: /home/parsa/ws_ros2/install/custom_vtol_plugin/include/custom_vtol_plugin/custom_vtol_plugin/msg
[1.516s] -- Up-to-date: /home/parsa/ws_ros2/install/custom_vtol_plugin/include/custom_vtol_plugin/custom_vtol_plugin/msg/detail
[1.516s] -- Up-to-date: /home/parsa/ws_ros2/install/custom_vtol_plugin/include/custom_vtol_plugin/custom_vtol_plugin/msg/detail/motor_commands__struct.hpp
[1.516s] -- Up-to-date: /home/parsa/ws_ros2/install/custom_vtol_plugin/include/custom_vtol_plugin/custom_vtol_plugin/msg/detail/motor_commands__builder.hpp
[1.517s] -- Up-to-date: /home/parsa/ws_ros2/install/custom_vtol_plugin/include/custom_vtol_plugin/custom_vtol_plugin/msg/detail/motor_commands__type_support.hpp
[1.517s] -- Up-to-date: /home/parsa/ws_ros2/install/custom_vtol_plugin/include/custom_vtol_plugin/custom_vtol_plugin/msg/detail/motor_commands__traits.hpp
[1.517s] -- Up-to-date: /home/parsa/ws_ros2/install/custom_vtol_plugin/include/custom_vtol_plugin/custom_vtol_plugin/msg/rosidl_generator_cpp__visibility_control.hpp
[1.517s] -- Up-to-date: /home/parsa/ws_ros2/install/custom_vtol_plugin/include/custom_vtol_plugin/custom_vtol_plugin/msg/motor_commands.hpp
[1.517s] -- Up-to-date: /home/parsa/ws_ros2/install/custom_vtol_plugin/include/custom_vtol_plugin/custom_vtol_plugin
[1.517s] -- Up-to-date: /home/parsa/ws_ros2/install/custom_vtol_plugin/include/custom_vtol_plugin/custom_vtol_plugin/msg
[1.517s] -- Up-to-date: /home/parsa/ws_ros2/install/custom_vtol_plugin/include/custom_vtol_plugin/custom_vtol_plugin/msg/detail
[1.517s] -- Up-to-date: /home/parsa/ws_ros2/install/custom_vtol_plugin/include/custom_vtol_plugin/custom_vtol_plugin/msg/detail/dds_fastrtps
[1.518s] -- Up-to-date: /home/parsa/ws_ros2/install/custom_vtol_plugin/include/custom_vtol_plugin/custom_vtol_plugin/msg/detail/motor_commands__rosidl_typesupport_fastrtps_cpp.hpp
[1.518s] -- Up-to-date: /home/parsa/ws_ros2/install/custom_vtol_plugin/include/custom_vtol_plugin/custom_vtol_plugin/msg/rosidl_typesupport_fastrtps_cpp__visibility_control.h
[1.518s] -- Up-to-date: /home/parsa/ws_ros2/install/custom_vtol_plugin/lib/libcustom_vtol_plugin__rosidl_typesupport_fastrtps_cpp.so
[1.518s] -- Up-to-date: /home/parsa/ws_ros2/install/custom_vtol_plugin/include/custom_vtol_plugin/custom_vtol_plugin
[1.518s] -- Up-to-date: /home/parsa/ws_ros2/install/custom_vtol_plugin/include/custom_vtol_plugin/custom_vtol_plugin/msg
[1.518s] -- Up-to-date: /home/parsa/ws_ros2/install/custom_vtol_plugin/include/custom_vtol_plugin/custom_vtol_plugin/msg/detail
[1.519s] -- Up-to-date: /home/parsa/ws_ros2/install/custom_vtol_plugin/include/custom_vtol_plugin/custom_vtol_plugin/msg/detail/motor_commands__rosidl_typesupport_introspection_c.h
[1.519s] -- Up-to-date: /home/parsa/ws_ros2/install/custom_vtol_plugin/include/custom_vtol_plugin/custom_vtol_plugin/msg/detail/motor_commands__type_support.c
[1.519s] -- Up-to-date: /home/parsa/ws_ros2/install/custom_vtol_plugin/include/custom_vtol_plugin/custom_vtol_plugin/msg/rosidl_typesupport_introspection_c__visibility_control.h
[1.520s] -- Up-to-date: /home/parsa/ws_ros2/install/custom_vtol_plugin/lib/libcustom_vtol_plugin__rosidl_typesupport_introspection_c.so
[1.520s] -- Up-to-date: /home/parsa/ws_ros2/install/custom_vtol_plugin/lib/libcustom_vtol_plugin__rosidl_typesupport_c.so
[1.520s] -- Up-to-date: /home/parsa/ws_ros2/install/custom_vtol_plugin/include/custom_vtol_plugin/custom_vtol_plugin
[1.520s] -- Up-to-date: /home/parsa/ws_ros2/install/custom_vtol_plugin/include/custom_vtol_plugin/custom_vtol_plugin/msg
[1.520s] -- Up-to-date: /home/parsa/ws_ros2/install/custom_vtol_plugin/include/custom_vtol_plugin/custom_vtol_plugin/msg/detail
[1.520s] -- Up-to-date: /home/parsa/ws_ros2/install/custom_vtol_plugin/include/custom_vtol_plugin/custom_vtol_plugin/msg/detail/motor_commands__rosidl_typesupport_introspection_cpp.hpp
[1.520s] -- Up-to-date: /home/parsa/ws_ros2/install/custom_vtol_plugin/include/custom_vtol_plugin/custom_vtol_plugin/msg/detail/motor_commands__type_support.cpp
[1.521s] -- Up-to-date: /home/parsa/ws_ros2/install/custom_vtol_plugin/lib/libcustom_vtol_plugin__rosidl_typesupport_introspection_cpp.so
[1.521s] -- Up-to-date: /home/parsa/ws_ros2/install/custom_vtol_plugin/lib/libcustom_vtol_plugin__rosidl_typesupport_cpp.so
[1.522s] -- Up-to-date: /home/parsa/ws_ros2/install/custom_vtol_plugin/share/custom_vtol_plugin/environment/pythonpath.sh
[1.522s] -- Up-to-date: /home/parsa/ws_ros2/install/custom_vtol_plugin/share/custom_vtol_plugin/environment/pythonpath.dsv
[1.522s] -- Up-to-date: /home/parsa/ws_ros2/install/custom_vtol_plugin/local/lib/python3.10/dist-packages/custom_vtol_plugin-0.0.1-py3.10.egg-info
[1.522s] -- Installing: /home/parsa/ws_ros2/install/custom_vtol_plugin/local/lib/python3.10/dist-packages/custom_vtol_plugin-0.0.1-py3.10.egg-info/dependency_links.txt
[1.522s] -- Installing: /home/parsa/ws_ros2/install/custom_vtol_plugin/local/lib/python3.10/dist-packages/custom_vtol_plugin-0.0.1-py3.10.egg-info/PKG-INFO
[1.523s] -- Installing: /home/parsa/ws_ros2/install/custom_vtol_plugin/local/lib/python3.10/dist-packages/custom_vtol_plugin-0.0.1-py3.10.egg-info/SOURCES.txt
[1.523s] -- Installing: /home/parsa/ws_ros2/install/custom_vtol_plugin/local/lib/python3.10/dist-packages/custom_vtol_plugin-0.0.1-py3.10.egg-info/top_level.txt
[1.524s] -- Up-to-date: /home/parsa/ws_ros2/install/custom_vtol_plugin/local/lib/python3.10/dist-packages/custom_vtol_plugin
[1.524s] -- Up-to-date: /home/parsa/ws_ros2/install/custom_vtol_plugin/local/lib/python3.10/dist-packages/custom_vtol_plugin/_custom_vtol_plugin_s.ep.rosidl_typesupport_introspection_c.c
[1.524s] -- Up-to-date: /home/parsa/ws_ros2/install/custom_vtol_plugin/local/lib/python3.10/dist-packages/custom_vtol_plugin/libcustom_vtol_plugin__rosidl_generator_py.so
[1.525s] -- Up-to-date: /home/parsa/ws_ros2/install/custom_vtol_plugin/local/lib/python3.10/dist-packages/custom_vtol_plugin/custom_vtol_plugin_s__rosidl_typesupport_fastrtps_c.cpython-310-x86_64-linux-gnu.so
[1.525s] -- Up-to-date: /home/parsa/ws_ros2/install/custom_vtol_plugin/local/lib/python3.10/dist-packages/custom_vtol_plugin/_custom_vtol_plugin_s.ep.rosidl_typesupport_c.c
[1.525s] -- Up-to-date: /home/parsa/ws_ros2/install/custom_vtol_plugin/local/lib/python3.10/dist-packages/custom_vtol_plugin/msg
[1.525s] -- Up-to-date: /home/parsa/ws_ros2/install/custom_vtol_plugin/local/lib/python3.10/dist-packages/custom_vtol_plugin/msg/__init__.py
[1.525s] -- Up-to-date: /home/parsa/ws_ros2/install/custom_vtol_plugin/local/lib/python3.10/dist-packages/custom_vtol_plugin/msg/_motor_commands.py
[1.525s] -- Up-to-date: /home/parsa/ws_ros2/install/custom_vtol_plugin/local/lib/python3.10/dist-packages/custom_vtol_plugin/msg/_motor_commands_s.c
[1.525s] -- Up-to-date: /home/parsa/ws_ros2/install/custom_vtol_plugin/local/lib/python3.10/dist-packages/custom_vtol_plugin/__init__.py
[1.525s] -- Up-to-date: /home/parsa/ws_ros2/install/custom_vtol_plugin/local/lib/python3.10/dist-packages/custom_vtol_plugin/_custom_vtol_plugin_s.ep.rosidl_typesupport_fastrtps_c.c
[1.525s] -- Up-to-date: /home/parsa/ws_ros2/install/custom_vtol_plugin/local/lib/python3.10/dist-packages/custom_vtol_plugin/custom_vtol_plugin_s__rosidl_typesupport_introspection_c.cpython-310-x86_64-linux-gnu.so
[1.526s] -- Up-to-date: /home/parsa/ws_ros2/install/custom_vtol_plugin/local/lib/python3.10/dist-packages/custom_vtol_plugin/custom_vtol_plugin_s__rosidl_typesupport_c.cpython-310-x86_64-linux-gnu.so
[1.585s] Listing '/home/parsa/ws_ros2/install/custom_vtol_plugin/local/lib/python3.10/dist-packages/custom_vtol_plugin'...
[1.585s] Listing '/home/parsa/ws_ros2/install/custom_vtol_plugin/local/lib/python3.10/dist-packages/custom_vtol_plugin/msg'...
[1.594s] -- Up-to-date: /home/parsa/ws_ros2/install/custom_vtol_plugin/local/lib/python3.10/dist-packages/custom_vtol_plugin/custom_vtol_plugin_s__rosidl_typesupport_fastrtps_c.cpython-310-x86_64-linux-gnu.so
[1.594s] -- Up-to-date: /home/parsa/ws_ros2/install/custom_vtol_plugin/local/lib/python3.10/dist-packages/custom_vtol_plugin/custom_vtol_plugin_s__rosidl_typesupport_introspection_c.cpython-310-x86_64-linux-gnu.so
[1.594s] -- Up-to-date: /home/parsa/ws_ros2/install/custom_vtol_plugin/local/lib/python3.10/dist-packages/custom_vtol_plugin/custom_vtol_plugin_s__rosidl_typesupport_c.cpython-310-x86_64-linux-gnu.so
[1.594s] -- Up-to-date: /home/parsa/ws_ros2/install/custom_vtol_plugin/lib/libcustom_vtol_plugin__rosidl_generator_py.so
[1.595s] -- Up-to-date: /home/parsa/ws_ros2/install/custom_vtol_plugin/share/custom_vtol_plugin/msg/MotorCommands.idl
[1.595s] -- Up-to-date: /home/parsa/ws_ros2/install/custom_vtol_plugin/share/custom_vtol_plugin/msg/MotorCommands.msg
[1.596s] -- Up-to-date: /home/parsa/ws_ros2/install/custom_vtol_plugin/lib/custom_vtol_plugin/libmotor_controller_plugin.so
[1.596s] -- Up-to-date: /home/parsa/ws_ros2/install/custom_vtol_plugin/include/custom_vtol_plugin
[1.596s] -- Up-to-date: /home/parsa/ws_ros2/install/custom_vtol_plugin/include/custom_vtol_plugin/custom_vtol_plugin
[1.596s] -- Up-to-date: /home/parsa/ws_ros2/install/custom_vtol_plugin/include/custom_vtol_plugin/custom_vtol_plugin/msg
[1.597s] -- Up-to-date: /home/parsa/ws_ros2/install/custom_vtol_plugin/include/custom_vtol_plugin/custom_vtol_plugin/msg/detail
[1.597s] -- Up-to-date: /home/parsa/ws_ros2/install/custom_vtol_plugin/include/custom_vtol_plugin/custom_vtol_plugin/msg/detail/motor_commands__struct.hpp
[1.598s] -- Up-to-date: /home/parsa/ws_ros2/install/custom_vtol_plugin/include/custom_vtol_plugin/custom_vtol_plugin/msg/detail/motor_commands__builder.hpp
[1.599s] -- Up-to-date: /home/parsa/ws_ros2/install/custom_vtol_plugin/include/custom_vtol_plugin/custom_vtol_plugin/msg/detail/motor_commands__type_support.hpp
[1.599s] -- Up-to-date: /home/parsa/ws_ros2/install/custom_vtol_plugin/include/custom_vtol_plugin/custom_vtol_plugin/msg/detail/motor_commands__traits.hpp
[1.601s] -- Up-to-date: /home/parsa/ws_ros2/install/custom_vtol_plugin/include/custom_vtol_plugin/custom_vtol_plugin/msg/rosidl_generator_cpp__visibility_control.hpp
[1.601s] -- Up-to-date: /home/parsa/ws_ros2/install/custom_vtol_plugin/include/custom_vtol_plugin/custom_vtol_plugin/msg/motor_commands.hpp
[1.601s] -- Up-to-date: /home/parsa/ws_ros2/install/custom_vtol_plugin/lib/custom_vtol_plugin/hover_publisher.py
[1.601s] -- Installing: /home/parsa/ws_ros2/install/custom_vtol_plugin/lib/custom_vtol_plugin/hover_control.py
[1.602s] -- Up-to-date: /home/parsa/ws_ros2/install/custom_vtol_plugin/share/ament_index/resource_index/package_run_dependencies/custom_vtol_plugin
[1.602s] -- Up-to-date: /home/parsa/ws_ros2/install/custom_vtol_plugin/share/ament_index/resource_index/parent_prefix_path/custom_vtol_plugin
[1.602s] -- Up-to-date: /home/parsa/ws_ros2/install/custom_vtol_plugin/share/custom_vtol_plugin/environment/ament_prefix_path.sh
[1.602s] -- Up-to-date: /home/parsa/ws_ros2/install/custom_vtol_plugin/share/custom_vtol_plugin/environment/ament_prefix_path.dsv
[1.602s] -- Up-to-date: /home/parsa/ws_ros2/install/custom_vtol_plugin/share/custom_vtol_plugin/environment/path.sh
[1.602s] -- Up-to-date: /home/parsa/ws_ros2/install/custom_vtol_plugin/share/custom_vtol_plugin/environment/path.dsv
[1.602s] -- Up-to-date: /home/parsa/ws_ros2/install/custom_vtol_plugin/share/custom_vtol_plugin/local_setup.bash
[1.603s] -- Up-to-date: /home/parsa/ws_ros2/install/custom_vtol_plugin/share/custom_vtol_plugin/local_setup.sh
[1.603s] -- Up-to-date: /home/parsa/ws_ros2/install/custom_vtol_plugin/share/custom_vtol_plugin/local_setup.zsh
[1.604s] -- Up-to-date: /home/parsa/ws_ros2/install/custom_vtol_plugin/share/custom_vtol_plugin/local_setup.dsv
[1.604s] -- Installing: /home/parsa/ws_ros2/install/custom_vtol_plugin/share/custom_vtol_plugin/package.dsv
[1.604s] -- Up-to-date: /home/parsa/ws_ros2/install/custom_vtol_plugin/share/ament_index/resource_index/packages/custom_vtol_plugin
[1.604s] -- Up-to-date: /home/parsa/ws_ros2/install/custom_vtol_plugin/share/custom_vtol_plugin/cmake/export_custom_vtol_plugin__rosidl_generator_cExport.cmake
[1.604s] -- Up-to-date: /home/parsa/ws_ros2/install/custom_vtol_plugin/share/custom_vtol_plugin/cmake/export_custom_vtol_plugin__rosidl_generator_cExport-noconfig.cmake
[1.605s] -- Up-to-date: /home/parsa/ws_ros2/install/custom_vtol_plugin/share/custom_vtol_plugin/cmake/export_custom_vtol_plugin__rosidl_typesupport_fastrtps_cExport.cmake
[1.605s] -- Up-to-date: /home/parsa/ws_ros2/install/custom_vtol_plugin/share/custom_vtol_plugin/cmake/export_custom_vtol_plugin__rosidl_typesupport_fastrtps_cExport-noconfig.cmake
[1.606s] -- Up-to-date: /home/parsa/ws_ros2/install/custom_vtol_plugin/share/custom_vtol_plugin/cmake/export_custom_vtol_plugin__rosidl_generator_cppExport.cmake
[1.606s] -- Up-to-date: /home/parsa/ws_ros2/install/custom_vtol_plugin/share/custom_vtol_plugin/cmake/export_custom_vtol_plugin__rosidl_typesupport_fastrtps_cppExport.cmake
[1.606s] -- Up-to-date: /home/parsa/ws_ros2/install/custom_vtol_plugin/share/custom_vtol_plugin/cmake/export_custom_vtol_plugin__rosidl_typesupport_fastrtps_cppExport-noconfig.cmake
[1.606s] -- Up-to-date: /home/parsa/ws_ros2/install/custom_vtol_plugin/share/custom_vtol_plugin/cmake/custom_vtol_plugin__rosidl_typesupport_introspection_cExport.cmake
[1.607s] -- Up-to-date: /home/parsa/ws_ros2/install/custom_vtol_plugin/share/custom_vtol_plugin/cmake/custom_vtol_plugin__rosidl_typesupport_introspection_cExport-noconfig.cmake
[1.607s] -- Up-to-date: /home/parsa/ws_ros2/install/custom_vtol_plugin/share/custom_vtol_plugin/cmake/custom_vtol_plugin__rosidl_typesupport_cExport.cmake
[1.607s] -- Up-to-date: /home/parsa/ws_ros2/install/custom_vtol_plugin/share/custom_vtol_plugin/cmake/custom_vtol_plugin__rosidl_typesupport_cExport-noconfig.cmake
[1.608s] -- Up-to-date: /home/parsa/ws_ros2/install/custom_vtol_plugin/share/custom_vtol_plugin/cmake/custom_vtol_plugin__rosidl_typesupport_introspection_cppExport.cmake
[1.609s] -- Up-to-date: /home/parsa/ws_ros2/install/custom_vtol_plugin/share/custom_vtol_plugin/cmake/custom_vtol_plugin__rosidl_typesupport_introspection_cppExport-noconfig.cmake
[1.609s] -- Up-to-date: /home/parsa/ws_ros2/install/custom_vtol_plugin/share/custom_vtol_plugin/cmake/custom_vtol_plugin__rosidl_typesupport_cppExport.cmake
[1.609s] -- Up-to-date: /home/parsa/ws_ros2/install/custom_vtol_plugin/share/custom_vtol_plugin/cmake/custom_vtol_plugin__rosidl_typesupport_cppExport-noconfig.cmake
[1.609s] -- Up-to-date: /home/parsa/ws_ros2/install/custom_vtol_plugin/share/custom_vtol_plugin/cmake/export_custom_vtol_plugin__rosidl_generator_pyExport.cmake
[1.610s] -- Up-to-date: /home/parsa/ws_ros2/install/custom_vtol_plugin/share/custom_vtol_plugin/cmake/export_custom_vtol_plugin__rosidl_generator_pyExport-noconfig.cmake
[1.610s] -- Up-to-date: /home/parsa/ws_ros2/install/custom_vtol_plugin/share/custom_vtol_plugin/cmake/rosidl_cmake-extras.cmake
[1.610s] -- Up-to-date: /home/parsa/ws_ros2/install/custom_vtol_plugin/share/custom_vtol_plugin/cmake/ament_cmake_export_dependencies-extras.cmake
[1.611s] -- Up-to-date: /home/parsa/ws_ros2/install/custom_vtol_plugin/share/custom_vtol_plugin/cmake/ament_cmake_export_include_directories-extras.cmake
[1.611s] -- Up-to-date: /home/parsa/ws_ros2/install/custom_vtol_plugin/share/custom_vtol_plugin/cmake/ament_cmake_export_libraries-extras.cmake
[1.611s] -- Up-to-date: /home/parsa/ws_ros2/install/custom_vtol_plugin/share/custom_vtol_plugin/cmake/ament_cmake_export_targets-extras.cmake
[1.611s] -- Up-to-date: /home/parsa/ws_ros2/install/custom_vtol_plugin/share/custom_vtol_plugin/cmake/rosidl_cmake_export_typesupport_targets-extras.cmake
[1.611s] -- Up-to-date: /home/parsa/ws_ros2/install/custom_vtol_plugin/share/custom_vtol_plugin/cmake/rosidl_cmake_export_typesupport_libraries-extras.cmake
[1.611s] -- Up-to-date: /home/parsa/ws_ros2/install/custom_vtol_plugin/share/custom_vtol_plugin/cmake/custom_vtol_pluginConfig.cmake
[1.612s] -- Up-to-date: /home/parsa/ws_ros2/install/custom_vtol_plugin/share/custom_vtol_plugin/cmake/custom_vtol_pluginConfig-version.cmake
[1.612s] -- Up-to-date: /home/parsa/ws_ros2/install/custom_vtol_plugin/share/custom_vtol_plugin/package.xml
[1.613s] Invoked command in '/home/parsa/ws_ros2/build/custom_vtol_plugin' returned '0': CMAKE_PREFIX_PATH=${CMAKE_PREFIX_PATH}:/opt/ros/humble /usr/bin/cmake --install /home/parsa/ws_ros2/build/custom_vtol_plugin
