[0.028s] Invoking command in '/home/parsa/ws_ros2/build/custom_vtol_plugin': CMAKE_PREFIX_PATH=${CMAKE_PREFIX_PATH}:/opt/ros/humble /usr/bin/cmake /home/parsa/ws_ros2/src/custom_vtol_plugin -DCMAKE_INSTALL_PREFIX=/home/parsa/ws_ros2/install/custom_vtol_plugin
[0.042s] -- Found ament_cmake: 1.3.12 (/opt/ros/humble/share/ament_cmake/cmake)
[0.257s] -- Found rclcpp: 16.0.15 (/opt/ros/humble/share/rclcpp/cmake)
[0.306s] -- Found rosidl_generator_c: 3.1.7 (/opt/ros/humble/share/rosidl_generator_c/cmake)
[0.310s] -- Found rosidl_adapter: 3.1.7 (/opt/ros/humble/share/rosidl_adapter/cmake)
[0.323s] -- Found rosidl_generator_cpp: 3.1.7 (/opt/ros/humble/share/rosidl_generator_cpp/cmake)
[0.340s] -- Using all available rosidl_typesupport_c: rosidl_typesupport_fastrtps_c;rosidl_typesupport_introspection_c
[0.360s] -- Using all available rosidl_typesupport_cpp: rosidl_typesupport_fastrtps_cpp;rosidl_typesupport_introspection_cpp
[0.413s] -- Found rmw_implementation_cmake: 6.1.2 (/opt/ros/humble/share/rmw_implementation_cmake/cmake)
[0.415s] -- Found rmw_fastrtps_cpp: 6.2.9 (/opt/ros/humble/share/rmw_fastrtps_cpp/cmake)
[0.584s] -- Using RMW implementation 'rmw_fastrtps_cpp' as default
[0.667s] -- Found ros_gz_sim: 0.244.20 (/opt/ros/humble/share/ros_gz_sim/cmake)
[0.677s] -- Looking for gz-sim8 -- found version 8.10.0
[0.678s] -- Searching for dependencies of gz-sim8
[0.678s] -- Looking for sdformat14 -- found version 14.8.0
[0.679s] -- Searching for dependencies of sdformat14
[0.686s] -- Checking for module 'tinyxml2'
[0.702s] --   Found tinyxml2, version 9.0.0
[0.744s] -- Looking for gz-math7 -- found version 7.5.1
[0.745s] -- Searching for dependencies of gz-math7
[0.745s] -- Looking for gz-utils2 -- found version 2.2.1
[0.746s] -- Searching for dependencies of gz-utils2
[0.749s] -- Looking for gz-utils2 -- found version 2.2.1
[0.751s] -- Searching for dependencies of gz-utils2
[0.751s] -- Searching for <gz-utils2> component [cli]
[0.751s] -- Looking for gz-utils2-cli -- found version 2.2.1
[0.751s] -- Searching for dependencies of gz-utils2-cli
[0.756s] -- Looking for gz-plugin2 -- found version 2.0.4
[0.756s] -- Searching for dependencies of gz-plugin2
[0.756s] -- Looking for gz-utils2 -- found version 2.2.1
[0.757s] -- Searching for <gz-plugin2> component [loader]
[0.757s] -- Looking for gz-plugin2-loader -- found version 2.0.4
[0.757s] -- Searching for dependencies of gz-plugin2-loader
[0.757s] -- Searching for <gz-plugin2> component [register]
[0.757s] -- Looking for gz-plugin2-register -- found version 2.0.4
[0.759s] -- Searching for dependencies of gz-plugin2-register
[0.759s] -- Looking for gz-transport13 -- found version 13.5.0
[0.760s] -- Searching for dependencies of gz-transport13
[0.811s] -- Config-file not installed for ZeroMQ -- checking for pkg-config
[0.817s] -- Checking for module 'libzmq >= 4'
[0.836s] --   Found libzmq , version 4.3.4
[0.902s] -- Checking for module 'uuid'
[0.919s] --   Found uuid, version 2.37.2
[0.965s] -- Looking for gz-utils2 -- found version 2.2.1
[0.965s] -- Looking for gz-msgs10 -- found version 10.3.2
[0.966s] -- Searching for dependencies of gz-msgs10
[0.996s] -- Looking for gz-utils2 -- found version 2.2.1
[0.997s] -- Looking for gz-math7 -- found version 7.5.1
[1.007s] -- Searching for <gz-transport13> component [log]
[1.008s] -- Looking for gz-transport13-log -- found version 13.5.0
[1.008s] -- Searching for dependencies of gz-transport13-log
[1.009s] -- Searching for <gz-transport13> component [parameters]
[1.010s] -- Looking for gz-transport13-parameters -- found version 13.5.0
[1.010s] -- Searching for dependencies of gz-transport13-parameters
[1.012s] -- Looking for gz-msgs10 -- found version 10.3.2
[1.012s] -- Looking for gz-common5 -- found version 5.7.1
[1.013s] -- Searching for dependencies of gz-common5
[1.014s] -- Looking for gz-utils2 -- found version 2.2.1
[1.014s] -- Looking for dlfcn.h - found
[1.014s] -- Looking for libdl - found
[1.028s] -- Searching for <gz-common5> component [av]
[1.030s] -- Looking for gz-common5-av -- found version 5.7.1
[1.030s] -- Searching for dependencies of gz-common5-av
[1.036s] -- Checking for module 'libswscale'
[1.054s] --   Found libswscale, version 5.9.100
[1.103s] -- Checking for module 'libavdevice >= 56.4.100'
[1.122s] --   Found libavdevice , version 58.13.100
[1.176s] -- Checking for module 'libavformat'
[1.192s] --   Found libavformat, version 58.76.100
[1.253s] -- Checking for module 'libavcodec'
[1.270s] --   Found libavcodec, version 58.134.100
[1.320s] -- Checking for module 'libavutil'
[1.338s] --   Found libavutil, version 56.70.100
[1.385s] -- Searching for <gz-common5> component [events]
[1.386s] -- Looking for gz-common5-events -- found version 5.7.1
[1.386s] -- Searching for dependencies of gz-common5-events
[1.387s] -- Looking for gz-math7 -- found version 7.5.1
[1.388s] -- Searching for <gz-common5> component [graphics]
[1.389s] -- Looking for gz-common5-graphics -- found version 5.7.1
[1.390s] -- Searching for dependencies of gz-common5-graphics
[1.390s] -- Looking for gz-math7 -- found version 7.5.1
[1.395s] -- Searching for <gz-common5> component [io]
[1.396s] -- Looking for gz-common5-io -- found version 5.7.1
[1.397s] -- Searching for dependencies of gz-common5-io
[1.398s] -- Searching for <gz-common5> component [profiler]
[1.399s] -- Looking for gz-common5-profiler -- found version 5.7.1
[1.400s] -- Searching for dependencies of gz-common5-profiler
[1.402s] -- Looking for gz-fuel_tools9 -- found version 9.1.1
[1.404s] -- Searching for dependencies of gz-fuel_tools9
[1.462s] -- Checking for module 'jsoncpp'
[1.480s] --   Found jsoncpp, version 1.9.5
[1.541s] -- Checking for module 'libzip'
[1.564s] --   Found libzip, version 1.7.3
[1.610s] -- Looking for gz-utils2 -- found version 2.2.1
[1.611s] -- Looking for gz-common5 -- found version 5.7.1
[1.612s] -- Searching for dependencies of gz-common5
[1.613s] -- Looking for gz-utils2 -- found version 2.2.1
[1.613s] -- Looking for dlfcn.h - found
[1.614s] -- Looking for libdl - found
[1.622s] -- Searching for <gz-common5> component [testing]
[1.628s] -- Looking for gz-common5-testing -- found version 5.7.1
[1.628s] -- Searching for dependencies of gz-common5-testing
[1.630s] -- Looking for gz-math7 -- found version 7.5.1
[1.630s] -- Looking for gz-msgs10 -- found version 10.3.2
[1.631s] -- Looking for gz-gui8 -- found version 8.4.0
[1.631s] -- Searching for dependencies of gz-gui8
[1.668s] -- Looking for gz-utils2 -- found version 2.2.1
[1.669s] -- Looking for gz-math7 -- found version 7.5.1
[1.669s] -- Looking for gz-common5 -- found version 5.7.1
[1.669s] -- Looking for gz-plugin2 -- found version 2.0.4
[1.669s] -- Looking for gz-transport13 -- found version 13.5.0
[1.670s] -- Looking for gz-rendering8 -- found version 8.2.2
[1.671s] -- Searching for dependencies of gz-rendering8
[1.671s] -- Looking for gz-math7 -- found version 7.5.1
[1.672s] -- Searching for dependencies of gz-math7
[1.672s] -- Looking for gz-utils2 -- found version 2.2.1
[1.675s] -- Searching for <gz-math7> component [eigen3]
[1.675s] -- Looking for gz-math7-eigen3 -- found version 7.5.1
[1.675s] -- Searching for dependencies of gz-math7-eigen3
[1.676s] -- Looking for gz-common5 -- found version 5.7.1
[1.677s] -- Searching for dependencies of gz-common5
[1.678s] -- Looking for gz-utils2 -- found version 2.2.1
[1.678s] -- Looking for dlfcn.h - found
[1.678s] -- Looking for libdl - found
[1.690s] -- Searching for <gz-common5> component [graphics]
[1.690s] -- Searching for <gz-common5> component [events]
[1.691s] -- Searching for <gz-common5> component [geospatial]
[1.692s] -- Looking for gz-common5-geospatial -- found version 5.7.1
[1.693s] -- Searching for dependencies of gz-common5-geospatial
[1.694s] -- Looking for gz-math7 -- found version 7.5.1
[1.694s] -- Looking for gz-common5 -- found version 5.7.1
[1.696s] -- Looking for gz-plugin2 -- found version 2.0.4
[1.697s] -- Searching for dependencies of gz-plugin2
[1.697s] -- Looking for gz-utils2 -- found version 2.2.1
[1.698s] -- Searching for <gz-plugin2> component [all]
[1.699s] -- Looking for all libraries of gz-plugin2 -- found version 2.0.4
[1.699s] -- Looking for gz-plugin2 -- found version 2.0.4
[1.701s] -- Looking for gz-utils2 -- found version 2.2.1
[1.706s] -- Looking for gz-msgs10 -- found version 10.3.2
[1.730s] -- Looking for gz-physics7 -- found version 7.6.0
[1.734s] -- Searching for dependencies of gz-physics7
[1.735s] -- Looking for gz-common5 -- found version 5.7.1
[1.736s] -- Looking for gz-math7 -- found version 7.5.1
[1.737s] -- Looking for gz-plugin2 -- found version 2.0.4
[1.738s] -- Looking for gz-utils2 -- found version 2.2.1
[1.742s] -- Searching for <gz-physics7> component [heightmap]
[1.742s] -- Looking for gz-physics7-heightmap -- found version 7.6.0
[1.743s] -- Searching for dependencies of gz-physics7-heightmap
[1.744s] -- Looking for gz-common5 -- found version 5.7.1
[1.745s] -- Searching for <gz-physics7> component [mesh]
[1.749s] -- Looking for gz-physics7-mesh -- found version 7.6.0
[1.750s] -- Searching for dependencies of gz-physics7-mesh
[1.751s] -- Looking for gz-common5 -- found version 5.7.1
[1.752s] -- Searching for <gz-physics7> component [sdf]
[1.754s] -- Looking for gz-physics7-sdf -- found version 7.6.0
[1.755s] -- Searching for dependencies of gz-physics7-sdf
[1.757s] -- Looking for sdformat14 -- found version 14.8.0
[1.759s] -- Looking for gz-sensors8 -- found version 8.2.2
[1.763s] -- Searching for dependencies of gz-sensors8
[1.795s] -- Looking for gz-math7 -- found version 7.5.1
[1.797s] -- Looking for gz-common5 -- found version 5.7.1
[1.798s] -- Looking for gz-transport13 -- found version 13.5.0
[1.798s] -- Looking for gz-rendering8 -- found version 8.2.2
[1.798s] -- Looking for gz-msgs10 -- found version 10.3.2
[1.799s] -- Looking for sdformat14 -- found version 14.8.0
[1.801s] -- Searching for <gz-sensors8> component [air_pressure]
[1.801s] -- Looking for gz-sensors8-air_pressure -- found version 8.2.2
[1.803s] -- Searching for dependencies of gz-sensors8-air_pressure
[1.804s] -- Searching for <gz-sensors8> component [air_speed]
[1.805s] -- Looking for gz-sensors8-air_speed -- found version 8.2.2
[1.806s] -- Searching for dependencies of gz-sensors8-air_speed
[1.807s] -- Searching for <gz-sensors8> component [altimeter]
[1.807s] -- Looking for gz-sensors8-altimeter -- found version 8.2.2
[1.808s] -- Searching for dependencies of gz-sensors8-altimeter
[1.809s] -- Searching for <gz-sensors8> component [imu]
[1.811s] -- Looking for gz-sensors8-imu -- found version 8.2.2
[1.811s] -- Searching for dependencies of gz-sensors8-imu
[1.813s] -- Searching for <gz-sensors8> component [force_torque]
[1.815s] -- Looking for gz-sensors8-force_torque -- found version 8.2.2
[1.816s] -- Searching for dependencies of gz-sensors8-force_torque
[1.817s] -- Searching for <gz-sensors8> component [logical_camera]
[1.818s] -- Looking for gz-sensors8-logical_camera -- found version 8.2.2
[1.819s] -- Searching for dependencies of gz-sensors8-logical_camera
[1.821s] -- Searching for <gz-sensors8> component [magnetometer]
[1.821s] -- Looking for gz-sensors8-magnetometer -- found version 8.2.2
[1.822s] -- Searching for dependencies of gz-sensors8-magnetometer
[1.824s] -- Searching for <gz-sensors8> component [navsat]
[1.824s] -- Looking for gz-sensors8-navsat -- found version 8.2.2
[1.826s] -- Searching for dependencies of gz-sensors8-navsat
[1.827s] -- Searching for <gz-sensors8> component [dvl]
[1.828s] -- Looking for gz-sensors8-dvl -- found version 8.2.2
[1.829s] -- Searching for dependencies of gz-sensors8-dvl
[1.830s] -- Looking for gz-sensors8 -- found version 8.2.2
[1.831s] -- Searching for dependencies of gz-sensors8
[1.878s] -- Looking for gz-math7 -- found version 7.5.1
[1.879s] -- Looking for gz-common5 -- found version 5.7.1
[1.881s] -- Looking for gz-transport13 -- found version 13.5.0
[1.881s] -- Looking for gz-rendering8 -- found version 8.2.2
[1.882s] -- Looking for gz-msgs10 -- found version 10.3.2
[1.883s] -- Looking for sdformat14 -- found version 14.8.0
[1.884s] -- Searching for <gz-sensors8> component [rendering]
[1.884s] -- Looking for gz-sensors8-rendering -- found version 8.2.2
[1.886s] -- Searching for dependencies of gz-sensors8-rendering
[1.888s] -- Searching for <gz-sensors8> component [rendering]
[1.889s] -- Searching for <gz-sensors8> component [lidar]
[1.889s] -- Looking for gz-sensors8-lidar -- found version 8.2.2
[1.891s] -- Searching for dependencies of gz-sensors8-lidar
[1.891s] -- Looking for gz-sensors8 -- found version 8.2.2
[1.893s] -- Searching for <gz-sensors8> component [gpu_lidar]
[1.893s] -- Looking for gz-sensors8-gpu_lidar -- found version 8.2.2
[1.894s] -- Searching for dependencies of gz-sensors8-gpu_lidar
[1.895s] -- Looking for gz-sensors8 -- found version 8.2.2
[1.896s] -- Searching for <gz-sensors8> component [camera]
[1.906s] -- Looking for gz-sensors8-camera -- found version 8.2.2
[1.908s] -- Searching for dependencies of gz-sensors8-camera
[1.908s] -- Looking for gz-sensors8 -- found version 8.2.2
[1.908s] -- Searching for <gz-sensors8> component [boundingbox_camera]
[1.908s] -- Looking for gz-sensors8-boundingbox_camera -- found version 8.2.2
[1.910s] -- Searching for dependencies of gz-sensors8-boundingbox_camera
[1.911s] -- Searching for <gz-sensors8> component [segmentation_camera]
[1.911s] -- Looking for gz-sensors8-segmentation_camera -- found version 8.2.2
[1.912s] -- Searching for dependencies of gz-sensors8-segmentation_camera
[1.913s] -- Searching for <gz-sensors8> component [depth_camera]
[1.914s] -- Looking for gz-sensors8-depth_camera -- found version 8.2.2
[1.915s] -- Searching for dependencies of gz-sensors8-depth_camera
[1.915s] -- Looking for gz-sensors8 -- found version 8.2.2
[1.916s] -- Searching for <gz-sensors8> component [rgbd_camera]
[1.917s] -- Looking for gz-sensors8-rgbd_camera -- found version 8.2.2
[1.917s] -- Searching for dependencies of gz-sensors8-rgbd_camera
[1.918s] -- Looking for gz-sensors8 -- found version 8.2.2
[1.919s] -- Searching for <gz-sensors8> component [thermal_camera]
[1.919s] -- Looking for gz-sensors8-thermal_camera -- found version 8.2.2
[1.920s] -- Searching for dependencies of gz-sensors8-thermal_camera
[1.921s] -- Looking for gz-sensors8 -- found version 8.2.2
[1.921s] -- Searching for <gz-sensors8> component [wide_angle_camera]
[1.922s] -- Looking for gz-sensors8-wide_angle_camera -- found version 8.2.2
[1.923s] -- Searching for dependencies of gz-sensors8-wide_angle_camera
[1.924s] -- Looking for gz-rendering8 -- found version 8.2.2
[1.925s] -- Looking for gz-math7 -- found version 7.5.1
[1.926s] -- Looking for gz-utils2 -- found version 2.2.1
[1.966s] -- Looking for gz-math8 -- found version 8.2.0
[1.980s] -- Searching for dependencies of gz-math8
[1.980s] -- Looking for gz-utils3 -- found version 3.1.1
[1.980s] -- Searching for dependencies of gz-utils3
[1.980s] -- Looking for gz-common5 -- found version 5.7.1
[1.981s] -- Looking for gz-plugin2 -- found version 2.0.4
[1.983s] -- Looking for gz-msgs9 -- found version 9.5.1
[1.984s] -- Searching for dependencies of gz-msgs9
[2.014s] -- Looking for gz-math7 -- found version 7.5.1
[2.027s] -- Found rosidl_default_generators: 1.2.0 (/opt/ros/humble/share/rosidl_default_generators/cmake)
[2.892s] -- Found ament_cmake_ros: 0.10.0 (/opt/ros/humble/share/ament_cmake_ros/cmake)
[3.411s] -- Using all available rosidl_typesupport_c: rosidl_typesupport_fastrtps_c;rosidl_typesupport_introspection_c
[3.704s] -- Using all available rosidl_typesupport_cpp: rosidl_typesupport_fastrtps_cpp;rosidl_typesupport_introspection_cpp
[3.748s] -- Found python_cmake_module: 0.10.0 (/opt/ros/humble/share/python_cmake_module/cmake)
[3.789s] -- Using PYTHON_EXECUTABLE: /usr/bin/python3
[3.790s] -- Using PYTHON_INCLUDE_DIRS: /usr/include/python3.10
[3.790s] -- Using PYTHON_LIBRARIES: /usr/lib/x86_64-linux-gnu/libpython3.10.so
[3.892s] -- Configuring done
[4.004s] -- Generating done
[4.032s] -- Build files have been written to: /home/parsa/ws_ros2/build/custom_vtol_plugin
[4.062s] Invoked command in '/home/parsa/ws_ros2/build/custom_vtol_plugin' returned '0': CMAKE_PREFIX_PATH=${CMAKE_PREFIX_PATH}:/opt/ros/humble /usr/bin/cmake /home/parsa/ws_ros2/src/custom_vtol_plugin -DCMAKE_INSTALL_PREFIX=/home/parsa/ws_ros2/install/custom_vtol_plugin
[4.063s] Invoking command in '/home/parsa/ws_ros2/build/custom_vtol_plugin': CMAKE_PREFIX_PATH=${CMAKE_PREFIX_PATH}:/opt/ros/humble /usr/bin/cmake --build /home/parsa/ws_ros2/build/custom_vtol_plugin -- -j5 -l5
[4.133s] [35m[1mConsolidate compiler generated dependencies of target custom_vtol_plugin__rosidl_generator_c[0m
[4.156s] [  9%] Built target custom_vtol_plugin__rosidl_generator_c
[4.158s] [ 12%] Built target custom_vtol_plugin__cpp
[4.187s] [35m[1mConsolidate compiler generated dependencies of target custom_vtol_plugin__rosidl_typesupport_fastrtps_cpp[0m
[4.190s] [ 12%] Built target ament_cmake_python_copy_custom_vtol_plugin
[4.195s] [35m[1mConsolidate compiler generated dependencies of target custom_vtol_plugin__rosidl_typesupport_cpp[0m
[4.196s] [35m[1mConsolidate compiler generated dependencies of target custom_vtol_plugin__rosidl_typesupport_introspection_c[0m
[4.202s] [35m[1mConsolidate compiler generated dependencies of target custom_vtol_plugin__rosidl_typesupport_c[0m
[4.219s] [ 21%] Built target custom_vtol_plugin__rosidl_typesupport_fastrtps_cpp
[4.221s] [35m[1mConsolidate compiler generated dependencies of target custom_vtol_plugin__rosidl_typesupport_introspection_cpp[0m
[4.229s] [ 30%] Built target custom_vtol_plugin__rosidl_typesupport_introspection_c
[4.234s] [ 39%] Built target custom_vtol_plugin__rosidl_typesupport_c
[4.236s] [ 48%] Built target custom_vtol_plugin__rosidl_typesupport_cpp
[4.255s] [35m[1mConsolidate compiler generated dependencies of target motor_controller_plugin[0m
[4.259s] [35m[1mConsolidate compiler generated dependencies of target custom_vtol_plugin__rosidl_typesupport_fastrtps_c[0m
[4.262s] [ 57%] Built target custom_vtol_plugin__rosidl_typesupport_introspection_cpp
[4.298s] [ 66%] Built target custom_vtol_plugin__rosidl_typesupport_fastrtps_c
[4.312s] [ 69%] [32mBuilding CXX object CMakeFiles/motor_controller_plugin.dir/src/motor_controller_plugin.cpp.o[0m
[4.343s] [ 69%] Built target custom_vtol_plugin
[4.384s] [ 72%] Built target custom_vtol_plugin__py
[4.401s] [35m[1mConsolidate compiler generated dependencies of target custom_vtol_plugin__rosidl_generator_py[0m
[4.427s] [ 78%] Built target custom_vtol_plugin__rosidl_generator_py
[4.452s] [35m[1mConsolidate compiler generated dependencies of target custom_vtol_plugin__rosidl_typesupport_c__pyext[0m
[4.460s] [35m[1mConsolidate compiler generated dependencies of target custom_vtol_plugin__rosidl_typesupport_fastrtps_c__pyext[0m
[4.465s] [35m[1mConsolidate compiler generated dependencies of target custom_vtol_plugin__rosidl_typesupport_introspection_c__pyext[0m
[4.478s] [ 84%] Built target custom_vtol_plugin__rosidl_typesupport_c__pyext
[4.486s] [ 90%] Built target custom_vtol_plugin__rosidl_typesupport_introspection_c__pyext
[4.487s] [ 96%] Built target custom_vtol_plugin__rosidl_typesupport_fastrtps_c__pyext
[4.649s] running egg_info
[4.675s] writing custom_vtol_plugin.egg-info/PKG-INFO
[4.675s] writing dependency_links to custom_vtol_plugin.egg-info/dependency_links.txt
[4.676s] writing top-level names to custom_vtol_plugin.egg-info/top_level.txt
[4.749s] reading manifest file 'custom_vtol_plugin.egg-info/SOURCES.txt'
[4.751s] writing manifest file 'custom_vtol_plugin.egg-info/SOURCES.txt'
[4.793s] [ 96%] Built target ament_cmake_python_build_custom_vtol_plugin_egg
[33.723s] [100%] [32m[1mLinking CXX shared library libmotor_controller_plugin.so[0m
[34.882s] [100%] Built target motor_controller_plugin
[34.902s] Invoked command in '/home/parsa/ws_ros2/build/custom_vtol_plugin' returned '0': CMAKE_PREFIX_PATH=${CMAKE_PREFIX_PATH}:/opt/ros/humble /usr/bin/cmake --build /home/parsa/ws_ros2/build/custom_vtol_plugin -- -j5 -l5
[34.905s] Invoking command in '/home/parsa/ws_ros2/build/custom_vtol_plugin': CMAKE_PREFIX_PATH=${CMAKE_PREFIX_PATH}:/opt/ros/humble /usr/bin/cmake --install /home/parsa/ws_ros2/build/custom_vtol_plugin
[34.917s] -- Install configuration: ""
[34.918s] -- Up-to-date: /home/parsa/ws_ros2/install/custom_vtol_plugin/share/ament_index/resource_index/rosidl_interfaces/custom_vtol_plugin
[34.918s] -- Up-to-date: /home/parsa/ws_ros2/install/custom_vtol_plugin/include/custom_vtol_plugin/custom_vtol_plugin
[34.922s] -- Up-to-date: /home/parsa/ws_ros2/install/custom_vtol_plugin/include/custom_vtol_plugin/custom_vtol_plugin/msg
[34.923s] -- Up-to-date: /home/parsa/ws_ros2/install/custom_vtol_plugin/include/custom_vtol_plugin/custom_vtol_plugin/msg/rosidl_generator_c__visibility_control.h
[34.923s] -- Up-to-date: /home/parsa/ws_ros2/install/custom_vtol_plugin/include/custom_vtol_plugin/custom_vtol_plugin/msg/detail
[34.923s] -- Up-to-date: /home/parsa/ws_ros2/install/custom_vtol_plugin/include/custom_vtol_plugin/custom_vtol_plugin/msg/detail/motor_commands__struct.h
[34.923s] -- Up-to-date: /home/parsa/ws_ros2/install/custom_vtol_plugin/include/custom_vtol_plugin/custom_vtol_plugin/msg/detail/motor_commands__type_support.h
[34.923s] -- Up-to-date: /home/parsa/ws_ros2/install/custom_vtol_plugin/include/custom_vtol_plugin/custom_vtol_plugin/msg/detail/motor_commands__functions.c
[34.923s] -- Up-to-date: /home/parsa/ws_ros2/install/custom_vtol_plugin/include/custom_vtol_plugin/custom_vtol_plugin/msg/detail/motor_commands__functions.h
[34.923s] -- Up-to-date: /home/parsa/ws_ros2/install/custom_vtol_plugin/include/custom_vtol_plugin/custom_vtol_plugin/msg/motor_commands.h
[34.924s] -- Up-to-date: /home/parsa/ws_ros2/install/custom_vtol_plugin/share/custom_vtol_plugin/environment/library_path.sh
[34.924s] -- Installing: /home/parsa/ws_ros2/install/custom_vtol_plugin/share/custom_vtol_plugin/environment/library_path.dsv
[34.926s] -- Up-to-date: /home/parsa/ws_ros2/install/custom_vtol_plugin/lib/libcustom_vtol_plugin__rosidl_generator_c.so
[34.927s] -- Up-to-date: /home/parsa/ws_ros2/install/custom_vtol_plugin/include/custom_vtol_plugin/custom_vtol_plugin
[34.927s] -- Up-to-date: /home/parsa/ws_ros2/install/custom_vtol_plugin/include/custom_vtol_plugin/custom_vtol_plugin/msg
[34.927s] -- Up-to-date: /home/parsa/ws_ros2/install/custom_vtol_plugin/include/custom_vtol_plugin/custom_vtol_plugin/msg/rosidl_typesupport_fastrtps_c__visibility_control.h
[34.927s] -- Up-to-date: /home/parsa/ws_ros2/install/custom_vtol_plugin/include/custom_vtol_plugin/custom_vtol_plugin/msg/detail
[34.927s] -- Up-to-date: /home/parsa/ws_ros2/install/custom_vtol_plugin/include/custom_vtol_plugin/custom_vtol_plugin/msg/detail/motor_commands__rosidl_typesupport_fastrtps_c.h
[34.929s] -- Up-to-date: /home/parsa/ws_ros2/install/custom_vtol_plugin/lib/libcustom_vtol_plugin__rosidl_typesupport_fastrtps_c.so
[34.929s] -- Up-to-date: /home/parsa/ws_ros2/install/custom_vtol_plugin/include/custom_vtol_plugin/custom_vtol_plugin
[34.930s] -- Up-to-date: /home/parsa/ws_ros2/install/custom_vtol_plugin/include/custom_vtol_plugin/custom_vtol_plugin/msg
[34.930s] -- Up-to-date: /home/parsa/ws_ros2/install/custom_vtol_plugin/include/custom_vtol_plugin/custom_vtol_plugin/msg/detail
[34.930s] -- Up-to-date: /home/parsa/ws_ros2/install/custom_vtol_plugin/include/custom_vtol_plugin/custom_vtol_plugin/msg/detail/motor_commands__struct.hpp
[34.930s] -- Up-to-date: /home/parsa/ws_ros2/install/custom_vtol_plugin/include/custom_vtol_plugin/custom_vtol_plugin/msg/detail/motor_commands__builder.hpp
[34.931s] -- Up-to-date: /home/parsa/ws_ros2/install/custom_vtol_plugin/include/custom_vtol_plugin/custom_vtol_plugin/msg/detail/motor_commands__type_support.hpp
[34.931s] -- Up-to-date: /home/parsa/ws_ros2/install/custom_vtol_plugin/include/custom_vtol_plugin/custom_vtol_plugin/msg/detail/motor_commands__traits.hpp
[34.931s] -- Up-to-date: /home/parsa/ws_ros2/install/custom_vtol_plugin/include/custom_vtol_plugin/custom_vtol_plugin/msg/rosidl_generator_cpp__visibility_control.hpp
[34.931s] -- Up-to-date: /home/parsa/ws_ros2/install/custom_vtol_plugin/include/custom_vtol_plugin/custom_vtol_plugin/msg/motor_commands.hpp
[34.931s] -- Up-to-date: /home/parsa/ws_ros2/install/custom_vtol_plugin/include/custom_vtol_plugin/custom_vtol_plugin
[34.931s] -- Up-to-date: /home/parsa/ws_ros2/install/custom_vtol_plugin/include/custom_vtol_plugin/custom_vtol_plugin/msg
[34.931s] -- Up-to-date: /home/parsa/ws_ros2/install/custom_vtol_plugin/include/custom_vtol_plugin/custom_vtol_plugin/msg/detail
[34.931s] -- Up-to-date: /home/parsa/ws_ros2/install/custom_vtol_plugin/include/custom_vtol_plugin/custom_vtol_plugin/msg/detail/dds_fastrtps
[34.932s] -- Up-to-date: /home/parsa/ws_ros2/install/custom_vtol_plugin/include/custom_vtol_plugin/custom_vtol_plugin/msg/detail/motor_commands__rosidl_typesupport_fastrtps_cpp.hpp
[34.932s] -- Up-to-date: /home/parsa/ws_ros2/install/custom_vtol_plugin/include/custom_vtol_plugin/custom_vtol_plugin/msg/rosidl_typesupport_fastrtps_cpp__visibility_control.h
[34.932s] -- Up-to-date: /home/parsa/ws_ros2/install/custom_vtol_plugin/lib/libcustom_vtol_plugin__rosidl_typesupport_fastrtps_cpp.so
[34.932s] -- Up-to-date: /home/parsa/ws_ros2/install/custom_vtol_plugin/include/custom_vtol_plugin/custom_vtol_plugin
[34.932s] -- Up-to-date: /home/parsa/ws_ros2/install/custom_vtol_plugin/include/custom_vtol_plugin/custom_vtol_plugin/msg
[34.933s] -- Up-to-date: /home/parsa/ws_ros2/install/custom_vtol_plugin/include/custom_vtol_plugin/custom_vtol_plugin/msg/detail
[34.933s] -- Up-to-date: /home/parsa/ws_ros2/install/custom_vtol_plugin/include/custom_vtol_plugin/custom_vtol_plugin/msg/detail/motor_commands__rosidl_typesupport_introspection_c.h
[34.933s] -- Up-to-date: /home/parsa/ws_ros2/install/custom_vtol_plugin/include/custom_vtol_plugin/custom_vtol_plugin/msg/detail/motor_commands__type_support.c
[34.933s] -- Up-to-date: /home/parsa/ws_ros2/install/custom_vtol_plugin/include/custom_vtol_plugin/custom_vtol_plugin/msg/rosidl_typesupport_introspection_c__visibility_control.h
[34.933s] -- Up-to-date: /home/parsa/ws_ros2/install/custom_vtol_plugin/lib/libcustom_vtol_plugin__rosidl_typesupport_introspection_c.so
[34.933s] -- Up-to-date: /home/parsa/ws_ros2/install/custom_vtol_plugin/lib/libcustom_vtol_plugin__rosidl_typesupport_c.so
[34.934s] -- Up-to-date: /home/parsa/ws_ros2/install/custom_vtol_plugin/include/custom_vtol_plugin/custom_vtol_plugin
[34.934s] -- Up-to-date: /home/parsa/ws_ros2/install/custom_vtol_plugin/include/custom_vtol_plugin/custom_vtol_plugin/msg
[34.934s] -- Up-to-date: /home/parsa/ws_ros2/install/custom_vtol_plugin/include/custom_vtol_plugin/custom_vtol_plugin/msg/detail
[34.934s] -- Up-to-date: /home/parsa/ws_ros2/install/custom_vtol_plugin/include/custom_vtol_plugin/custom_vtol_plugin/msg/detail/motor_commands__rosidl_typesupport_introspection_cpp.hpp
[34.934s] -- Up-to-date: /home/parsa/ws_ros2/install/custom_vtol_plugin/include/custom_vtol_plugin/custom_vtol_plugin/msg/detail/motor_commands__type_support.cpp
[34.936s] -- Up-to-date: /home/parsa/ws_ros2/install/custom_vtol_plugin/lib/libcustom_vtol_plugin__rosidl_typesupport_introspection_cpp.so
[34.939s] -- Up-to-date: /home/parsa/ws_ros2/install/custom_vtol_plugin/lib/libcustom_vtol_plugin__rosidl_typesupport_cpp.so
[34.940s] -- Up-to-date: /home/parsa/ws_ros2/install/custom_vtol_plugin/share/custom_vtol_plugin/environment/pythonpath.sh
[34.940s] -- Installing: /home/parsa/ws_ros2/install/custom_vtol_plugin/share/custom_vtol_plugin/environment/pythonpath.dsv
[34.942s] -- Up-to-date: /home/parsa/ws_ros2/install/custom_vtol_plugin/local/lib/python3.10/dist-packages/custom_vtol_plugin-0.0.1-py3.10.egg-info
[34.942s] -- Installing: /home/parsa/ws_ros2/install/custom_vtol_plugin/local/lib/python3.10/dist-packages/custom_vtol_plugin-0.0.1-py3.10.egg-info/dependency_links.txt
[34.942s] -- Installing: /home/parsa/ws_ros2/install/custom_vtol_plugin/local/lib/python3.10/dist-packages/custom_vtol_plugin-0.0.1-py3.10.egg-info/PKG-INFO
[34.942s] -- Installing: /home/parsa/ws_ros2/install/custom_vtol_plugin/local/lib/python3.10/dist-packages/custom_vtol_plugin-0.0.1-py3.10.egg-info/SOURCES.txt
[34.942s] -- Installing: /home/parsa/ws_ros2/install/custom_vtol_plugin/local/lib/python3.10/dist-packages/custom_vtol_plugin-0.0.1-py3.10.egg-info/top_level.txt
[34.942s] -- Up-to-date: /home/parsa/ws_ros2/install/custom_vtol_plugin/local/lib/python3.10/dist-packages/custom_vtol_plugin
[34.943s] -- Up-to-date: /home/parsa/ws_ros2/install/custom_vtol_plugin/local/lib/python3.10/dist-packages/custom_vtol_plugin/_custom_vtol_plugin_s.ep.rosidl_typesupport_introspection_c.c
[34.943s] -- Up-to-date: /home/parsa/ws_ros2/install/custom_vtol_plugin/local/lib/python3.10/dist-packages/custom_vtol_plugin/libcustom_vtol_plugin__rosidl_generator_py.so
[34.943s] -- Up-to-date: /home/parsa/ws_ros2/install/custom_vtol_plugin/local/lib/python3.10/dist-packages/custom_vtol_plugin/custom_vtol_plugin_s__rosidl_typesupport_fastrtps_c.cpython-310-x86_64-linux-gnu.so
[34.943s] -- Up-to-date: /home/parsa/ws_ros2/install/custom_vtol_plugin/local/lib/python3.10/dist-packages/custom_vtol_plugin/_custom_vtol_plugin_s.ep.rosidl_typesupport_c.c
[34.943s] -- Up-to-date: /home/parsa/ws_ros2/install/custom_vtol_plugin/local/lib/python3.10/dist-packages/custom_vtol_plugin/msg
[34.943s] -- Up-to-date: /home/parsa/ws_ros2/install/custom_vtol_plugin/local/lib/python3.10/dist-packages/custom_vtol_plugin/msg/__init__.py
[34.943s] -- Up-to-date: /home/parsa/ws_ros2/install/custom_vtol_plugin/local/lib/python3.10/dist-packages/custom_vtol_plugin/msg/_motor_commands.py
[34.943s] -- Up-to-date: /home/parsa/ws_ros2/install/custom_vtol_plugin/local/lib/python3.10/dist-packages/custom_vtol_plugin/msg/_motor_commands_s.c
[34.943s] -- Installing: /home/parsa/ws_ros2/install/custom_vtol_plugin/local/lib/python3.10/dist-packages/custom_vtol_plugin/__init__.py
[34.944s] -- Up-to-date: /home/parsa/ws_ros2/install/custom_vtol_plugin/local/lib/python3.10/dist-packages/custom_vtol_plugin/_custom_vtol_plugin_s.ep.rosidl_typesupport_fastrtps_c.c
[34.944s] -- Up-to-date: /home/parsa/ws_ros2/install/custom_vtol_plugin/local/lib/python3.10/dist-packages/custom_vtol_plugin/custom_vtol_plugin_s__rosidl_typesupport_introspection_c.cpython-310-x86_64-linux-gnu.so
[34.944s] -- Up-to-date: /home/parsa/ws_ros2/install/custom_vtol_plugin/local/lib/python3.10/dist-packages/custom_vtol_plugin/custom_vtol_plugin_s__rosidl_typesupport_c.cpython-310-x86_64-linux-gnu.so
[35.002s] Listing '/home/parsa/ws_ros2/install/custom_vtol_plugin/local/lib/python3.10/dist-packages/custom_vtol_plugin'...
[35.002s] Compiling '/home/parsa/ws_ros2/install/custom_vtol_plugin/local/lib/python3.10/dist-packages/custom_vtol_plugin/__init__.py'...
[35.002s] Listing '/home/parsa/ws_ros2/install/custom_vtol_plugin/local/lib/python3.10/dist-packages/custom_vtol_plugin/msg'...
[35.011s] -- Up-to-date: /home/parsa/ws_ros2/install/custom_vtol_plugin/local/lib/python3.10/dist-packages/custom_vtol_plugin/custom_vtol_plugin_s__rosidl_typesupport_fastrtps_c.cpython-310-x86_64-linux-gnu.so
[35.013s] -- Up-to-date: /home/parsa/ws_ros2/install/custom_vtol_plugin/local/lib/python3.10/dist-packages/custom_vtol_plugin/custom_vtol_plugin_s__rosidl_typesupport_introspection_c.cpython-310-x86_64-linux-gnu.so
[35.013s] -- Up-to-date: /home/parsa/ws_ros2/install/custom_vtol_plugin/local/lib/python3.10/dist-packages/custom_vtol_plugin/custom_vtol_plugin_s__rosidl_typesupport_c.cpython-310-x86_64-linux-gnu.so
[35.015s] -- Up-to-date: /home/parsa/ws_ros2/install/custom_vtol_plugin/lib/libcustom_vtol_plugin__rosidl_generator_py.so
[35.015s] -- Up-to-date: /home/parsa/ws_ros2/install/custom_vtol_plugin/share/custom_vtol_plugin/msg/MotorCommands.idl
[35.015s] -- Up-to-date: /home/parsa/ws_ros2/install/custom_vtol_plugin/share/custom_vtol_plugin/msg/MotorCommands.msg
[35.016s] -- Installing: /home/parsa/ws_ros2/install/custom_vtol_plugin/lib/custom_vtol_plugin/libmotor_controller_plugin.so
[35.030s] -- Set runtime path of "/home/parsa/ws_ros2/install/custom_vtol_plugin/lib/custom_vtol_plugin/libmotor_controller_plugin.so" to ""
[35.030s] -- Up-to-date: /home/parsa/ws_ros2/install/custom_vtol_plugin/include/custom_vtol_plugin
[35.031s] -- Up-to-date: /home/parsa/ws_ros2/install/custom_vtol_plugin/include/custom_vtol_plugin/custom_vtol_plugin
[35.031s] -- Up-to-date: /home/parsa/ws_ros2/install/custom_vtol_plugin/include/custom_vtol_plugin/custom_vtol_plugin/msg
[35.031s] -- Up-to-date: /home/parsa/ws_ros2/install/custom_vtol_plugin/include/custom_vtol_plugin/custom_vtol_plugin/msg/detail
[35.031s] -- Up-to-date: /home/parsa/ws_ros2/install/custom_vtol_plugin/include/custom_vtol_plugin/custom_vtol_plugin/msg/detail/motor_commands__struct.hpp
[35.031s] -- Up-to-date: /home/parsa/ws_ros2/install/custom_vtol_plugin/include/custom_vtol_plugin/custom_vtol_plugin/msg/detail/motor_commands__builder.hpp
[35.031s] -- Up-to-date: /home/parsa/ws_ros2/install/custom_vtol_plugin/include/custom_vtol_plugin/custom_vtol_plugin/msg/detail/motor_commands__type_support.hpp
[35.032s] -- Up-to-date: /home/parsa/ws_ros2/install/custom_vtol_plugin/include/custom_vtol_plugin/custom_vtol_plugin/msg/detail/motor_commands__traits.hpp
[35.032s] -- Up-to-date: /home/parsa/ws_ros2/install/custom_vtol_plugin/include/custom_vtol_plugin/custom_vtol_plugin/msg/rosidl_generator_cpp__visibility_control.hpp
[35.032s] -- Up-to-date: /home/parsa/ws_ros2/install/custom_vtol_plugin/include/custom_vtol_plugin/custom_vtol_plugin/msg/motor_commands.hpp
[35.032s] -- Installing: /home/parsa/ws_ros2/install/custom_vtol_plugin/lib/custom_vtol_plugin/hover_publisher.py
[35.033s] -- Up-to-date: /home/parsa/ws_ros2/install/custom_vtol_plugin/share/ament_index/resource_index/package_run_dependencies/custom_vtol_plugin
[35.033s] -- Installing: /home/parsa/ws_ros2/install/custom_vtol_plugin/share/ament_index/resource_index/parent_prefix_path/custom_vtol_plugin
[35.033s] -- Up-to-date: /home/parsa/ws_ros2/install/custom_vtol_plugin/share/custom_vtol_plugin/environment/ament_prefix_path.sh
[35.033s] -- Installing: /home/parsa/ws_ros2/install/custom_vtol_plugin/share/custom_vtol_plugin/environment/ament_prefix_path.dsv
[35.034s] -- Up-to-date: /home/parsa/ws_ros2/install/custom_vtol_plugin/share/custom_vtol_plugin/environment/path.sh
[35.034s] -- Installing: /home/parsa/ws_ros2/install/custom_vtol_plugin/share/custom_vtol_plugin/environment/path.dsv
[35.034s] -- Up-to-date: /home/parsa/ws_ros2/install/custom_vtol_plugin/share/custom_vtol_plugin/local_setup.bash
[35.034s] -- Up-to-date: /home/parsa/ws_ros2/install/custom_vtol_plugin/share/custom_vtol_plugin/local_setup.sh
[35.034s] -- Up-to-date: /home/parsa/ws_ros2/install/custom_vtol_plugin/share/custom_vtol_plugin/local_setup.zsh
[35.034s] -- Installing: /home/parsa/ws_ros2/install/custom_vtol_plugin/share/custom_vtol_plugin/local_setup.dsv
[35.035s] -- Installing: /home/parsa/ws_ros2/install/custom_vtol_plugin/share/custom_vtol_plugin/package.dsv
[35.035s] -- Up-to-date: /home/parsa/ws_ros2/install/custom_vtol_plugin/share/ament_index/resource_index/packages/custom_vtol_plugin
[35.035s] -- Up-to-date: /home/parsa/ws_ros2/install/custom_vtol_plugin/share/custom_vtol_plugin/cmake/export_custom_vtol_plugin__rosidl_generator_cExport.cmake
[35.035s] -- Up-to-date: /home/parsa/ws_ros2/install/custom_vtol_plugin/share/custom_vtol_plugin/cmake/export_custom_vtol_plugin__rosidl_generator_cExport-noconfig.cmake
[35.035s] -- Up-to-date: /home/parsa/ws_ros2/install/custom_vtol_plugin/share/custom_vtol_plugin/cmake/export_custom_vtol_plugin__rosidl_typesupport_fastrtps_cExport.cmake
[35.035s] -- Up-to-date: /home/parsa/ws_ros2/install/custom_vtol_plugin/share/custom_vtol_plugin/cmake/export_custom_vtol_plugin__rosidl_typesupport_fastrtps_cExport-noconfig.cmake
[35.035s] -- Up-to-date: /home/parsa/ws_ros2/install/custom_vtol_plugin/share/custom_vtol_plugin/cmake/export_custom_vtol_plugin__rosidl_generator_cppExport.cmake
[35.035s] -- Up-to-date: /home/parsa/ws_ros2/install/custom_vtol_plugin/share/custom_vtol_plugin/cmake/export_custom_vtol_plugin__rosidl_typesupport_fastrtps_cppExport.cmake
[35.036s] -- Up-to-date: /home/parsa/ws_ros2/install/custom_vtol_plugin/share/custom_vtol_plugin/cmake/export_custom_vtol_plugin__rosidl_typesupport_fastrtps_cppExport-noconfig.cmake
[35.036s] -- Up-to-date: /home/parsa/ws_ros2/install/custom_vtol_plugin/share/custom_vtol_plugin/cmake/custom_vtol_plugin__rosidl_typesupport_introspection_cExport.cmake
[35.036s] -- Up-to-date: /home/parsa/ws_ros2/install/custom_vtol_plugin/share/custom_vtol_plugin/cmake/custom_vtol_plugin__rosidl_typesupport_introspection_cExport-noconfig.cmake
[35.036s] -- Up-to-date: /home/parsa/ws_ros2/install/custom_vtol_plugin/share/custom_vtol_plugin/cmake/custom_vtol_plugin__rosidl_typesupport_cExport.cmake
[35.036s] -- Up-to-date: /home/parsa/ws_ros2/install/custom_vtol_plugin/share/custom_vtol_plugin/cmake/custom_vtol_plugin__rosidl_typesupport_cExport-noconfig.cmake
[35.037s] -- Up-to-date: /home/parsa/ws_ros2/install/custom_vtol_plugin/share/custom_vtol_plugin/cmake/custom_vtol_plugin__rosidl_typesupport_introspection_cppExport.cmake
[35.037s] -- Up-to-date: /home/parsa/ws_ros2/install/custom_vtol_plugin/share/custom_vtol_plugin/cmake/custom_vtol_plugin__rosidl_typesupport_introspection_cppExport-noconfig.cmake
[35.037s] -- Up-to-date: /home/parsa/ws_ros2/install/custom_vtol_plugin/share/custom_vtol_plugin/cmake/custom_vtol_plugin__rosidl_typesupport_cppExport.cmake
[35.038s] -- Up-to-date: /home/parsa/ws_ros2/install/custom_vtol_plugin/share/custom_vtol_plugin/cmake/custom_vtol_plugin__rosidl_typesupport_cppExport-noconfig.cmake
[35.039s] -- Up-to-date: /home/parsa/ws_ros2/install/custom_vtol_plugin/share/custom_vtol_plugin/cmake/export_custom_vtol_plugin__rosidl_generator_pyExport.cmake
[35.039s] -- Up-to-date: /home/parsa/ws_ros2/install/custom_vtol_plugin/share/custom_vtol_plugin/cmake/export_custom_vtol_plugin__rosidl_generator_pyExport-noconfig.cmake
[35.042s] -- Up-to-date: /home/parsa/ws_ros2/install/custom_vtol_plugin/share/custom_vtol_plugin/cmake/rosidl_cmake-extras.cmake
[35.042s] -- Up-to-date: /home/parsa/ws_ros2/install/custom_vtol_plugin/share/custom_vtol_plugin/cmake/ament_cmake_export_dependencies-extras.cmake
[35.042s] -- Up-to-date: /home/parsa/ws_ros2/install/custom_vtol_plugin/share/custom_vtol_plugin/cmake/ament_cmake_export_include_directories-extras.cmake
[35.042s] -- Up-to-date: /home/parsa/ws_ros2/install/custom_vtol_plugin/share/custom_vtol_plugin/cmake/ament_cmake_export_libraries-extras.cmake
[35.042s] -- Up-to-date: /home/parsa/ws_ros2/install/custom_vtol_plugin/share/custom_vtol_plugin/cmake/ament_cmake_export_targets-extras.cmake
[35.043s] -- Up-to-date: /home/parsa/ws_ros2/install/custom_vtol_plugin/share/custom_vtol_plugin/cmake/rosidl_cmake_export_typesupport_targets-extras.cmake
[35.043s] -- Up-to-date: /home/parsa/ws_ros2/install/custom_vtol_plugin/share/custom_vtol_plugin/cmake/rosidl_cmake_export_typesupport_libraries-extras.cmake
[35.043s] -- Up-to-date: /home/parsa/ws_ros2/install/custom_vtol_plugin/share/custom_vtol_plugin/cmake/custom_vtol_pluginConfig.cmake
[35.043s] -- Up-to-date: /home/parsa/ws_ros2/install/custom_vtol_plugin/share/custom_vtol_plugin/cmake/custom_vtol_pluginConfig-version.cmake
[35.043s] -- Up-to-date: /home/parsa/ws_ros2/install/custom_vtol_plugin/share/custom_vtol_plugin/package.xml
[35.046s] Invoked command in '/home/parsa/ws_ros2/build/custom_vtol_plugin' returned '0': CMAKE_PREFIX_PATH=${CMAKE_PREFIX_PATH}:/opt/ros/humble /usr/bin/cmake --install /home/parsa/ws_ros2/build/custom_vtol_plugin
