-- The C compiler identification is GNU 11.4.0
-- The CXX compiler identification is GNU 11.4.0
-- Detecting C compiler ABI info
-- Detecting C compiler ABI info - done
-- Check for working C compiler: /usr/bin/cc - skipped
-- Detecting C compile features
-- Detecting C compile features - done
-- Detecting CXX compiler ABI info
-- Detecting CXX compiler ABI info - done
-- Check for working CXX compiler: /usr/bin/c++ - skipped
-- Detecting CXX compile features
-- Detecting CXX compile features - done
-- Found ament_cmake: 1.3.12 (/opt/ros/humble/share/ament_cmake/cmake)
-- Found Python3: /usr/bin/python3 (found version "3.10.12") found components: Interpreter 
-- Found rclcpp: 16.0.15 (/opt/ros/humble/share/rclcpp/cmake)
-- Found rosidl_generator_c: 3.1.7 (/opt/ros/humble/share/rosidl_generator_c/cmake)
-- Found rosidl_adapter: 3.1.7 (/opt/ros/humble/share/rosidl_adapter/cmake)
-- Found rosidl_generator_cpp: 3.1.7 (/opt/ros/humble/share/rosidl_generator_cpp/cmake)
-- Using all available rosidl_typesupport_c: rosidl_typesupport_fastrtps_c;rosidl_typesupport_introspection_c
-- Using all available rosidl_typesupport_cpp: rosidl_typesupport_fastrtps_cpp;rosidl_typesupport_introspection_cpp
-- Found rmw_implementation_cmake: 6.1.2 (/opt/ros/humble/share/rmw_implementation_cmake/cmake)
-- Found rmw_fastrtps_cpp: 6.2.9 (/opt/ros/humble/share/rmw_fastrtps_cpp/cmake)
-- Found OpenSSL: /usr/lib/x86_64-linux-gnu/libcrypto.so (found version "3.0.2")  
-- Found FastRTPS: /opt/ros/humble/include  
-- Using RMW implementation 'rmw_fastrtps_cpp' as default
-- Looking for pthread.h
-- Looking for pthread.h - found
-- Performing Test CMAKE_HAVE_LIBC_PTHREAD
-- Performing Test CMAKE_HAVE_LIBC_PTHREAD - Success
-- Found Threads: TRUE  
-- Looking for gz-transport13 -- found version 13.5.0
-- Searching for dependencies of gz-transport13
-- Found Protobuf: /usr/lib/x86_64-linux-gnu/libprotobuf.so (found version "3.12.4") 
-- Config-file not installed for ZeroMQ -- checking for pkg-config
-- Checking for module 'libzmq >= 4'
--   Found libzmq , version 4.3.4
-- Found ZeroMQ: TRUE (Required is at least version "4") 
-- Checking for module 'uuid'
--   Found uuid, version 2.37.2
-- Found UUID: TRUE  
-- Looking for gz-utils2 -- found version 2.2.1
-- Searching for dependencies of gz-utils2
-- Searching for <gz-utils2> component [cli]
-- Looking for gz-utils2-cli -- found version 2.2.1
-- Searching for dependencies of gz-utils2-cli
-- Looking for gz-msgs10 -- found version 10.3.2
-- Searching for dependencies of gz-msgs10
-- Looking for gz-utils2 -- found version 2.2.1
-- Looking for gz-math7 -- found version 7.5.1
-- Searching for dependencies of gz-math7
-- Looking for gz-utils2 -- found version 2.2.1
-- Checking for module 'tinyxml2'
--   Found tinyxml2, version 9.0.0
-- Found ament_lint_auto: 0.12.14 (/opt/ros/humble/share/ament_lint_auto/cmake)
-- Added test 'cppcheck' to perform static code analysis on C / C++ code
-- Configured cppcheck include dirs: 
-- Configured cppcheck exclude dirs and/or files: 
-- Added test 'lint_cmake' to check CMake code style
-- Added test 'uncrustify' to check C / C++ code style
-- Configured uncrustify additional arguments: 
-- Added test 'xmllint' to check XML markup files
-- Configuring done
-- Generating done
-- Build files have been written to: /home/parsa/ws_ros2/build/custom_bridge_cpp
[ 50%] [32mBuilding CXX object CMakeFiles/custom_bridge.dir/src/custom_bridge.cpp.o[0m
[100%] [32m[1mLinking CXX executable custom_bridge[0m
[100%] Built target custom_bridge
-- Install configuration: ""
-- Installing: /home/parsa/ws_ros2/install/custom_bridge_cpp/lib/custom_bridge_cpp/custom_bridge
-- Set runtime path of "/home/parsa/ws_ros2/install/custom_bridge_cpp/lib/custom_bridge_cpp/custom_bridge" to ""
-- Installing: /home/parsa/ws_ros2/install/custom_bridge_cpp/share/ament_index/resource_index/package_run_dependencies/custom_bridge_cpp
-- Installing: /home/parsa/ws_ros2/install/custom_bridge_cpp/share/ament_index/resource_index/parent_prefix_path/custom_bridge_cpp
-- Installing: /home/parsa/ws_ros2/install/custom_bridge_cpp/share/custom_bridge_cpp/environment/ament_prefix_path.sh
-- Installing: /home/parsa/ws_ros2/install/custom_bridge_cpp/share/custom_bridge_cpp/environment/ament_prefix_path.dsv
-- Installing: /home/parsa/ws_ros2/install/custom_bridge_cpp/share/custom_bridge_cpp/environment/path.sh
-- Installing: /home/parsa/ws_ros2/install/custom_bridge_cpp/share/custom_bridge_cpp/environment/path.dsv
-- Installing: /home/parsa/ws_ros2/install/custom_bridge_cpp/share/custom_bridge_cpp/local_setup.bash
-- Installing: /home/parsa/ws_ros2/install/custom_bridge_cpp/share/custom_bridge_cpp/local_setup.sh
-- Installing: /home/parsa/ws_ros2/install/custom_bridge_cpp/share/custom_bridge_cpp/local_setup.zsh
-- Installing: /home/parsa/ws_ros2/install/custom_bridge_cpp/share/custom_bridge_cpp/local_setup.dsv
-- Installing: /home/parsa/ws_ros2/install/custom_bridge_cpp/share/custom_bridge_cpp/package.dsv
-- Installing: /home/parsa/ws_ros2/install/custom_bridge_cpp/share/ament_index/resource_index/packages/custom_bridge_cpp
-- Installing: /home/parsa/ws_ros2/install/custom_bridge_cpp/share/custom_bridge_cpp/cmake/custom_bridge_cppConfig.cmake
-- Installing: /home/parsa/ws_ros2/install/custom_bridge_cpp/share/custom_bridge_cpp/cmake/custom_bridge_cppConfig-version.cmake
-- Installing: /home/parsa/ws_ros2/install/custom_bridge_cpp/share/custom_bridge_cpp/package.xml
