[0.014s] Invoking command in '/home/parsa/ws_ros2/build/custom_bridge_cpp': CMAKE_PREFIX_PATH=${CMAKE_PREFIX_PATH}:/opt/ros/humble /usr/bin/cmake /home/parsa/ws_ros2/src/custom_bridge_cpp -DCMAKE_INSTALL_PREFIX=/home/parsa/ws_ros2/install/custom_bridge_cpp
[0.171s] -- The C compiler identification is GNU 11.4.0
[0.336s] -- The CXX compiler identification is GNU 11.4.0
[0.351s] -- Detecting C compiler ABI info
[0.500s] -- Detecting C compiler ABI info - done
[0.517s] -- Check for working C compiler: /usr/bin/cc - skipped
[0.517s] -- Detecting C compile features
[0.518s] -- Detecting C compile features - done
[0.521s] -- Detecting CXX compiler ABI info
[0.736s] -- Detecting CXX compiler ABI info - done
[0.757s] -- Check for working CXX compiler: /usr/bin/c++ - skipped
[0.758s] -- Detecting CXX compile features
[0.760s] -- Detecting CXX compile features - done
[0.764s] -- Found ament_cmake: 1.3.12 (/opt/ros/humble/share/ament_cmake/cmake)
[1.089s] -- Found Python3: /usr/bin/python3 (found version "3.10.12") found components: Interpreter 
[1.277s] -- Found rclcpp: 16.0.15 (/opt/ros/humble/share/rclcpp/cmake)
[1.366s] -- Found rosidl_generator_c: 3.1.7 (/opt/ros/humble/share/rosidl_generator_c/cmake)
[1.372s] -- Found rosidl_adapter: 3.1.7 (/opt/ros/humble/share/rosidl_adapter/cmake)
[1.391s] -- Found rosidl_generator_cpp: 3.1.7 (/opt/ros/humble/share/rosidl_generator_cpp/cmake)
[1.411s] -- Using all available rosidl_typesupport_c: rosidl_typesupport_fastrtps_c;rosidl_typesupport_introspection_c
[1.441s] -- Using all available rosidl_typesupport_cpp: rosidl_typesupport_fastrtps_cpp;rosidl_typesupport_introspection_cpp
[1.516s] -- Found rmw_implementation_cmake: 6.1.2 (/opt/ros/humble/share/rmw_implementation_cmake/cmake)
[1.520s] -- Found rmw_fastrtps_cpp: 6.2.9 (/opt/ros/humble/share/rmw_fastrtps_cpp/cmake)
[1.693s] -- Found OpenSSL: /usr/lib/x86_64-linux-gnu/libcrypto.so (found version "3.0.2")  
[1.753s] -- Found FastRTPS: /opt/ros/humble/include  
[1.837s] -- Using RMW implementation 'rmw_fastrtps_cpp' as default
[1.850s] -- Looking for pthread.h
[2.104s] -- Looking for pthread.h - found
[2.104s] -- Performing Test CMAKE_HAVE_LIBC_PTHREAD
[2.318s] -- Performing Test CMAKE_HAVE_LIBC_PTHREAD - Success
[2.321s] -- Found Threads: TRUE  
[2.452s] -- Looking for gz-transport13 -- found version 13.5.0
[2.463s] -- Searching for dependencies of gz-transport13
[2.508s] -- Found Protobuf: /usr/lib/x86_64-linux-gnu/libprotobuf.so (found version "3.12.4") 
[2.525s] -- Config-file not installed for ZeroMQ -- checking for pkg-config
[2.536s] -- Checking for module 'libzmq >= 4'
[2.565s] --   Found libzmq , version 4.3.4
[2.679s] -- Found ZeroMQ: TRUE (Required is at least version "4") 
[2.690s] -- Checking for module 'uuid'
[2.723s] --   Found uuid, version 2.37.2
[2.814s] -- Found UUID: TRUE  
[2.822s] -- Looking for gz-utils2 -- found version 2.2.1
[2.822s] -- Searching for dependencies of gz-utils2
[2.823s] -- Searching for <gz-utils2> component [cli]
[2.827s] -- Looking for gz-utils2-cli -- found version 2.2.1
[2.829s] -- Searching for dependencies of gz-utils2-cli
[2.841s] -- Looking for gz-msgs10 -- found version 10.3.2
[2.841s] -- Searching for dependencies of gz-msgs10
[2.888s] -- Looking for gz-utils2 -- found version 2.2.1
[2.893s] -- Looking for gz-math7 -- found version 7.5.1
[2.897s] -- Searching for dependencies of gz-math7
[2.897s] -- Looking for gz-utils2 -- found version 2.2.1
[2.906s] -- Checking for module 'tinyxml2'
[2.937s] --   Found tinyxml2, version 9.0.0
[3.022s] -- Found ament_lint_auto: 0.12.14 (/opt/ros/humble/share/ament_lint_auto/cmake)
[3.203s] -- Added test 'cppcheck' to perform static code analysis on C / C++ code
[3.203s] -- Configured cppcheck include dirs: 
[3.203s] -- Configured cppcheck exclude dirs and/or files: 
[3.207s] -- Added test 'lint_cmake' to check CMake code style
[3.211s] -- Added test 'uncrustify' to check C / C++ code style
[3.212s] -- Configured uncrustify additional arguments: 
[3.215s] -- Added test 'xmllint' to check XML markup files
[3.222s] -- Configuring done
[3.243s] -- Generating done
[3.247s] -- Build files have been written to: /home/parsa/ws_ros2/build/custom_bridge_cpp
[3.273s] Invoked command in '/home/parsa/ws_ros2/build/custom_bridge_cpp' returned '0': CMAKE_PREFIX_PATH=${CMAKE_PREFIX_PATH}:/opt/ros/humble /usr/bin/cmake /home/parsa/ws_ros2/src/custom_bridge_cpp -DCMAKE_INSTALL_PREFIX=/home/parsa/ws_ros2/install/custom_bridge_cpp
[3.273s] Invoking command in '/home/parsa/ws_ros2/build/custom_bridge_cpp': CMAKE_PREFIX_PATH=${CMAKE_PREFIX_PATH}:/opt/ros/humble /usr/bin/cmake --build /home/parsa/ws_ros2/build/custom_bridge_cpp -- -j5 -l5
[3.436s] [ 50%] [32mBuilding CXX object CMakeFiles/custom_bridge.dir/src/custom_bridge.cpp.o[0m
[20.148s] [100%] [32m[1mLinking CXX executable custom_bridge[0m
[21.084s] [100%] Built target custom_bridge
[21.115s] Invoked command in '/home/parsa/ws_ros2/build/custom_bridge_cpp' returned '0': CMAKE_PREFIX_PATH=${CMAKE_PREFIX_PATH}:/opt/ros/humble /usr/bin/cmake --build /home/parsa/ws_ros2/build/custom_bridge_cpp -- -j5 -l5
[21.136s] Invoking command in '/home/parsa/ws_ros2/build/custom_bridge_cpp': CMAKE_PREFIX_PATH=${CMAKE_PREFIX_PATH}:/opt/ros/humble /usr/bin/cmake --install /home/parsa/ws_ros2/build/custom_bridge_cpp
[21.162s] -- Install configuration: ""
[21.164s] -- Installing: /home/parsa/ws_ros2/install/custom_bridge_cpp/lib/custom_bridge_cpp/custom_bridge
[21.174s] -- Set runtime path of "/home/parsa/ws_ros2/install/custom_bridge_cpp/lib/custom_bridge_cpp/custom_bridge" to ""
[21.174s] -- Installing: /home/parsa/ws_ros2/install/custom_bridge_cpp/share/ament_index/resource_index/package_run_dependencies/custom_bridge_cpp
[21.175s] -- Installing: /home/parsa/ws_ros2/install/custom_bridge_cpp/share/ament_index/resource_index/parent_prefix_path/custom_bridge_cpp
[21.175s] -- Installing: /home/parsa/ws_ros2/install/custom_bridge_cpp/share/custom_bridge_cpp/environment/ament_prefix_path.sh
[21.175s] -- Installing: /home/parsa/ws_ros2/install/custom_bridge_cpp/share/custom_bridge_cpp/environment/ament_prefix_path.dsv
[21.175s] -- Installing: /home/parsa/ws_ros2/install/custom_bridge_cpp/share/custom_bridge_cpp/environment/path.sh
[21.175s] -- Installing: /home/parsa/ws_ros2/install/custom_bridge_cpp/share/custom_bridge_cpp/environment/path.dsv
[21.179s] -- Installing: /home/parsa/ws_ros2/install/custom_bridge_cpp/share/custom_bridge_cpp/local_setup.bash
[21.179s] -- Installing: /home/parsa/ws_ros2/install/custom_bridge_cpp/share/custom_bridge_cpp/local_setup.sh
[21.179s] -- Installing: /home/parsa/ws_ros2/install/custom_bridge_cpp/share/custom_bridge_cpp/local_setup.zsh
[21.180s] -- Installing: /home/parsa/ws_ros2/install/custom_bridge_cpp/share/custom_bridge_cpp/local_setup.dsv
[21.180s] -- Installing: /home/parsa/ws_ros2/install/custom_bridge_cpp/share/custom_bridge_cpp/package.dsv
[21.180s] -- Installing: /home/parsa/ws_ros2/install/custom_bridge_cpp/share/ament_index/resource_index/packages/custom_bridge_cpp
[21.180s] -- Installing: /home/parsa/ws_ros2/install/custom_bridge_cpp/share/custom_bridge_cpp/cmake/custom_bridge_cppConfig.cmake
[21.180s] -- Installing: /home/parsa/ws_ros2/install/custom_bridge_cpp/share/custom_bridge_cpp/cmake/custom_bridge_cppConfig-version.cmake
[21.180s] -- Installing: /home/parsa/ws_ros2/install/custom_bridge_cpp/share/custom_bridge_cpp/package.xml
[21.183s] Invoked command in '/home/parsa/ws_ros2/build/custom_bridge_cpp' returned '0': CMAKE_PREFIX_PATH=${CMAKE_PREFIX_PATH}:/opt/ros/humble /usr/bin/cmake --install /home/parsa/ws_ros2/build/custom_bridge_cpp
