[  3%] Built target custom_vtol_plugin__cpp
[ 12%] Built target custom_vtol_plugin__rosidl_generator_c
[ 21%] Built target custom_vtol_plugin__rosidl_typesupport_cpp
[ 21%] Built target ament_cmake_python_copy_custom_vtol_plugin
[ 30%] Built target custom_vtol_plugin__rosidl_typesupport_introspection_cpp
[ 39%] Built target custom_vtol_plugin__rosidl_typesupport_fastrtps_cpp
[ 48%] Built target custom_vtol_plugin__rosidl_typesupport_fastrtps_c
[ 57%] Built target custom_vtol_plugin__rosidl_typesupport_introspection_c
[ 66%] Built target custom_vtol_plugin__rosidl_typesupport_c
[35m[1mConsolidate compiler generated dependencies of target motor_controller_plugin[0m
[ 69%] [32mBuilding CXX object CMakeFiles/motor_controller_plugin.dir/src/motor_controller_plugin.cpp.o[0m
[ 69%] Built target custom_vtol_plugin
[ 72%] Built target custom_vtol_plugin__py
[ 78%] Built target custom_vtol_plugin__rosidl_generator_py
[ 84%] Built target custom_vtol_plugin__rosidl_typesupport_fastrtps_c__pyext
[ 90%] Built target custom_vtol_plugin__rosidl_typesupport_c__pyext
[ 96%] Built target custom_vtol_plugin__rosidl_typesupport_introspection_c__pyext
running egg_info
writing custom_vtol_plugin.egg-info/PKG-INFO
writing dependency_links to custom_vtol_plugin.egg-info/dependency_links.txt
writing top-level names to custom_vtol_plugin.egg-info/top_level.txt
reading manifest file 'custom_vtol_plugin.egg-info/SOURCES.txt'
writing manifest file 'custom_vtol_plugin.egg-info/SOURCES.txt'
[ 96%] Built target ament_cmake_python_build_custom_vtol_plugin_egg
[100%] [32m[1mLinking CXX shared library libmotor_controller_plugin.so[0m
[100%] Built target motor_controller_plugin
-- Install configuration: ""
-- Up-to-date: /home/parsa/ws_ros2/install/custom_vtol_plugin/share/ament_index/resource_index/rosidl_interfaces/custom_vtol_plugin
-- Up-to-date: /home/parsa/ws_ros2/install/custom_vtol_plugin/include/custom_vtol_plugin/custom_vtol_plugin
-- Up-to-date: /home/parsa/ws_ros2/install/custom_vtol_plugin/include/custom_vtol_plugin/custom_vtol_plugin/msg
-- Up-to-date: /home/parsa/ws_ros2/install/custom_vtol_plugin/include/custom_vtol_plugin/custom_vtol_plugin/msg/rosidl_generator_c__visibility_control.h
-- Up-to-date: /home/parsa/ws_ros2/install/custom_vtol_plugin/include/custom_vtol_plugin/custom_vtol_plugin/msg/detail
-- Up-to-date: /home/parsa/ws_ros2/install/custom_vtol_plugin/include/custom_vtol_plugin/custom_vtol_plugin/msg/detail/motor_commands__struct.h
-- Up-to-date: /home/parsa/ws_ros2/install/custom_vtol_plugin/include/custom_vtol_plugin/custom_vtol_plugin/msg/detail/motor_commands__type_support.h
-- Up-to-date: /home/parsa/ws_ros2/install/custom_vtol_plugin/include/custom_vtol_plugin/custom_vtol_plugin/msg/detail/motor_commands__functions.c
-- Up-to-date: /home/parsa/ws_ros2/install/custom_vtol_plugin/include/custom_vtol_plugin/custom_vtol_plugin/msg/detail/motor_commands__functions.h
-- Up-to-date: /home/parsa/ws_ros2/install/custom_vtol_plugin/include/custom_vtol_plugin/custom_vtol_plugin/msg/motor_commands.h
-- Up-to-date: /home/parsa/ws_ros2/install/custom_vtol_plugin/share/custom_vtol_plugin/environment/library_path.sh
-- Installing: /home/parsa/ws_ros2/install/custom_vtol_plugin/share/custom_vtol_plugin/environment/library_path.dsv
-- Up-to-date: /home/parsa/ws_ros2/install/custom_vtol_plugin/lib/libcustom_vtol_plugin__rosidl_generator_c.so
-- Up-to-date: /home/parsa/ws_ros2/install/custom_vtol_plugin/include/custom_vtol_plugin/custom_vtol_plugin
-- Up-to-date: /home/parsa/ws_ros2/install/custom_vtol_plugin/include/custom_vtol_plugin/custom_vtol_plugin/msg
-- Up-to-date: /home/parsa/ws_ros2/install/custom_vtol_plugin/include/custom_vtol_plugin/custom_vtol_plugin/msg/rosidl_typesupport_fastrtps_c__visibility_control.h
-- Up-to-date: /home/parsa/ws_ros2/install/custom_vtol_plugin/include/custom_vtol_plugin/custom_vtol_plugin/msg/detail
-- Up-to-date: /home/parsa/ws_ros2/install/custom_vtol_plugin/include/custom_vtol_plugin/custom_vtol_plugin/msg/detail/motor_commands__rosidl_typesupport_fastrtps_c.h
-- Up-to-date: /home/parsa/ws_ros2/install/custom_vtol_plugin/lib/libcustom_vtol_plugin__rosidl_typesupport_fastrtps_c.so
-- Up-to-date: /home/parsa/ws_ros2/install/custom_vtol_plugin/include/custom_vtol_plugin/custom_vtol_plugin
-- Up-to-date: /home/parsa/ws_ros2/install/custom_vtol_plugin/include/custom_vtol_plugin/custom_vtol_plugin/msg
-- Up-to-date: /home/parsa/ws_ros2/install/custom_vtol_plugin/include/custom_vtol_plugin/custom_vtol_plugin/msg/detail
-- Up-to-date: /home/parsa/ws_ros2/install/custom_vtol_plugin/include/custom_vtol_plugin/custom_vtol_plugin/msg/detail/motor_commands__struct.hpp
-- Up-to-date: /home/parsa/ws_ros2/install/custom_vtol_plugin/include/custom_vtol_plugin/custom_vtol_plugin/msg/detail/motor_commands__builder.hpp
-- Up-to-date: /home/parsa/ws_ros2/install/custom_vtol_plugin/include/custom_vtol_plugin/custom_vtol_plugin/msg/detail/motor_commands__type_support.hpp
-- Up-to-date: /home/parsa/ws_ros2/install/custom_vtol_plugin/include/custom_vtol_plugin/custom_vtol_plugin/msg/detail/motor_commands__traits.hpp
-- Up-to-date: /home/parsa/ws_ros2/install/custom_vtol_plugin/include/custom_vtol_plugin/custom_vtol_plugin/msg/rosidl_generator_cpp__visibility_control.hpp
-- Up-to-date: /home/parsa/ws_ros2/install/custom_vtol_plugin/include/custom_vtol_plugin/custom_vtol_plugin/msg/motor_commands.hpp
-- Up-to-date: /home/parsa/ws_ros2/install/custom_vtol_plugin/include/custom_vtol_plugin/custom_vtol_plugin
-- Up-to-date: /home/parsa/ws_ros2/install/custom_vtol_plugin/include/custom_vtol_plugin/custom_vtol_plugin/msg
-- Up-to-date: /home/parsa/ws_ros2/install/custom_vtol_plugin/include/custom_vtol_plugin/custom_vtol_plugin/msg/detail
-- Up-to-date: /home/parsa/ws_ros2/install/custom_vtol_plugin/include/custom_vtol_plugin/custom_vtol_plugin/msg/detail/dds_fastrtps
-- Up-to-date: /home/parsa/ws_ros2/install/custom_vtol_plugin/include/custom_vtol_plugin/custom_vtol_plugin/msg/detail/motor_commands__rosidl_typesupport_fastrtps_cpp.hpp
-- Up-to-date: /home/parsa/ws_ros2/install/custom_vtol_plugin/include/custom_vtol_plugin/custom_vtol_plugin/msg/rosidl_typesupport_fastrtps_cpp__visibility_control.h
-- Up-to-date: /home/parsa/ws_ros2/install/custom_vtol_plugin/lib/libcustom_vtol_plugin__rosidl_typesupport_fastrtps_cpp.so
-- Up-to-date: /home/parsa/ws_ros2/install/custom_vtol_plugin/include/custom_vtol_plugin/custom_vtol_plugin
-- Up-to-date: /home/parsa/ws_ros2/install/custom_vtol_plugin/include/custom_vtol_plugin/custom_vtol_plugin/msg
-- Up-to-date: /home/parsa/ws_ros2/install/custom_vtol_plugin/include/custom_vtol_plugin/custom_vtol_plugin/msg/detail
-- Up-to-date: /home/parsa/ws_ros2/install/custom_vtol_plugin/include/custom_vtol_plugin/custom_vtol_plugin/msg/detail/motor_commands__rosidl_typesupport_introspection_c.h
-- Up-to-date: /home/parsa/ws_ros2/install/custom_vtol_plugin/include/custom_vtol_plugin/custom_vtol_plugin/msg/detail/motor_commands__type_support.c
-- Up-to-date: /home/parsa/ws_ros2/install/custom_vtol_plugin/include/custom_vtol_plugin/custom_vtol_plugin/msg/rosidl_typesupport_introspection_c__visibility_control.h
-- Up-to-date: /home/parsa/ws_ros2/install/custom_vtol_plugin/lib/libcustom_vtol_plugin__rosidl_typesupport_introspection_c.so
-- Up-to-date: /home/parsa/ws_ros2/install/custom_vtol_plugin/lib/libcustom_vtol_plugin__rosidl_typesupport_c.so
-- Up-to-date: /home/parsa/ws_ros2/install/custom_vtol_plugin/include/custom_vtol_plugin/custom_vtol_plugin
-- Up-to-date: /home/parsa/ws_ros2/install/custom_vtol_plugin/include/custom_vtol_plugin/custom_vtol_plugin/msg
-- Up-to-date: /home/parsa/ws_ros2/install/custom_vtol_plugin/include/custom_vtol_plugin/custom_vtol_plugin/msg/detail
-- Up-to-date: /home/parsa/ws_ros2/install/custom_vtol_plugin/include/custom_vtol_plugin/custom_vtol_plugin/msg/detail/motor_commands__rosidl_typesupport_introspection_cpp.hpp
-- Up-to-date: /home/parsa/ws_ros2/install/custom_vtol_plugin/include/custom_vtol_plugin/custom_vtol_plugin/msg/detail/motor_commands__type_support.cpp
-- Up-to-date: /home/parsa/ws_ros2/install/custom_vtol_plugin/lib/libcustom_vtol_plugin__rosidl_typesupport_introspection_cpp.so
-- Up-to-date: /home/parsa/ws_ros2/install/custom_vtol_plugin/lib/libcustom_vtol_plugin__rosidl_typesupport_cpp.so
-- Up-to-date: /home/parsa/ws_ros2/install/custom_vtol_plugin/share/custom_vtol_plugin/environment/pythonpath.sh
-- Installing: /home/parsa/ws_ros2/install/custom_vtol_plugin/share/custom_vtol_plugin/environment/pythonpath.dsv
-- Up-to-date: /home/parsa/ws_ros2/install/custom_vtol_plugin/local/lib/python3.10/dist-packages/custom_vtol_plugin-0.0.1-py3.10.egg-info
-- Installing: /home/parsa/ws_ros2/install/custom_vtol_plugin/local/lib/python3.10/dist-packages/custom_vtol_plugin-0.0.1-py3.10.egg-info/dependency_links.txt
-- Installing: /home/parsa/ws_ros2/install/custom_vtol_plugin/local/lib/python3.10/dist-packages/custom_vtol_plugin-0.0.1-py3.10.egg-info/PKG-INFO
-- Installing: /home/parsa/ws_ros2/install/custom_vtol_plugin/local/lib/python3.10/dist-packages/custom_vtol_plugin-0.0.1-py3.10.egg-info/SOURCES.txt
-- Installing: /home/parsa/ws_ros2/install/custom_vtol_plugin/local/lib/python3.10/dist-packages/custom_vtol_plugin-0.0.1-py3.10.egg-info/top_level.txt
-- Up-to-date: /home/parsa/ws_ros2/install/custom_vtol_plugin/local/lib/python3.10/dist-packages/custom_vtol_plugin
-- Up-to-date: /home/parsa/ws_ros2/install/custom_vtol_plugin/local/lib/python3.10/dist-packages/custom_vtol_plugin/_custom_vtol_plugin_s.ep.rosidl_typesupport_introspection_c.c
-- Up-to-date: /home/parsa/ws_ros2/install/custom_vtol_plugin/local/lib/python3.10/dist-packages/custom_vtol_plugin/libcustom_vtol_plugin__rosidl_generator_py.so
-- Up-to-date: /home/parsa/ws_ros2/install/custom_vtol_plugin/local/lib/python3.10/dist-packages/custom_vtol_plugin/custom_vtol_plugin_s__rosidl_typesupport_fastrtps_c.cpython-310-x86_64-linux-gnu.so
-- Up-to-date: /home/parsa/ws_ros2/install/custom_vtol_plugin/local/lib/python3.10/dist-packages/custom_vtol_plugin/_custom_vtol_plugin_s.ep.rosidl_typesupport_c.c
-- Up-to-date: /home/parsa/ws_ros2/install/custom_vtol_plugin/local/lib/python3.10/dist-packages/custom_vtol_plugin/msg
-- Up-to-date: /home/parsa/ws_ros2/install/custom_vtol_plugin/local/lib/python3.10/dist-packages/custom_vtol_plugin/msg/__init__.py
-- Up-to-date: /home/parsa/ws_ros2/install/custom_vtol_plugin/local/lib/python3.10/dist-packages/custom_vtol_plugin/msg/_motor_commands.py
-- Up-to-date: /home/parsa/ws_ros2/install/custom_vtol_plugin/local/lib/python3.10/dist-packages/custom_vtol_plugin/msg/_motor_commands_s.c
-- Installing: /home/parsa/ws_ros2/install/custom_vtol_plugin/local/lib/python3.10/dist-packages/custom_vtol_plugin/__init__.py
-- Up-to-date: /home/parsa/ws_ros2/install/custom_vtol_plugin/local/lib/python3.10/dist-packages/custom_vtol_plugin/_custom_vtol_plugin_s.ep.rosidl_typesupport_fastrtps_c.c
-- Up-to-date: /home/parsa/ws_ros2/install/custom_vtol_plugin/local/lib/python3.10/dist-packages/custom_vtol_plugin/custom_vtol_plugin_s__rosidl_typesupport_introspection_c.cpython-310-x86_64-linux-gnu.so
-- Up-to-date: /home/parsa/ws_ros2/install/custom_vtol_plugin/local/lib/python3.10/dist-packages/custom_vtol_plugin/custom_vtol_plugin_s__rosidl_typesupport_c.cpython-310-x86_64-linux-gnu.so
Listing '/home/parsa/ws_ros2/install/custom_vtol_plugin/local/lib/python3.10/dist-packages/custom_vtol_plugin'...
Compiling '/home/parsa/ws_ros2/install/custom_vtol_plugin/local/lib/python3.10/dist-packages/custom_vtol_plugin/__init__.py'...
Listing '/home/parsa/ws_ros2/install/custom_vtol_plugin/local/lib/python3.10/dist-packages/custom_vtol_plugin/msg'...
-- Up-to-date: /home/parsa/ws_ros2/install/custom_vtol_plugin/local/lib/python3.10/dist-packages/custom_vtol_plugin/custom_vtol_plugin_s__rosidl_typesupport_fastrtps_c.cpython-310-x86_64-linux-gnu.so
-- Up-to-date: /home/parsa/ws_ros2/install/custom_vtol_plugin/local/lib/python3.10/dist-packages/custom_vtol_plugin/custom_vtol_plugin_s__rosidl_typesupport_introspection_c.cpython-310-x86_64-linux-gnu.so
-- Up-to-date: /home/parsa/ws_ros2/install/custom_vtol_plugin/local/lib/python3.10/dist-packages/custom_vtol_plugin/custom_vtol_plugin_s__rosidl_typesupport_c.cpython-310-x86_64-linux-gnu.so
-- Up-to-date: /home/parsa/ws_ros2/install/custom_vtol_plugin/lib/libcustom_vtol_plugin__rosidl_generator_py.so
-- Up-to-date: /home/parsa/ws_ros2/install/custom_vtol_plugin/share/custom_vtol_plugin/msg/MotorCommands.idl
-- Up-to-date: /home/parsa/ws_ros2/install/custom_vtol_plugin/share/custom_vtol_plugin/msg/MotorCommands.msg
-- Installing: /home/parsa/ws_ros2/install/custom_vtol_plugin/lib/custom_vtol_plugin/libmotor_controller_plugin.so
-- Set runtime path of "/home/parsa/ws_ros2/install/custom_vtol_plugin/lib/custom_vtol_plugin/libmotor_controller_plugin.so" to ""
-- Up-to-date: /home/parsa/ws_ros2/install/custom_vtol_plugin/include/custom_vtol_plugin
-- Up-to-date: /home/parsa/ws_ros2/install/custom_vtol_plugin/include/custom_vtol_plugin/custom_vtol_plugin
-- Up-to-date: /home/parsa/ws_ros2/install/custom_vtol_plugin/include/custom_vtol_plugin/custom_vtol_plugin/msg
-- Up-to-date: /home/parsa/ws_ros2/install/custom_vtol_plugin/include/custom_vtol_plugin/custom_vtol_plugin/msg/detail
-- Up-to-date: /home/parsa/ws_ros2/install/custom_vtol_plugin/include/custom_vtol_plugin/custom_vtol_plugin/msg/detail/motor_commands__struct.hpp
-- Up-to-date: /home/parsa/ws_ros2/install/custom_vtol_plugin/include/custom_vtol_plugin/custom_vtol_plugin/msg/detail/motor_commands__builder.hpp
-- Up-to-date: /home/parsa/ws_ros2/install/custom_vtol_plugin/include/custom_vtol_plugin/custom_vtol_plugin/msg/detail/motor_commands__type_support.hpp
-- Up-to-date: /home/parsa/ws_ros2/install/custom_vtol_plugin/include/custom_vtol_plugin/custom_vtol_plugin/msg/detail/motor_commands__traits.hpp
-- Up-to-date: /home/parsa/ws_ros2/install/custom_vtol_plugin/include/custom_vtol_plugin/custom_vtol_plugin/msg/rosidl_generator_cpp__visibility_control.hpp
-- Up-to-date: /home/parsa/ws_ros2/install/custom_vtol_plugin/include/custom_vtol_plugin/custom_vtol_plugin/msg/motor_commands.hpp
-- Up-to-date: /home/parsa/ws_ros2/install/custom_vtol_plugin/lib/custom_vtol_plugin/hover_publisher.py
-- Up-to-date: /home/parsa/ws_ros2/install/custom_vtol_plugin/share/ament_index/resource_index/package_run_dependencies/custom_vtol_plugin
-- Up-to-date: /home/parsa/ws_ros2/install/custom_vtol_plugin/share/ament_index/resource_index/parent_prefix_path/custom_vtol_plugin
-- Up-to-date: /home/parsa/ws_ros2/install/custom_vtol_plugin/share/custom_vtol_plugin/environment/ament_prefix_path.sh
-- Installing: /home/parsa/ws_ros2/install/custom_vtol_plugin/share/custom_vtol_plugin/environment/ament_prefix_path.dsv
-- Up-to-date: /home/parsa/ws_ros2/install/custom_vtol_plugin/share/custom_vtol_plugin/environment/path.sh
-- Installing: /home/parsa/ws_ros2/install/custom_vtol_plugin/share/custom_vtol_plugin/environment/path.dsv
-- Up-to-date: /home/parsa/ws_ros2/install/custom_vtol_plugin/share/custom_vtol_plugin/local_setup.bash
-- Up-to-date: /home/parsa/ws_ros2/install/custom_vtol_plugin/share/custom_vtol_plugin/local_setup.sh
-- Up-to-date: /home/parsa/ws_ros2/install/custom_vtol_plugin/share/custom_vtol_plugin/local_setup.zsh
-- Installing: /home/parsa/ws_ros2/install/custom_vtol_plugin/share/custom_vtol_plugin/local_setup.dsv
-- Installing: /home/parsa/ws_ros2/install/custom_vtol_plugin/share/custom_vtol_plugin/package.dsv
-- Up-to-date: /home/parsa/ws_ros2/install/custom_vtol_plugin/share/ament_index/resource_index/packages/custom_vtol_plugin
-- Up-to-date: /home/parsa/ws_ros2/install/custom_vtol_plugin/share/custom_vtol_plugin/cmake/export_custom_vtol_plugin__rosidl_generator_cExport.cmake
-- Up-to-date: /home/parsa/ws_ros2/install/custom_vtol_plugin/share/custom_vtol_plugin/cmake/export_custom_vtol_plugin__rosidl_generator_cExport-noconfig.cmake
-- Up-to-date: /home/parsa/ws_ros2/install/custom_vtol_plugin/share/custom_vtol_plugin/cmake/export_custom_vtol_plugin__rosidl_typesupport_fastrtps_cExport.cmake
-- Up-to-date: /home/parsa/ws_ros2/install/custom_vtol_plugin/share/custom_vtol_plugin/cmake/export_custom_vtol_plugin__rosidl_typesupport_fastrtps_cExport-noconfig.cmake
-- Up-to-date: /home/parsa/ws_ros2/install/custom_vtol_plugin/share/custom_vtol_plugin/cmake/export_custom_vtol_plugin__rosidl_generator_cppExport.cmake
-- Up-to-date: /home/parsa/ws_ros2/install/custom_vtol_plugin/share/custom_vtol_plugin/cmake/export_custom_vtol_plugin__rosidl_typesupport_fastrtps_cppExport.cmake
-- Up-to-date: /home/parsa/ws_ros2/install/custom_vtol_plugin/share/custom_vtol_plugin/cmake/export_custom_vtol_plugin__rosidl_typesupport_fastrtps_cppExport-noconfig.cmake
-- Up-to-date: /home/parsa/ws_ros2/install/custom_vtol_plugin/share/custom_vtol_plugin/cmake/custom_vtol_plugin__rosidl_typesupport_introspection_cExport.cmake
-- Up-to-date: /home/parsa/ws_ros2/install/custom_vtol_plugin/share/custom_vtol_plugin/cmake/custom_vtol_plugin__rosidl_typesupport_introspection_cExport-noconfig.cmake
-- Up-to-date: /home/parsa/ws_ros2/install/custom_vtol_plugin/share/custom_vtol_plugin/cmake/custom_vtol_plugin__rosidl_typesupport_cExport.cmake
-- Up-to-date: /home/parsa/ws_ros2/install/custom_vtol_plugin/share/custom_vtol_plugin/cmake/custom_vtol_plugin__rosidl_typesupport_cExport-noconfig.cmake
-- Up-to-date: /home/parsa/ws_ros2/install/custom_vtol_plugin/share/custom_vtol_plugin/cmake/custom_vtol_plugin__rosidl_typesupport_introspection_cppExport.cmake
-- Up-to-date: /home/parsa/ws_ros2/install/custom_vtol_plugin/share/custom_vtol_plugin/cmake/custom_vtol_plugin__rosidl_typesupport_introspection_cppExport-noconfig.cmake
-- Up-to-date: /home/parsa/ws_ros2/install/custom_vtol_plugin/share/custom_vtol_plugin/cmake/custom_vtol_plugin__rosidl_typesupport_cppExport.cmake
-- Up-to-date: /home/parsa/ws_ros2/install/custom_vtol_plugin/share/custom_vtol_plugin/cmake/custom_vtol_plugin__rosidl_typesupport_cppExport-noconfig.cmake
-- Up-to-date: /home/parsa/ws_ros2/install/custom_vtol_plugin/share/custom_vtol_plugin/cmake/export_custom_vtol_plugin__rosidl_generator_pyExport.cmake
-- Up-to-date: /home/parsa/ws_ros2/install/custom_vtol_plugin/share/custom_vtol_plugin/cmake/export_custom_vtol_plugin__rosidl_generator_pyExport-noconfig.cmake
-- Up-to-date: /home/parsa/ws_ros2/install/custom_vtol_plugin/share/custom_vtol_plugin/cmake/rosidl_cmake-extras.cmake
-- Installing: /home/parsa/ws_ros2/install/custom_vtol_plugin/share/custom_vtol_plugin/cmake/ament_cmake_export_dependencies-extras.cmake
-- Up-to-date: /home/parsa/ws_ros2/install/custom_vtol_plugin/share/custom_vtol_plugin/cmake/ament_cmake_export_include_directories-extras.cmake
-- Up-to-date: /home/parsa/ws_ros2/install/custom_vtol_plugin/share/custom_vtol_plugin/cmake/ament_cmake_export_libraries-extras.cmake
-- Up-to-date: /home/parsa/ws_ros2/install/custom_vtol_plugin/share/custom_vtol_plugin/cmake/ament_cmake_export_targets-extras.cmake
-- Up-to-date: /home/parsa/ws_ros2/install/custom_vtol_plugin/share/custom_vtol_plugin/cmake/rosidl_cmake_export_typesupport_targets-extras.cmake
-- Up-to-date: /home/parsa/ws_ros2/install/custom_vtol_plugin/share/custom_vtol_plugin/cmake/rosidl_cmake_export_typesupport_libraries-extras.cmake
-- Up-to-date: /home/parsa/ws_ros2/install/custom_vtol_plugin/share/custom_vtol_plugin/cmake/custom_vtol_pluginConfig.cmake
-- Up-to-date: /home/parsa/ws_ros2/install/custom_vtol_plugin/share/custom_vtol_plugin/cmake/custom_vtol_pluginConfig-version.cmake
-- Up-to-date: /home/parsa/ws_ros2/install/custom_vtol_plugin/share/custom_vtol_plugin/package.xml
