[0.237s] DEBUG:colcon:Command line arguments: ['/usr/bin/colcon', 'build', '--packages-select', 'custom_vtol_plugin']
[0.238s] DEBUG:colcon:Parsed command line arguments: Namespace(log_base=None, log_level=None, verb_name='build', build_base='build', install_base='install', merge_install=False, symlink_install=False, test_result_base=None, continue_on_error=False, executor='parallel', parallel_workers=5, event_handlers=None, ignore_user_meta=False, metas=['./colcon.meta'], base_paths=['.'], packages_ignore=None, packages_ignore_regex=None, paths=None, packages_up_to=None, packages_up_to_regex=None, packages_above=None, packages_above_and_dependencies=None, packages_above_depth=None, packages_select_by_dep=None, packages_skip_by_dep=None, packages_skip_up_to=None, packages_select_build_failed=False, packages_skip_build_finished=False, packages_select_test_failures=False, packages_skip_test_passed=False, packages_select=['custom_vtol_plugin'], packages_skip=None, packages_select_regex=None, packages_skip_regex=None, packages_start=None, packages_end=None, allow_overriding=[], cmake_args=None, cmake_target=None, cmake_target_skip_unavailable=False, cmake_clean_cache=False, cmake_clean_first=False, cmake_force_configure=False, ament_cmake_args=None, catkin_cmake_args=None, catkin_skip_building_tests=False, verb_parser=<colcon_defaults.argument_parser.defaults.DefaultArgumentsDecorator object at 0x78e893770280>, verb_extension=<colcon_core.verb.build.BuildVerb object at 0x78e89373bd00>, main=<bound method BuildVerb.main of <colcon_core.verb.build.BuildVerb object at 0x78e89373bd00>>)
[0.308s] Level 1:colcon.colcon_core.package_discovery:discover_packages(colcon_meta) check parameters
[0.308s] Level 1:colcon.colcon_core.package_discovery:discover_packages(recursive) check parameters
[0.308s] Level 1:colcon.colcon_core.package_discovery:discover_packages(ignore) check parameters
[0.308s] Level 1:colcon.colcon_core.package_discovery:discover_packages(path) check parameters
[0.308s] Level 1:colcon.colcon_core.package_discovery:discover_packages(colcon_meta) discover
[0.308s] Level 1:colcon.colcon_core.package_discovery:discover_packages(recursive) discover
[0.308s] INFO:colcon.colcon_core.package_discovery:Crawling recursively for packages in '/home/parsa/ws_ros2'
[0.308s] Level 1:colcon.colcon_core.package_identification:_identify(.) by extensions ['ignore', 'ignore_ament_install']
[0.309s] Level 1:colcon.colcon_core.package_identification:_identify(.) by extension 'ignore'
[0.309s] Level 1:colcon.colcon_core.package_identification:_identify(.) by extension 'ignore_ament_install'
[0.309s] Level 1:colcon.colcon_core.package_identification:_identify(.) by extensions ['colcon_pkg']
[0.309s] Level 1:colcon.colcon_core.package_identification:_identify(.) by extension 'colcon_pkg'
[0.309s] Level 1:colcon.colcon_core.package_identification:_identify(.) by extensions ['colcon_meta']
[0.309s] Level 1:colcon.colcon_core.package_identification:_identify(.) by extension 'colcon_meta'
[0.309s] Level 1:colcon.colcon_core.package_identification:_identify(.) by extensions ['ros']
[0.309s] Level 1:colcon.colcon_core.package_identification:_identify(.) by extension 'ros'
[0.336s] Level 1:colcon.colcon_core.package_identification:_identify(.) by extensions ['cmake', 'python']
[0.336s] Level 1:colcon.colcon_core.package_identification:_identify(.) by extension 'cmake'
[0.336s] Level 1:colcon.colcon_core.package_identification:_identify(.) by extension 'python'
[0.336s] Level 1:colcon.colcon_core.package_identification:_identify(.) by extensions ['python_setup_py']
[0.336s] Level 1:colcon.colcon_core.package_identification:_identify(.) by extension 'python_setup_py'
[0.337s] Level 1:colcon.colcon_core.package_identification:_identify(build) by extensions ['ignore', 'ignore_ament_install']
[0.337s] Level 1:colcon.colcon_core.package_identification:_identify(build) by extension 'ignore'
[0.337s] Level 1:colcon.colcon_core.package_identification:_identify(build) ignored
[0.337s] Level 1:colcon.colcon_core.package_identification:_identify(install) by extensions ['ignore', 'ignore_ament_install']
[0.337s] Level 1:colcon.colcon_core.package_identification:_identify(install) by extension 'ignore'
[0.337s] Level 1:colcon.colcon_core.package_identification:_identify(install) ignored
[0.337s] Level 1:colcon.colcon_core.package_identification:_identify(log) by extensions ['ignore', 'ignore_ament_install']
[0.338s] Level 1:colcon.colcon_core.package_identification:_identify(log) by extension 'ignore'
[0.338s] Level 1:colcon.colcon_core.package_identification:_identify(log) ignored
[0.338s] Level 1:colcon.colcon_core.package_identification:_identify(src) by extensions ['ignore', 'ignore_ament_install']
[0.338s] Level 1:colcon.colcon_core.package_identification:_identify(src) by extension 'ignore'
[0.338s] Level 1:colcon.colcon_core.package_identification:_identify(src) by extension 'ignore_ament_install'
[0.338s] Level 1:colcon.colcon_core.package_identification:_identify(src) by extensions ['colcon_pkg']
[0.338s] Level 1:colcon.colcon_core.package_identification:_identify(src) by extension 'colcon_pkg'
[0.338s] Level 1:colcon.colcon_core.package_identification:_identify(src) by extensions ['colcon_meta']
[0.338s] Level 1:colcon.colcon_core.package_identification:_identify(src) by extension 'colcon_meta'
[0.338s] Level 1:colcon.colcon_core.package_identification:_identify(src) by extensions ['ros']
[0.338s] Level 1:colcon.colcon_core.package_identification:_identify(src) by extension 'ros'
[0.339s] Level 1:colcon.colcon_core.package_identification:_identify(src) by extensions ['cmake', 'python']
[0.339s] Level 1:colcon.colcon_core.package_identification:_identify(src) by extension 'cmake'
[0.339s] Level 1:colcon.colcon_core.package_identification:_identify(src) by extension 'python'
[0.339s] Level 1:colcon.colcon_core.package_identification:_identify(src) by extensions ['python_setup_py']
[0.339s] Level 1:colcon.colcon_core.package_identification:_identify(src) by extension 'python_setup_py'
[0.339s] Level 1:colcon.colcon_core.package_identification:_identify(src/build) by extensions ['ignore', 'ignore_ament_install']
[0.339s] Level 1:colcon.colcon_core.package_identification:_identify(src/build) by extension 'ignore'
[0.339s] Level 1:colcon.colcon_core.package_identification:_identify(src/build) ignored
[0.340s] Level 1:colcon.colcon_core.package_identification:_identify(src/custom_vtol_plugin) by extensions ['ignore', 'ignore_ament_install']
[0.340s] Level 1:colcon.colcon_core.package_identification:_identify(src/custom_vtol_plugin) by extension 'ignore'
[0.340s] Level 1:colcon.colcon_core.package_identification:_identify(src/custom_vtol_plugin) by extension 'ignore_ament_install'
[0.340s] Level 1:colcon.colcon_core.package_identification:_identify(src/custom_vtol_plugin) by extensions ['colcon_pkg']
[0.340s] Level 1:colcon.colcon_core.package_identification:_identify(src/custom_vtol_plugin) by extension 'colcon_pkg'
[0.340s] Level 1:colcon.colcon_core.package_identification:_identify(src/custom_vtol_plugin) by extensions ['colcon_meta']
[0.340s] Level 1:colcon.colcon_core.package_identification:_identify(src/custom_vtol_plugin) by extension 'colcon_meta'
[0.340s] Level 1:colcon.colcon_core.package_identification:_identify(src/custom_vtol_plugin) by extensions ['ros']
[0.340s] Level 1:colcon.colcon_core.package_identification:_identify(src/custom_vtol_plugin) by extension 'ros'
[0.349s] DEBUG:colcon.colcon_core.package_identification:Package 'src/custom_vtol_plugin' with type 'ros.ament_cmake' and name 'custom_vtol_plugin'
[0.349s] Level 1:colcon.colcon_core.package_identification:_identify(src/install) by extensions ['ignore', 'ignore_ament_install']
[0.349s] Level 1:colcon.colcon_core.package_identification:_identify(src/install) by extension 'ignore'
[0.349s] Level 1:colcon.colcon_core.package_identification:_identify(src/install) ignored
[0.350s] Level 1:colcon.colcon_core.package_identification:_identify(src/log) by extensions ['ignore', 'ignore_ament_install']
[0.350s] Level 1:colcon.colcon_core.package_identification:_identify(src/log) by extension 'ignore'
[0.350s] Level 1:colcon.colcon_core.package_identification:_identify(src/log) ignored
[0.350s] Level 1:colcon.colcon_core.package_identification:_identify(src/px4_msgs) by extensions ['ignore', 'ignore_ament_install']
[0.350s] Level 1:colcon.colcon_core.package_identification:_identify(src/px4_msgs) by extension 'ignore'
[0.350s] Level 1:colcon.colcon_core.package_identification:_identify(src/px4_msgs) by extension 'ignore_ament_install'
[0.350s] Level 1:colcon.colcon_core.package_identification:_identify(src/px4_msgs) by extensions ['colcon_pkg']
[0.350s] Level 1:colcon.colcon_core.package_identification:_identify(src/px4_msgs) by extension 'colcon_pkg'
[0.350s] Level 1:colcon.colcon_core.package_identification:_identify(src/px4_msgs) by extensions ['colcon_meta']
[0.350s] Level 1:colcon.colcon_core.package_identification:_identify(src/px4_msgs) by extension 'colcon_meta'
[0.351s] Level 1:colcon.colcon_core.package_identification:_identify(src/px4_msgs) by extensions ['ros']
[0.351s] Level 1:colcon.colcon_core.package_identification:_identify(src/px4_msgs) by extension 'ros'
[0.352s] DEBUG:colcon.colcon_core.package_identification:Package 'src/px4_msgs' with type 'ros.ament_cmake' and name 'px4_msgs'
[0.353s] Level 1:colcon.colcon_core.package_identification:_identify(src/px4_ros_com) by extensions ['ignore', 'ignore_ament_install']
[0.353s] Level 1:colcon.colcon_core.package_identification:_identify(src/px4_ros_com) by extension 'ignore'
[0.353s] Level 1:colcon.colcon_core.package_identification:_identify(src/px4_ros_com) by extension 'ignore_ament_install'
[0.353s] Level 1:colcon.colcon_core.package_identification:_identify(src/px4_ros_com) by extensions ['colcon_pkg']
[0.353s] Level 1:colcon.colcon_core.package_identification:_identify(src/px4_ros_com) by extension 'colcon_pkg'
[0.353s] Level 1:colcon.colcon_core.package_identification:_identify(src/px4_ros_com) by extensions ['colcon_meta']
[0.353s] Level 1:colcon.colcon_core.package_identification:_identify(src/px4_ros_com) by extension 'colcon_meta'
[0.353s] Level 1:colcon.colcon_core.package_identification:_identify(src/px4_ros_com) by extensions ['ros']
[0.353s] Level 1:colcon.colcon_core.package_identification:_identify(src/px4_ros_com) by extension 'ros'
[0.356s] DEBUG:colcon.colcon_core.package_identification:Package 'src/px4_ros_com' with type 'ros.ament_cmake' and name 'px4_ros_com'
[0.356s] Level 1:colcon.colcon_core.package_discovery:discover_packages(recursive) using defaults
[0.356s] Level 1:colcon.colcon_core.package_discovery:discover_packages(ignore) discover
[0.356s] Level 1:colcon.colcon_core.package_discovery:discover_packages(ignore) using defaults
[0.356s] Level 1:colcon.colcon_core.package_discovery:discover_packages(path) discover
[0.356s] Level 1:colcon.colcon_core.package_discovery:discover_packages(path) using defaults
[0.401s] INFO:colcon.colcon_core.package_selection:Skipping not selected package 'px4_msgs' in 'src/px4_msgs'
[0.401s] INFO:colcon.colcon_core.package_selection:Skipping not selected package 'px4_ros_com' in 'src/px4_ros_com'
[0.402s] Level 1:colcon.colcon_core.package_discovery:discover_packages(prefix_path) check parameters
[0.402s] Level 1:colcon.colcon_core.package_discovery:discover_packages(prefix_path) discover
[0.406s] WARNING:colcon.colcon_ros.prefix_path.catkin:The path '/usr/lib/x86_64-linux-gnu/cmake/gz-sim7' in the environment variable CMAKE_PREFIX_PATH doesn't exist
[0.408s] DEBUG:colcon.colcon_installed_package_information.package_discovery:Found 3 installed packages in /home/parsa/ws_ros2/install
[0.409s] DEBUG:colcon.colcon_installed_package_information.package_discovery:Found 2 installed packages in /home/parsa/install
[0.411s] DEBUG:colcon.colcon_installed_package_information.package_discovery:Found 270 installed packages in /opt/ros/humble
[0.413s] Level 1:colcon.colcon_core.package_discovery:discover_packages(prefix_path) using defaults
[0.482s] Level 5:colcon.colcon_core.verb:set package 'custom_vtol_plugin' build argument 'cmake_args' from command line to 'None'
[0.482s] Level 5:colcon.colcon_core.verb:set package 'custom_vtol_plugin' build argument 'cmake_target' from command line to 'None'
[0.482s] Level 5:colcon.colcon_core.verb:set package 'custom_vtol_plugin' build argument 'cmake_target_skip_unavailable' from command line to 'False'
[0.482s] Level 5:colcon.colcon_core.verb:set package 'custom_vtol_plugin' build argument 'cmake_clean_cache' from command line to 'False'
[0.482s] Level 5:colcon.colcon_core.verb:set package 'custom_vtol_plugin' build argument 'cmake_clean_first' from command line to 'False'
[0.482s] Level 5:colcon.colcon_core.verb:set package 'custom_vtol_plugin' build argument 'cmake_force_configure' from command line to 'False'
[0.482s] Level 5:colcon.colcon_core.verb:set package 'custom_vtol_plugin' build argument 'ament_cmake_args' from command line to 'None'
[0.482s] Level 5:colcon.colcon_core.verb:set package 'custom_vtol_plugin' build argument 'catkin_cmake_args' from command line to 'None'
[0.482s] Level 5:colcon.colcon_core.verb:set package 'custom_vtol_plugin' build argument 'catkin_skip_building_tests' from command line to 'False'
[0.483s] DEBUG:colcon.colcon_core.verb:Building package 'custom_vtol_plugin' with the following arguments: {'ament_cmake_args': None, 'build_base': '/home/parsa/ws_ros2/build/custom_vtol_plugin', 'catkin_cmake_args': None, 'catkin_skip_building_tests': False, 'cmake_args': None, 'cmake_clean_cache': False, 'cmake_clean_first': False, 'cmake_force_configure': False, 'cmake_target': None, 'cmake_target_skip_unavailable': False, 'install_base': '/home/parsa/ws_ros2/install/custom_vtol_plugin', 'merge_install': False, 'path': '/home/parsa/ws_ros2/src/custom_vtol_plugin', 'symlink_install': False, 'test_result_base': None}
[0.483s] INFO:colcon.colcon_core.executor:Executing jobs using 'parallel' executor
[0.484s] DEBUG:colcon.colcon_parallel_executor.executor.parallel:run_until_complete
[0.485s] INFO:colcon.colcon_ros.task.ament_cmake.build:Building ROS package in '/home/parsa/ws_ros2/src/custom_vtol_plugin' with build type 'ament_cmake'
[0.485s] INFO:colcon.colcon_cmake.task.cmake.build:Building CMake package in '/home/parsa/ws_ros2/src/custom_vtol_plugin'
[0.492s] INFO:colcon.colcon_core.plugin_system:Skipping extension 'colcon_core.shell.bat': Not used on non-Windows systems
[0.493s] INFO:colcon.colcon_core.shell:Skip shell extension 'powershell' for command environment: Not usable outside of PowerShell
[0.493s] DEBUG:colcon.colcon_core.shell:Skip shell extension 'dsv' for command environment
[0.510s] DEBUG:colcon.colcon_core.event_handler.log_command:Invoking command in '/home/parsa/ws_ros2/build/custom_vtol_plugin': CMAKE_PREFIX_PATH=${CMAKE_PREFIX_PATH}:/opt/ros/humble /usr/bin/cmake --build /home/parsa/ws_ros2/build/custom_vtol_plugin -- -j5 -l5
[5.497s] DEBUG:colcon.colcon_core.event_handler.log_command:Invoked command in '/home/parsa/ws_ros2/build/custom_vtol_plugin' returned '0': CMAKE_PREFIX_PATH=${CMAKE_PREFIX_PATH}:/opt/ros/humble /usr/bin/cmake --build /home/parsa/ws_ros2/build/custom_vtol_plugin -- -j5 -l5
[5.510s] DEBUG:colcon.colcon_core.event_handler.log_command:Invoking command in '/home/parsa/ws_ros2/build/custom_vtol_plugin': CMAKE_PREFIX_PATH=${CMAKE_PREFIX_PATH}:/opt/ros/humble /usr/bin/cmake --install /home/parsa/ws_ros2/build/custom_vtol_plugin
[5.601s] Level 1:colcon.colcon_core.environment:create_environment_scripts_only(custom_vtol_plugin)
[5.602s] DEBUG:colcon.colcon_core.event_handler.log_command:Invoked command in '/home/parsa/ws_ros2/build/custom_vtol_plugin' returned '0': CMAKE_PREFIX_PATH=${CMAKE_PREFIX_PATH}:/opt/ros/humble /usr/bin/cmake --install /home/parsa/ws_ros2/build/custom_vtol_plugin
[5.605s] Level 1:colcon.colcon_core.environment:checking '/home/parsa/ws_ros2/install/custom_vtol_plugin' for CMake module files
[5.607s] Level 1:colcon.colcon_core.environment:checking '/home/parsa/ws_ros2/install/custom_vtol_plugin' for CMake config files
[5.608s] Level 1:colcon.colcon_core.shell:create_environment_hook('custom_vtol_plugin', 'cmake_prefix_path')
[5.608s] INFO:colcon.colcon_core.shell:Creating environment hook '/home/parsa/ws_ros2/install/custom_vtol_plugin/share/custom_vtol_plugin/hook/cmake_prefix_path.ps1'
[5.609s] INFO:colcon.colcon_core.shell:Creating environment descriptor '/home/parsa/ws_ros2/install/custom_vtol_plugin/share/custom_vtol_plugin/hook/cmake_prefix_path.dsv'
[5.610s] INFO:colcon.colcon_core.shell:Creating environment hook '/home/parsa/ws_ros2/install/custom_vtol_plugin/share/custom_vtol_plugin/hook/cmake_prefix_path.sh'
[5.611s] Level 1:colcon.colcon_core.environment:checking '/home/parsa/ws_ros2/install/custom_vtol_plugin/lib'
[5.611s] Level 1:colcon.colcon_core.shell:create_environment_hook('custom_vtol_plugin', 'ld_library_path_lib')
[5.612s] INFO:colcon.colcon_core.shell:Creating environment hook '/home/parsa/ws_ros2/install/custom_vtol_plugin/share/custom_vtol_plugin/hook/ld_library_path_lib.ps1'
[5.612s] INFO:colcon.colcon_core.shell:Creating environment descriptor '/home/parsa/ws_ros2/install/custom_vtol_plugin/share/custom_vtol_plugin/hook/ld_library_path_lib.dsv'
[5.613s] INFO:colcon.colcon_core.shell:Creating environment hook '/home/parsa/ws_ros2/install/custom_vtol_plugin/share/custom_vtol_plugin/hook/ld_library_path_lib.sh'
[5.614s] Level 1:colcon.colcon_core.environment:checking '/home/parsa/ws_ros2/install/custom_vtol_plugin/bin'
[5.614s] Level 1:colcon.colcon_core.environment:checking '/home/parsa/ws_ros2/install/custom_vtol_plugin/lib/pkgconfig/custom_vtol_plugin.pc'
[5.614s] Level 1:colcon.colcon_core.environment:checking '/home/parsa/ws_ros2/install/custom_vtol_plugin/lib/python3.10/site-packages'
[5.615s] Level 1:colcon.colcon_core.environment:checking '/home/parsa/ws_ros2/install/custom_vtol_plugin/bin'
[5.615s] INFO:colcon.colcon_core.shell:Creating package script '/home/parsa/ws_ros2/install/custom_vtol_plugin/share/custom_vtol_plugin/package.ps1'
[5.617s] INFO:colcon.colcon_core.shell:Creating package descriptor '/home/parsa/ws_ros2/install/custom_vtol_plugin/share/custom_vtol_plugin/package.dsv'
[5.618s] INFO:colcon.colcon_core.shell:Creating package script '/home/parsa/ws_ros2/install/custom_vtol_plugin/share/custom_vtol_plugin/package.sh'
[5.619s] INFO:colcon.colcon_core.shell:Creating package script '/home/parsa/ws_ros2/install/custom_vtol_plugin/share/custom_vtol_plugin/package.bash'
[5.621s] INFO:colcon.colcon_core.shell:Creating package script '/home/parsa/ws_ros2/install/custom_vtol_plugin/share/custom_vtol_plugin/package.zsh'
[5.622s] Level 1:colcon.colcon_core.environment:create_file_with_runtime_dependencies(/home/parsa/ws_ros2/install/custom_vtol_plugin/share/colcon-core/packages/custom_vtol_plugin)
[5.623s] Level 1:colcon.colcon_core.environment:create_environment_scripts_only(custom_vtol_plugin)
[5.623s] Level 1:colcon.colcon_core.environment:checking '/home/parsa/ws_ros2/install/custom_vtol_plugin' for CMake module files
[5.624s] Level 1:colcon.colcon_core.environment:checking '/home/parsa/ws_ros2/install/custom_vtol_plugin' for CMake config files
[5.625s] Level 1:colcon.colcon_core.shell:create_environment_hook('custom_vtol_plugin', 'cmake_prefix_path')
[5.625s] INFO:colcon.colcon_core.shell:Creating environment hook '/home/parsa/ws_ros2/install/custom_vtol_plugin/share/custom_vtol_plugin/hook/cmake_prefix_path.ps1'
[5.626s] INFO:colcon.colcon_core.shell:Creating environment descriptor '/home/parsa/ws_ros2/install/custom_vtol_plugin/share/custom_vtol_plugin/hook/cmake_prefix_path.dsv'
[5.626s] INFO:colcon.colcon_core.shell:Creating environment hook '/home/parsa/ws_ros2/install/custom_vtol_plugin/share/custom_vtol_plugin/hook/cmake_prefix_path.sh'
[5.627s] Level 1:colcon.colcon_core.environment:checking '/home/parsa/ws_ros2/install/custom_vtol_plugin/lib'
[5.627s] Level 1:colcon.colcon_core.shell:create_environment_hook('custom_vtol_plugin', 'ld_library_path_lib')
[5.628s] INFO:colcon.colcon_core.shell:Creating environment hook '/home/parsa/ws_ros2/install/custom_vtol_plugin/share/custom_vtol_plugin/hook/ld_library_path_lib.ps1'
[5.628s] INFO:colcon.colcon_core.shell:Creating environment descriptor '/home/parsa/ws_ros2/install/custom_vtol_plugin/share/custom_vtol_plugin/hook/ld_library_path_lib.dsv'
[5.629s] INFO:colcon.colcon_core.shell:Creating environment hook '/home/parsa/ws_ros2/install/custom_vtol_plugin/share/custom_vtol_plugin/hook/ld_library_path_lib.sh'
[5.629s] Level 1:colcon.colcon_core.environment:checking '/home/parsa/ws_ros2/install/custom_vtol_plugin/bin'
[5.630s] Level 1:colcon.colcon_core.environment:checking '/home/parsa/ws_ros2/install/custom_vtol_plugin/lib/pkgconfig/custom_vtol_plugin.pc'
[5.630s] Level 1:colcon.colcon_core.environment:checking '/home/parsa/ws_ros2/install/custom_vtol_plugin/lib/python3.10/site-packages'
[5.630s] Level 1:colcon.colcon_core.environment:checking '/home/parsa/ws_ros2/install/custom_vtol_plugin/bin'
[5.631s] INFO:colcon.colcon_core.shell:Creating package script '/home/parsa/ws_ros2/install/custom_vtol_plugin/share/custom_vtol_plugin/package.ps1'
[5.632s] INFO:colcon.colcon_core.shell:Creating package descriptor '/home/parsa/ws_ros2/install/custom_vtol_plugin/share/custom_vtol_plugin/package.dsv'
[5.632s] INFO:colcon.colcon_core.shell:Creating package script '/home/parsa/ws_ros2/install/custom_vtol_plugin/share/custom_vtol_plugin/package.sh'
[5.633s] INFO:colcon.colcon_core.shell:Creating package script '/home/parsa/ws_ros2/install/custom_vtol_plugin/share/custom_vtol_plugin/package.bash'
[5.634s] INFO:colcon.colcon_core.shell:Creating package script '/home/parsa/ws_ros2/install/custom_vtol_plugin/share/custom_vtol_plugin/package.zsh'
[5.635s] Level 1:colcon.colcon_core.environment:create_file_with_runtime_dependencies(/home/parsa/ws_ros2/install/custom_vtol_plugin/share/colcon-core/packages/custom_vtol_plugin)
[5.635s] DEBUG:colcon.colcon_parallel_executor.executor.parallel:closing loop
[5.636s] DEBUG:colcon.colcon_parallel_executor.executor.parallel:loop closed
[5.636s] DEBUG:colcon.colcon_parallel_executor.executor.parallel:run_until_complete finished with '0'
[5.636s] DEBUG:colcon.colcon_core.event_reactor:joining thread
[5.644s] INFO:colcon.colcon_core.plugin_system:Skipping extension 'colcon_notification.desktop_notification.terminal_notifier': Not used on non-Darwin systems
[5.644s] INFO:colcon.colcon_core.plugin_system:Skipping extension 'colcon_notification.desktop_notification.win32': Not used on non-Windows systems
[5.644s] INFO:colcon.colcon_notification.desktop_notification:Sending desktop notification using 'notify2'
[5.673s] DEBUG:colcon.colcon_core.event_reactor:joined thread
[5.673s] INFO:colcon.colcon_core.shell:Creating prefix script '/home/parsa/ws_ros2/install/local_setup.ps1'
[5.675s] INFO:colcon.colcon_core.shell:Creating prefix util module '/home/parsa/ws_ros2/install/_local_setup_util_ps1.py'
[5.677s] INFO:colcon.colcon_core.shell:Creating prefix chain script '/home/parsa/ws_ros2/install/setup.ps1'
[5.679s] INFO:colcon.colcon_core.shell:Creating prefix script '/home/parsa/ws_ros2/install/local_setup.sh'
[5.680s] INFO:colcon.colcon_core.shell:Creating prefix util module '/home/parsa/ws_ros2/install/_local_setup_util_sh.py'
[5.681s] INFO:colcon.colcon_core.shell:Creating prefix chain script '/home/parsa/ws_ros2/install/setup.sh'
[5.684s] INFO:colcon.colcon_core.shell:Creating prefix script '/home/parsa/ws_ros2/install/local_setup.bash'
[5.685s] INFO:colcon.colcon_core.shell:Creating prefix chain script '/home/parsa/ws_ros2/install/setup.bash'
[5.687s] INFO:colcon.colcon_core.shell:Creating prefix script '/home/parsa/ws_ros2/install/local_setup.zsh'
[5.688s] INFO:colcon.colcon_core.shell:Creating prefix chain script '/home/parsa/ws_ros2/install/setup.zsh'
