[0.174s] DEBUG:colcon:Command line arguments: ['/usr/bin/colcon', 'build', '--packages-select', 'custom_vtol_plugin']
[0.175s] DEBUG:colcon:Parsed command line arguments: Namespace(log_base=None, log_level=None, verb_name='build', build_base='build', install_base='install', merge_install=False, symlink_install=False, test_result_base=None, continue_on_error=False, executor='parallel', parallel_workers=5, event_handlers=None, ignore_user_meta=False, metas=['./colcon.meta'], base_paths=['.'], packages_ignore=None, packages_ignore_regex=None, paths=None, packages_up_to=None, packages_up_to_regex=None, packages_above=None, packages_above_and_dependencies=None, packages_above_depth=None, packages_select_by_dep=None, packages_skip_by_dep=None, packages_skip_up_to=None, packages_select_build_failed=False, packages_skip_build_finished=False, packages_select_test_failures=False, packages_skip_test_passed=False, packages_select=['custom_vtol_plugin'], packages_skip=None, packages_select_regex=None, packages_skip_regex=None, packages_start=None, packages_end=None, allow_overriding=[], cmake_args=None, cmake_target=None, cmake_target_skip_unavailable=False, cmake_clean_cache=False, cmake_clean_first=False, cmake_force_configure=False, ament_cmake_args=None, catkin_cmake_args=None, catkin_skip_building_tests=False, verb_parser=<colcon_defaults.argument_parser.defaults.DefaultArgumentsDecorator object at 0x7bbec2e1f130>, verb_extension=<colcon_core.verb.build.BuildVerb object at 0x7bbec2e1eb60>, main=<bound method BuildVerb.main of <colcon_core.verb.build.BuildVerb object at 0x7bbec2e1eb60>>)
[0.235s] Level 1:colcon.colcon_core.package_discovery:discover_packages(colcon_meta) check parameters
[0.235s] Level 1:colcon.colcon_core.package_discovery:discover_packages(recursive) check parameters
[0.235s] Level 1:colcon.colcon_core.package_discovery:discover_packages(ignore) check parameters
[0.235s] Level 1:colcon.colcon_core.package_discovery:discover_packages(path) check parameters
[0.235s] Level 1:colcon.colcon_core.package_discovery:discover_packages(colcon_meta) discover
[0.235s] Level 1:colcon.colcon_core.package_discovery:discover_packages(recursive) discover
[0.236s] INFO:colcon.colcon_core.package_discovery:Crawling recursively for packages in '/home/parsa/ws_ros2/src/custom_vtol_plugin'
[0.236s] Level 1:colcon.colcon_core.package_identification:_identify(.) by extensions ['ignore', 'ignore_ament_install']
[0.236s] Level 1:colcon.colcon_core.package_identification:_identify(.) by extension 'ignore'
[0.236s] Level 1:colcon.colcon_core.package_identification:_identify(.) by extension 'ignore_ament_install'
[0.236s] Level 1:colcon.colcon_core.package_identification:_identify(.) by extensions ['colcon_pkg']
[0.236s] Level 1:colcon.colcon_core.package_identification:_identify(.) by extension 'colcon_pkg'
[0.236s] Level 1:colcon.colcon_core.package_identification:_identify(.) by extensions ['colcon_meta']
[0.236s] Level 1:colcon.colcon_core.package_identification:_identify(.) by extension 'colcon_meta'
[0.236s] Level 1:colcon.colcon_core.package_identification:_identify(.) by extensions ['ros']
[0.236s] Level 1:colcon.colcon_core.package_identification:_identify(.) by extension 'ros'
[0.269s] DEBUG:colcon.colcon_core.package_identification:Package '.' with type 'ros.ament_cmake' and name 'custom_vtol_plugin'
[0.269s] Level 1:colcon.colcon_core.package_discovery:discover_packages(recursive) using defaults
[0.269s] Level 1:colcon.colcon_core.package_discovery:discover_packages(ignore) discover
[0.269s] Level 1:colcon.colcon_core.package_discovery:discover_packages(ignore) using defaults
[0.269s] Level 1:colcon.colcon_core.package_discovery:discover_packages(path) discover
[0.269s] Level 1:colcon.colcon_core.package_discovery:discover_packages(path) using defaults
[0.301s] Level 1:colcon.colcon_core.package_discovery:discover_packages(prefix_path) check parameters
[0.301s] Level 1:colcon.colcon_core.package_discovery:discover_packages(prefix_path) discover
[0.303s] WARNING:colcon.colcon_ros.prefix_path.catkin:The path '/usr/lib/x86_64-linux-gnu/cmake/gz-sim7' in the environment variable CMAKE_PREFIX_PATH doesn't exist
[0.304s] DEBUG:colcon.colcon_installed_package_information.package_discovery:Found 2 installed packages in /home/parsa/ws_ros2/install
[0.306s] DEBUG:colcon.colcon_installed_package_information.package_discovery:Found 225 installed packages in /opt/ros/humble
[0.308s] Level 1:colcon.colcon_core.package_discovery:discover_packages(prefix_path) using defaults
[0.355s] Level 5:colcon.colcon_core.verb:set package 'custom_vtol_plugin' build argument 'cmake_args' from command line to 'None'
[0.355s] Level 5:colcon.colcon_core.verb:set package 'custom_vtol_plugin' build argument 'cmake_target' from command line to 'None'
[0.355s] Level 5:colcon.colcon_core.verb:set package 'custom_vtol_plugin' build argument 'cmake_target_skip_unavailable' from command line to 'False'
[0.355s] Level 5:colcon.colcon_core.verb:set package 'custom_vtol_plugin' build argument 'cmake_clean_cache' from command line to 'False'
[0.355s] Level 5:colcon.colcon_core.verb:set package 'custom_vtol_plugin' build argument 'cmake_clean_first' from command line to 'False'
[0.355s] Level 5:colcon.colcon_core.verb:set package 'custom_vtol_plugin' build argument 'cmake_force_configure' from command line to 'False'
[0.355s] Level 5:colcon.colcon_core.verb:set package 'custom_vtol_plugin' build argument 'ament_cmake_args' from command line to 'None'
[0.355s] Level 5:colcon.colcon_core.verb:set package 'custom_vtol_plugin' build argument 'catkin_cmake_args' from command line to 'None'
[0.355s] Level 5:colcon.colcon_core.verb:set package 'custom_vtol_plugin' build argument 'catkin_skip_building_tests' from command line to 'False'
[0.355s] DEBUG:colcon.colcon_core.verb:Building package 'custom_vtol_plugin' with the following arguments: {'ament_cmake_args': None, 'build_base': '/home/parsa/ws_ros2/src/custom_vtol_plugin/build/custom_vtol_plugin', 'catkin_cmake_args': None, 'catkin_skip_building_tests': False, 'cmake_args': None, 'cmake_clean_cache': False, 'cmake_clean_first': False, 'cmake_force_configure': False, 'cmake_target': None, 'cmake_target_skip_unavailable': False, 'install_base': '/home/parsa/ws_ros2/src/custom_vtol_plugin/install/custom_vtol_plugin', 'merge_install': False, 'path': '/home/parsa/ws_ros2/src/custom_vtol_plugin', 'symlink_install': False, 'test_result_base': None}
[0.355s] INFO:colcon.colcon_core.executor:Executing jobs using 'parallel' executor
[0.357s] DEBUG:colcon.colcon_parallel_executor.executor.parallel:run_until_complete
[0.357s] INFO:colcon.colcon_ros.task.ament_cmake.build:Building ROS package in '/home/parsa/ws_ros2/src/custom_vtol_plugin' with build type 'ament_cmake'
[0.357s] INFO:colcon.colcon_cmake.task.cmake.build:Building CMake package in '/home/parsa/ws_ros2/src/custom_vtol_plugin'
[0.361s] INFO:colcon.colcon_core.plugin_system:Skipping extension 'colcon_core.shell.bat': Not used on non-Windows systems
[0.361s] INFO:colcon.colcon_core.shell:Skip shell extension 'powershell' for command environment: Not usable outside of PowerShell
[0.361s] DEBUG:colcon.colcon_core.shell:Skip shell extension 'dsv' for command environment
[0.375s] DEBUG:colcon.colcon_core.event_handler.log_command:Invoking command in '/home/parsa/ws_ros2/src/custom_vtol_plugin/build/custom_vtol_plugin': CMAKE_PREFIX_PATH=${CMAKE_PREFIX_PATH}:/opt/ros/humble /usr/bin/cmake /home/parsa/ws_ros2/src/custom_vtol_plugin -DCMAKE_INSTALL_PREFIX=/home/parsa/ws_ros2/src/custom_vtol_plugin/install/custom_vtol_plugin
[5.666s] DEBUG:colcon.colcon_core.event_handler.log_command:Invoked command in '/home/parsa/ws_ros2/src/custom_vtol_plugin/build/custom_vtol_plugin' returned '0': CMAKE_PREFIX_PATH=${CMAKE_PREFIX_PATH}:/opt/ros/humble /usr/bin/cmake /home/parsa/ws_ros2/src/custom_vtol_plugin -DCMAKE_INSTALL_PREFIX=/home/parsa/ws_ros2/src/custom_vtol_plugin/install/custom_vtol_plugin
[5.670s] DEBUG:colcon.colcon_core.event_handler.log_command:Invoking command in '/home/parsa/ws_ros2/src/custom_vtol_plugin/build/custom_vtol_plugin': CMAKE_PREFIX_PATH=${CMAKE_PREFIX_PATH}:/opt/ros/humble /usr/bin/cmake --build /home/parsa/ws_ros2/src/custom_vtol_plugin/build/custom_vtol_plugin -- -j5 -l5
[27.404s] DEBUG:colcon.colcon_core.event_handler.log_command:Invoked command in '/home/parsa/ws_ros2/src/custom_vtol_plugin/build/custom_vtol_plugin' returned '0': CMAKE_PREFIX_PATH=${CMAKE_PREFIX_PATH}:/opt/ros/humble /usr/bin/cmake --build /home/parsa/ws_ros2/src/custom_vtol_plugin/build/custom_vtol_plugin -- -j5 -l5
[27.418s] DEBUG:colcon.colcon_core.event_handler.log_command:Invoking command in '/home/parsa/ws_ros2/src/custom_vtol_plugin/build/custom_vtol_plugin': CMAKE_PREFIX_PATH=${CMAKE_PREFIX_PATH}:/opt/ros/humble /usr/bin/cmake --install /home/parsa/ws_ros2/src/custom_vtol_plugin/build/custom_vtol_plugin
[27.534s] Level 1:colcon.colcon_core.environment:create_environment_scripts_only(custom_vtol_plugin)
[27.536s] DEBUG:colcon.colcon_core.event_handler.log_command:Invoked command in '/home/parsa/ws_ros2/src/custom_vtol_plugin/build/custom_vtol_plugin' returned '0': CMAKE_PREFIX_PATH=${CMAKE_PREFIX_PATH}:/opt/ros/humble /usr/bin/cmake --install /home/parsa/ws_ros2/src/custom_vtol_plugin/build/custom_vtol_plugin
[27.538s] Level 1:colcon.colcon_core.environment:checking '/home/parsa/ws_ros2/src/custom_vtol_plugin/install/custom_vtol_plugin' for CMake module files
[27.540s] Level 1:colcon.colcon_core.environment:checking '/home/parsa/ws_ros2/src/custom_vtol_plugin/install/custom_vtol_plugin' for CMake config files
[27.541s] Level 1:colcon.colcon_core.shell:create_environment_hook('custom_vtol_plugin', 'cmake_prefix_path')
[27.541s] INFO:colcon.colcon_core.shell:Creating environment hook '/home/parsa/ws_ros2/src/custom_vtol_plugin/install/custom_vtol_plugin/share/custom_vtol_plugin/hook/cmake_prefix_path.ps1'
[27.542s] INFO:colcon.colcon_core.shell:Creating environment descriptor '/home/parsa/ws_ros2/src/custom_vtol_plugin/install/custom_vtol_plugin/share/custom_vtol_plugin/hook/cmake_prefix_path.dsv'
[27.543s] INFO:colcon.colcon_core.shell:Creating environment hook '/home/parsa/ws_ros2/src/custom_vtol_plugin/install/custom_vtol_plugin/share/custom_vtol_plugin/hook/cmake_prefix_path.sh'
[27.544s] Level 1:colcon.colcon_core.environment:checking '/home/parsa/ws_ros2/src/custom_vtol_plugin/install/custom_vtol_plugin/lib'
[27.545s] Level 1:colcon.colcon_core.shell:create_environment_hook('custom_vtol_plugin', 'ld_library_path_lib')
[27.545s] INFO:colcon.colcon_core.shell:Creating environment hook '/home/parsa/ws_ros2/src/custom_vtol_plugin/install/custom_vtol_plugin/share/custom_vtol_plugin/hook/ld_library_path_lib.ps1'
[27.545s] INFO:colcon.colcon_core.shell:Creating environment descriptor '/home/parsa/ws_ros2/src/custom_vtol_plugin/install/custom_vtol_plugin/share/custom_vtol_plugin/hook/ld_library_path_lib.dsv'
[27.546s] INFO:colcon.colcon_core.shell:Creating environment hook '/home/parsa/ws_ros2/src/custom_vtol_plugin/install/custom_vtol_plugin/share/custom_vtol_plugin/hook/ld_library_path_lib.sh'
[27.547s] Level 1:colcon.colcon_core.environment:checking '/home/parsa/ws_ros2/src/custom_vtol_plugin/install/custom_vtol_plugin/bin'
[27.547s] Level 1:colcon.colcon_core.environment:checking '/home/parsa/ws_ros2/src/custom_vtol_plugin/install/custom_vtol_plugin/lib/pkgconfig/custom_vtol_plugin.pc'
[27.547s] Level 1:colcon.colcon_core.environment:checking '/home/parsa/ws_ros2/src/custom_vtol_plugin/install/custom_vtol_plugin/lib/python3.10/site-packages'
[27.548s] Level 1:colcon.colcon_core.environment:checking '/home/parsa/ws_ros2/src/custom_vtol_plugin/install/custom_vtol_plugin/bin'
[27.548s] INFO:colcon.colcon_core.shell:Creating package script '/home/parsa/ws_ros2/src/custom_vtol_plugin/install/custom_vtol_plugin/share/custom_vtol_plugin/package.ps1'
[27.550s] INFO:colcon.colcon_core.shell:Creating package descriptor '/home/parsa/ws_ros2/src/custom_vtol_plugin/install/custom_vtol_plugin/share/custom_vtol_plugin/package.dsv'
[27.551s] INFO:colcon.colcon_core.shell:Creating package script '/home/parsa/ws_ros2/src/custom_vtol_plugin/install/custom_vtol_plugin/share/custom_vtol_plugin/package.sh'
[27.552s] INFO:colcon.colcon_core.shell:Creating package script '/home/parsa/ws_ros2/src/custom_vtol_plugin/install/custom_vtol_plugin/share/custom_vtol_plugin/package.bash'
[27.553s] INFO:colcon.colcon_core.shell:Creating package script '/home/parsa/ws_ros2/src/custom_vtol_plugin/install/custom_vtol_plugin/share/custom_vtol_plugin/package.zsh'
[27.554s] Level 1:colcon.colcon_core.environment:create_file_with_runtime_dependencies(/home/parsa/ws_ros2/src/custom_vtol_plugin/install/custom_vtol_plugin/share/colcon-core/packages/custom_vtol_plugin)
[27.555s] Level 1:colcon.colcon_core.environment:create_environment_scripts_only(custom_vtol_plugin)
[27.555s] Level 1:colcon.colcon_core.environment:checking '/home/parsa/ws_ros2/src/custom_vtol_plugin/install/custom_vtol_plugin' for CMake module files
[27.556s] Level 1:colcon.colcon_core.environment:checking '/home/parsa/ws_ros2/src/custom_vtol_plugin/install/custom_vtol_plugin' for CMake config files
[27.557s] Level 1:colcon.colcon_core.shell:create_environment_hook('custom_vtol_plugin', 'cmake_prefix_path')
[27.557s] INFO:colcon.colcon_core.shell:Creating environment hook '/home/parsa/ws_ros2/src/custom_vtol_plugin/install/custom_vtol_plugin/share/custom_vtol_plugin/hook/cmake_prefix_path.ps1'
[27.558s] INFO:colcon.colcon_core.shell:Creating environment descriptor '/home/parsa/ws_ros2/src/custom_vtol_plugin/install/custom_vtol_plugin/share/custom_vtol_plugin/hook/cmake_prefix_path.dsv'
[27.558s] INFO:colcon.colcon_core.shell:Creating environment hook '/home/parsa/ws_ros2/src/custom_vtol_plugin/install/custom_vtol_plugin/share/custom_vtol_plugin/hook/cmake_prefix_path.sh'
[27.559s] Level 1:colcon.colcon_core.environment:checking '/home/parsa/ws_ros2/src/custom_vtol_plugin/install/custom_vtol_plugin/lib'
[27.559s] Level 1:colcon.colcon_core.shell:create_environment_hook('custom_vtol_plugin', 'ld_library_path_lib')
[27.560s] INFO:colcon.colcon_core.shell:Creating environment hook '/home/parsa/ws_ros2/src/custom_vtol_plugin/install/custom_vtol_plugin/share/custom_vtol_plugin/hook/ld_library_path_lib.ps1'
[27.560s] INFO:colcon.colcon_core.shell:Creating environment descriptor '/home/parsa/ws_ros2/src/custom_vtol_plugin/install/custom_vtol_plugin/share/custom_vtol_plugin/hook/ld_library_path_lib.dsv'
[27.561s] INFO:colcon.colcon_core.shell:Creating environment hook '/home/parsa/ws_ros2/src/custom_vtol_plugin/install/custom_vtol_plugin/share/custom_vtol_plugin/hook/ld_library_path_lib.sh'
[27.562s] Level 1:colcon.colcon_core.environment:checking '/home/parsa/ws_ros2/src/custom_vtol_plugin/install/custom_vtol_plugin/bin'
[27.562s] Level 1:colcon.colcon_core.environment:checking '/home/parsa/ws_ros2/src/custom_vtol_plugin/install/custom_vtol_plugin/lib/pkgconfig/custom_vtol_plugin.pc'
[27.562s] Level 1:colcon.colcon_core.environment:checking '/home/parsa/ws_ros2/src/custom_vtol_plugin/install/custom_vtol_plugin/lib/python3.10/site-packages'
[27.563s] Level 1:colcon.colcon_core.environment:checking '/home/parsa/ws_ros2/src/custom_vtol_plugin/install/custom_vtol_plugin/bin'
[27.563s] INFO:colcon.colcon_core.shell:Creating package script '/home/parsa/ws_ros2/src/custom_vtol_plugin/install/custom_vtol_plugin/share/custom_vtol_plugin/package.ps1'
[27.564s] INFO:colcon.colcon_core.shell:Creating package descriptor '/home/parsa/ws_ros2/src/custom_vtol_plugin/install/custom_vtol_plugin/share/custom_vtol_plugin/package.dsv'
[27.565s] INFO:colcon.colcon_core.shell:Creating package script '/home/parsa/ws_ros2/src/custom_vtol_plugin/install/custom_vtol_plugin/share/custom_vtol_plugin/package.sh'
[27.566s] INFO:colcon.colcon_core.shell:Creating package script '/home/parsa/ws_ros2/src/custom_vtol_plugin/install/custom_vtol_plugin/share/custom_vtol_plugin/package.bash'
[27.567s] INFO:colcon.colcon_core.shell:Creating package script '/home/parsa/ws_ros2/src/custom_vtol_plugin/install/custom_vtol_plugin/share/custom_vtol_plugin/package.zsh'
[27.568s] Level 1:colcon.colcon_core.environment:create_file_with_runtime_dependencies(/home/parsa/ws_ros2/src/custom_vtol_plugin/install/custom_vtol_plugin/share/colcon-core/packages/custom_vtol_plugin)
[27.568s] DEBUG:colcon.colcon_parallel_executor.executor.parallel:closing loop
[27.568s] DEBUG:colcon.colcon_parallel_executor.executor.parallel:loop closed
[27.568s] DEBUG:colcon.colcon_parallel_executor.executor.parallel:run_until_complete finished with '0'
[27.568s] DEBUG:colcon.colcon_core.event_reactor:joining thread
[27.579s] INFO:colcon.colcon_core.plugin_system:Skipping extension 'colcon_notification.desktop_notification.terminal_notifier': Not used on non-Darwin systems
[27.579s] INFO:colcon.colcon_core.plugin_system:Skipping extension 'colcon_notification.desktop_notification.win32': Not used on non-Windows systems
[27.579s] INFO:colcon.colcon_notification.desktop_notification:Sending desktop notification using 'notify2'
[27.605s] DEBUG:colcon.colcon_core.event_reactor:joined thread
[27.605s] INFO:colcon.colcon_core.shell:Creating prefix script '/home/parsa/ws_ros2/src/custom_vtol_plugin/install/local_setup.ps1'
[27.607s] INFO:colcon.colcon_core.shell:Creating prefix util module '/home/parsa/ws_ros2/src/custom_vtol_plugin/install/_local_setup_util_ps1.py'
[27.609s] INFO:colcon.colcon_core.shell:Creating prefix chain script '/home/parsa/ws_ros2/src/custom_vtol_plugin/install/setup.ps1'
[27.611s] INFO:colcon.colcon_core.shell:Creating prefix script '/home/parsa/ws_ros2/src/custom_vtol_plugin/install/local_setup.sh'
[27.612s] INFO:colcon.colcon_core.shell:Creating prefix util module '/home/parsa/ws_ros2/src/custom_vtol_plugin/install/_local_setup_util_sh.py'
[27.612s] INFO:colcon.colcon_core.shell:Creating prefix chain script '/home/parsa/ws_ros2/src/custom_vtol_plugin/install/setup.sh'
[27.614s] INFO:colcon.colcon_core.shell:Creating prefix script '/home/parsa/ws_ros2/src/custom_vtol_plugin/install/local_setup.bash'
[27.615s] INFO:colcon.colcon_core.shell:Creating prefix chain script '/home/parsa/ws_ros2/src/custom_vtol_plugin/install/setup.bash'
[27.616s] INFO:colcon.colcon_core.shell:Creating prefix script '/home/parsa/ws_ros2/src/custom_vtol_plugin/install/local_setup.zsh'
[27.617s] INFO:colcon.colcon_core.shell:Creating prefix chain script '/home/parsa/ws_ros2/src/custom_vtol_plugin/install/setup.zsh'
