[0.201s] DEBUG:colcon:Command line arguments: ['/usr/bin/colcon', 'build', '--packages-select', 'custom_vtol_plugin']
[0.201s] DEBUG:colcon:Parsed command line arguments: Namespace(log_base=None, log_level=None, verb_name='build', build_base='build', install_base='install', merge_install=False, symlink_install=False, test_result_base=None, continue_on_error=False, executor='parallel', parallel_workers=5, event_handlers=None, ignore_user_meta=False, metas=['./colcon.meta'], base_paths=['.'], packages_ignore=None, packages_ignore_regex=None, paths=None, packages_up_to=None, packages_up_to_regex=None, packages_above=None, packages_above_and_dependencies=None, packages_above_depth=None, packages_select_by_dep=None, packages_skip_by_dep=None, packages_skip_up_to=None, packages_select_build_failed=False, packages_skip_build_finished=False, packages_select_test_failures=False, packages_skip_test_passed=False, packages_select=['custom_vtol_plugin'], packages_skip=None, packages_select_regex=None, packages_skip_regex=None, packages_start=None, packages_end=None, allow_overriding=[], cmake_args=None, cmake_target=None, cmake_target_skip_unavailable=False, cmake_clean_cache=False, cmake_clean_first=False, cmake_force_configure=False, ament_cmake_args=None, catkin_cmake_args=None, catkin_skip_building_tests=False, verb_parser=<colcon_defaults.argument_parser.defaults.DefaultArgumentsDecorator object at 0x7d1f7c330490>, verb_extension=<colcon_core.verb.build.BuildVerb object at 0x7d1f7c2fbf10>, main=<bound method BuildVerb.main of <colcon_core.verb.build.BuildVerb object at 0x7d1f7c2fbf10>>)
[0.281s] Level 1:colcon.colcon_core.package_discovery:discover_packages(colcon_meta) check parameters
[0.282s] Level 1:colcon.colcon_core.package_discovery:discover_packages(recursive) check parameters
[0.282s] Level 1:colcon.colcon_core.package_discovery:discover_packages(ignore) check parameters
[0.282s] Level 1:colcon.colcon_core.package_discovery:discover_packages(path) check parameters
[0.282s] Level 1:colcon.colcon_core.package_discovery:discover_packages(colcon_meta) discover
[0.282s] Level 1:colcon.colcon_core.package_discovery:discover_packages(recursive) discover
[0.282s] INFO:colcon.colcon_core.package_discovery:Crawling recursively for packages in '/home/parsa/ws_ros2'
[0.282s] Level 1:colcon.colcon_core.package_identification:_identify(.) by extensions ['ignore', 'ignore_ament_install']
[0.282s] Level 1:colcon.colcon_core.package_identification:_identify(.) by extension 'ignore'
[0.282s] Level 1:colcon.colcon_core.package_identification:_identify(.) by extension 'ignore_ament_install'
[0.282s] Level 1:colcon.colcon_core.package_identification:_identify(.) by extensions ['colcon_pkg']
[0.282s] Level 1:colcon.colcon_core.package_identification:_identify(.) by extension 'colcon_pkg'
[0.283s] Level 1:colcon.colcon_core.package_identification:_identify(.) by extensions ['colcon_meta']
[0.283s] Level 1:colcon.colcon_core.package_identification:_identify(.) by extension 'colcon_meta'
[0.283s] Level 1:colcon.colcon_core.package_identification:_identify(.) by extensions ['ros']
[0.283s] Level 1:colcon.colcon_core.package_identification:_identify(.) by extension 'ros'
[0.311s] Level 1:colcon.colcon_core.package_identification:_identify(.) by extensions ['cmake', 'python']
[0.311s] Level 1:colcon.colcon_core.package_identification:_identify(.) by extension 'cmake'
[0.311s] Level 1:colcon.colcon_core.package_identification:_identify(.) by extension 'python'
[0.311s] Level 1:colcon.colcon_core.package_identification:_identify(.) by extensions ['python_setup_py']
[0.311s] Level 1:colcon.colcon_core.package_identification:_identify(.) by extension 'python_setup_py'
[0.311s] Level 1:colcon.colcon_core.package_identification:_identify(build) by extensions ['ignore', 'ignore_ament_install']
[0.311s] Level 1:colcon.colcon_core.package_identification:_identify(build) by extension 'ignore'
[0.311s] Level 1:colcon.colcon_core.package_identification:_identify(build) ignored
[0.312s] Level 1:colcon.colcon_core.package_identification:_identify(install) by extensions ['ignore', 'ignore_ament_install']
[0.312s] Level 1:colcon.colcon_core.package_identification:_identify(install) by extension 'ignore'
[0.312s] Level 1:colcon.colcon_core.package_identification:_identify(install) ignored
[0.312s] Level 1:colcon.colcon_core.package_identification:_identify(log) by extensions ['ignore', 'ignore_ament_install']
[0.312s] Level 1:colcon.colcon_core.package_identification:_identify(log) by extension 'ignore'
[0.313s] Level 1:colcon.colcon_core.package_identification:_identify(log) ignored
[0.313s] Level 1:colcon.colcon_core.package_identification:_identify(src) by extensions ['ignore', 'ignore_ament_install']
[0.313s] Level 1:colcon.colcon_core.package_identification:_identify(src) by extension 'ignore'
[0.313s] Level 1:colcon.colcon_core.package_identification:_identify(src) by extension 'ignore_ament_install'
[0.313s] Level 1:colcon.colcon_core.package_identification:_identify(src) by extensions ['colcon_pkg']
[0.313s] Level 1:colcon.colcon_core.package_identification:_identify(src) by extension 'colcon_pkg'
[0.313s] Level 1:colcon.colcon_core.package_identification:_identify(src) by extensions ['colcon_meta']
[0.313s] Level 1:colcon.colcon_core.package_identification:_identify(src) by extension 'colcon_meta'
[0.313s] Level 1:colcon.colcon_core.package_identification:_identify(src) by extensions ['ros']
[0.313s] Level 1:colcon.colcon_core.package_identification:_identify(src) by extension 'ros'
[0.314s] Level 1:colcon.colcon_core.package_identification:_identify(src) by extensions ['cmake', 'python']
[0.314s] Level 1:colcon.colcon_core.package_identification:_identify(src) by extension 'cmake'
[0.314s] Level 1:colcon.colcon_core.package_identification:_identify(src) by extension 'python'
[0.314s] Level 1:colcon.colcon_core.package_identification:_identify(src) by extensions ['python_setup_py']
[0.314s] Level 1:colcon.colcon_core.package_identification:_identify(src) by extension 'python_setup_py'
[0.314s] Level 1:colcon.colcon_core.package_identification:_identify(src/build) by extensions ['ignore', 'ignore_ament_install']
[0.314s] Level 1:colcon.colcon_core.package_identification:_identify(src/build) by extension 'ignore'
[0.314s] Level 1:colcon.colcon_core.package_identification:_identify(src/build) ignored
[0.314s] Level 1:colcon.colcon_core.package_identification:_identify(src/custom_bridge_cpp) by extensions ['ignore', 'ignore_ament_install']
[0.314s] Level 1:colcon.colcon_core.package_identification:_identify(src/custom_bridge_cpp) by extension 'ignore'
[0.315s] Level 1:colcon.colcon_core.package_identification:_identify(src/custom_bridge_cpp) by extension 'ignore_ament_install'
[0.315s] Level 1:colcon.colcon_core.package_identification:_identify(src/custom_bridge_cpp) by extensions ['colcon_pkg']
[0.315s] Level 1:colcon.colcon_core.package_identification:_identify(src/custom_bridge_cpp) by extension 'colcon_pkg'
[0.315s] Level 1:colcon.colcon_core.package_identification:_identify(src/custom_bridge_cpp) by extensions ['colcon_meta']
[0.315s] Level 1:colcon.colcon_core.package_identification:_identify(src/custom_bridge_cpp) by extension 'colcon_meta'
[0.315s] Level 1:colcon.colcon_core.package_identification:_identify(src/custom_bridge_cpp) by extensions ['ros']
[0.315s] Level 1:colcon.colcon_core.package_identification:_identify(src/custom_bridge_cpp) by extension 'ros'
[0.320s] DEBUG:colcon.colcon_core.package_identification:Package 'src/custom_bridge_cpp' with type 'ros.ament_cmake' and name 'custom_bridge_cpp'
[0.320s] Level 1:colcon.colcon_core.package_identification:_identify(src/custom_vtol_plugin) by extensions ['ignore', 'ignore_ament_install']
[0.321s] Level 1:colcon.colcon_core.package_identification:_identify(src/custom_vtol_plugin) by extension 'ignore'
[0.321s] Level 1:colcon.colcon_core.package_identification:_identify(src/custom_vtol_plugin) by extension 'ignore_ament_install'
[0.321s] Level 1:colcon.colcon_core.package_identification:_identify(src/custom_vtol_plugin) by extensions ['colcon_pkg']
[0.321s] Level 1:colcon.colcon_core.package_identification:_identify(src/custom_vtol_plugin) by extension 'colcon_pkg'
[0.321s] Level 1:colcon.colcon_core.package_identification:_identify(src/custom_vtol_plugin) by extensions ['colcon_meta']
[0.321s] Level 1:colcon.colcon_core.package_identification:_identify(src/custom_vtol_plugin) by extension 'colcon_meta'
[0.321s] Level 1:colcon.colcon_core.package_identification:_identify(src/custom_vtol_plugin) by extensions ['ros']
[0.321s] Level 1:colcon.colcon_core.package_identification:_identify(src/custom_vtol_plugin) by extension 'ros'
[0.323s] DEBUG:colcon.colcon_core.package_identification:Package 'src/custom_vtol_plugin' with type 'ros.ament_cmake' and name 'custom_vtol_plugin'
[0.323s] Level 1:colcon.colcon_core.package_identification:_identify(src/install) by extensions ['ignore', 'ignore_ament_install']
[0.323s] Level 1:colcon.colcon_core.package_identification:_identify(src/install) by extension 'ignore'
[0.323s] Level 1:colcon.colcon_core.package_identification:_identify(src/install) ignored
[0.323s] Level 1:colcon.colcon_core.package_identification:_identify(src/log) by extensions ['ignore', 'ignore_ament_install']
[0.324s] Level 1:colcon.colcon_core.package_identification:_identify(src/log) by extension 'ignore'
[0.324s] Level 1:colcon.colcon_core.package_identification:_identify(src/log) ignored
[0.324s] Level 1:colcon.colcon_core.package_identification:_identify(src/px4_msgs) by extensions ['ignore', 'ignore_ament_install']
[0.324s] Level 1:colcon.colcon_core.package_identification:_identify(src/px4_msgs) by extension 'ignore'
[0.324s] Level 1:colcon.colcon_core.package_identification:_identify(src/px4_msgs) by extension 'ignore_ament_install'
[0.324s] Level 1:colcon.colcon_core.package_identification:_identify(src/px4_msgs) by extensions ['colcon_pkg']
[0.324s] Level 1:colcon.colcon_core.package_identification:_identify(src/px4_msgs) by extension 'colcon_pkg'
[0.324s] Level 1:colcon.colcon_core.package_identification:_identify(src/px4_msgs) by extensions ['colcon_meta']
[0.324s] Level 1:colcon.colcon_core.package_identification:_identify(src/px4_msgs) by extension 'colcon_meta'
[0.324s] Level 1:colcon.colcon_core.package_identification:_identify(src/px4_msgs) by extensions ['ros']
[0.324s] Level 1:colcon.colcon_core.package_identification:_identify(src/px4_msgs) by extension 'ros'
[0.326s] DEBUG:colcon.colcon_core.package_identification:Package 'src/px4_msgs' with type 'ros.ament_cmake' and name 'px4_msgs'
[0.326s] Level 1:colcon.colcon_core.package_identification:_identify(src/px4_ros_com) by extensions ['ignore', 'ignore_ament_install']
[0.326s] Level 1:colcon.colcon_core.package_identification:_identify(src/px4_ros_com) by extension 'ignore'
[0.326s] Level 1:colcon.colcon_core.package_identification:_identify(src/px4_ros_com) by extension 'ignore_ament_install'
[0.326s] Level 1:colcon.colcon_core.package_identification:_identify(src/px4_ros_com) by extensions ['colcon_pkg']
[0.326s] Level 1:colcon.colcon_core.package_identification:_identify(src/px4_ros_com) by extension 'colcon_pkg'
[0.326s] Level 1:colcon.colcon_core.package_identification:_identify(src/px4_ros_com) by extensions ['colcon_meta']
[0.326s] Level 1:colcon.colcon_core.package_identification:_identify(src/px4_ros_com) by extension 'colcon_meta'
[0.326s] Level 1:colcon.colcon_core.package_identification:_identify(src/px4_ros_com) by extensions ['ros']
[0.327s] Level 1:colcon.colcon_core.package_identification:_identify(src/px4_ros_com) by extension 'ros'
[0.328s] DEBUG:colcon.colcon_core.package_identification:Package 'src/px4_ros_com' with type 'ros.ament_cmake' and name 'px4_ros_com'
[0.329s] Level 1:colcon.colcon_core.package_discovery:discover_packages(recursive) using defaults
[0.329s] Level 1:colcon.colcon_core.package_discovery:discover_packages(ignore) discover
[0.329s] Level 1:colcon.colcon_core.package_discovery:discover_packages(ignore) using defaults
[0.329s] Level 1:colcon.colcon_core.package_discovery:discover_packages(path) discover
[0.329s] Level 1:colcon.colcon_core.package_discovery:discover_packages(path) using defaults
[0.369s] INFO:colcon.colcon_core.package_selection:Skipping not selected package 'custom_bridge_cpp' in 'src/custom_bridge_cpp'
[0.369s] INFO:colcon.colcon_core.package_selection:Skipping not selected package 'px4_msgs' in 'src/px4_msgs'
[0.369s] INFO:colcon.colcon_core.package_selection:Skipping not selected package 'px4_ros_com' in 'src/px4_ros_com'
[0.370s] Level 1:colcon.colcon_core.package_discovery:discover_packages(prefix_path) check parameters
[0.370s] Level 1:colcon.colcon_core.package_discovery:discover_packages(prefix_path) discover
[0.372s] WARNING:colcon.colcon_ros.prefix_path.catkin:The path '/usr/lib/x86_64-linux-gnu/cmake/gz-sim7' in the environment variable CMAKE_PREFIX_PATH doesn't exist
[0.374s] DEBUG:colcon.colcon_installed_package_information.package_discovery:Found 4 installed packages in /home/parsa/ws_ros2/install
[0.375s] DEBUG:colcon.colcon_installed_package_information.package_discovery:Found 3 installed packages in /home/parsa/install
[0.377s] DEBUG:colcon.colcon_installed_package_information.package_discovery:Found 271 installed packages in /opt/ros/humble
[0.379s] Level 1:colcon.colcon_core.package_discovery:discover_packages(prefix_path) using defaults
[0.439s] Level 5:colcon.colcon_core.verb:set package 'custom_vtol_plugin' build argument 'cmake_args' from command line to 'None'
[0.439s] Level 5:colcon.colcon_core.verb:set package 'custom_vtol_plugin' build argument 'cmake_target' from command line to 'None'
[0.439s] Level 5:colcon.colcon_core.verb:set package 'custom_vtol_plugin' build argument 'cmake_target_skip_unavailable' from command line to 'False'
[0.439s] Level 5:colcon.colcon_core.verb:set package 'custom_vtol_plugin' build argument 'cmake_clean_cache' from command line to 'False'
[0.439s] Level 5:colcon.colcon_core.verb:set package 'custom_vtol_plugin' build argument 'cmake_clean_first' from command line to 'False'
[0.439s] Level 5:colcon.colcon_core.verb:set package 'custom_vtol_plugin' build argument 'cmake_force_configure' from command line to 'False'
[0.439s] Level 5:colcon.colcon_core.verb:set package 'custom_vtol_plugin' build argument 'ament_cmake_args' from command line to 'None'
[0.439s] Level 5:colcon.colcon_core.verb:set package 'custom_vtol_plugin' build argument 'catkin_cmake_args' from command line to 'None'
[0.439s] Level 5:colcon.colcon_core.verb:set package 'custom_vtol_plugin' build argument 'catkin_skip_building_tests' from command line to 'False'
[0.439s] DEBUG:colcon.colcon_core.verb:Building package 'custom_vtol_plugin' with the following arguments: {'ament_cmake_args': None, 'build_base': '/home/parsa/ws_ros2/build/custom_vtol_plugin', 'catkin_cmake_args': None, 'catkin_skip_building_tests': False, 'cmake_args': None, 'cmake_clean_cache': False, 'cmake_clean_first': False, 'cmake_force_configure': False, 'cmake_target': None, 'cmake_target_skip_unavailable': False, 'install_base': '/home/parsa/ws_ros2/install/custom_vtol_plugin', 'merge_install': False, 'path': '/home/parsa/ws_ros2/src/custom_vtol_plugin', 'symlink_install': False, 'test_result_base': None}
[0.439s] INFO:colcon.colcon_core.executor:Executing jobs using 'parallel' executor
[0.441s] DEBUG:colcon.colcon_parallel_executor.executor.parallel:run_until_complete
[0.442s] INFO:colcon.colcon_ros.task.ament_cmake.build:Building ROS package in '/home/parsa/ws_ros2/src/custom_vtol_plugin' with build type 'ament_cmake'
[0.442s] INFO:colcon.colcon_cmake.task.cmake.build:Building CMake package in '/home/parsa/ws_ros2/src/custom_vtol_plugin'
[0.447s] INFO:colcon.colcon_core.plugin_system:Skipping extension 'colcon_core.shell.bat': Not used on non-Windows systems
[0.448s] INFO:colcon.colcon_core.shell:Skip shell extension 'powershell' for command environment: Not usable outside of PowerShell
[0.448s] DEBUG:colcon.colcon_core.shell:Skip shell extension 'dsv' for command environment
[0.476s] DEBUG:colcon.colcon_core.event_handler.log_command:Invoking command in '/home/parsa/ws_ros2/build/custom_vtol_plugin': CMAKE_PREFIX_PATH=${CMAKE_PREFIX_PATH}:/opt/ros/humble /usr/bin/cmake --build /home/parsa/ws_ros2/build/custom_vtol_plugin -- -j5 -l5
[24.917s] DEBUG:colcon.colcon_core.event_handler.log_command:Invoked command in '/home/parsa/ws_ros2/build/custom_vtol_plugin' returned '0': CMAKE_PREFIX_PATH=${CMAKE_PREFIX_PATH}:/opt/ros/humble /usr/bin/cmake --build /home/parsa/ws_ros2/build/custom_vtol_plugin -- -j5 -l5
[24.937s] DEBUG:colcon.colcon_core.event_handler.log_command:Invoking command in '/home/parsa/ws_ros2/build/custom_vtol_plugin': CMAKE_PREFIX_PATH=${CMAKE_PREFIX_PATH}:/opt/ros/humble /usr/bin/cmake --install /home/parsa/ws_ros2/build/custom_vtol_plugin
[25.125s] Level 1:colcon.colcon_core.environment:create_environment_scripts_only(custom_vtol_plugin)
[25.125s] DEBUG:colcon.colcon_core.event_handler.log_command:Invoked command in '/home/parsa/ws_ros2/build/custom_vtol_plugin' returned '0': CMAKE_PREFIX_PATH=${CMAKE_PREFIX_PATH}:/opt/ros/humble /usr/bin/cmake --install /home/parsa/ws_ros2/build/custom_vtol_plugin
[25.137s] Level 1:colcon.colcon_core.environment:checking '/home/parsa/ws_ros2/install/custom_vtol_plugin' for CMake module files
[25.138s] Level 1:colcon.colcon_core.environment:checking '/home/parsa/ws_ros2/install/custom_vtol_plugin' for CMake config files
[25.146s] Level 1:colcon.colcon_core.shell:create_environment_hook('custom_vtol_plugin', 'cmake_prefix_path')
[25.146s] INFO:colcon.colcon_core.shell:Creating environment hook '/home/parsa/ws_ros2/install/custom_vtol_plugin/share/custom_vtol_plugin/hook/cmake_prefix_path.ps1'
[25.148s] INFO:colcon.colcon_core.shell:Creating environment descriptor '/home/parsa/ws_ros2/install/custom_vtol_plugin/share/custom_vtol_plugin/hook/cmake_prefix_path.dsv'
[25.149s] INFO:colcon.colcon_core.shell:Creating environment hook '/home/parsa/ws_ros2/install/custom_vtol_plugin/share/custom_vtol_plugin/hook/cmake_prefix_path.sh'
[25.151s] Level 1:colcon.colcon_core.environment:checking '/home/parsa/ws_ros2/install/custom_vtol_plugin/lib'
[25.151s] Level 1:colcon.colcon_core.shell:create_environment_hook('custom_vtol_plugin', 'ld_library_path_lib')
[25.152s] INFO:colcon.colcon_core.shell:Creating environment hook '/home/parsa/ws_ros2/install/custom_vtol_plugin/share/custom_vtol_plugin/hook/ld_library_path_lib.ps1'
[25.153s] INFO:colcon.colcon_core.shell:Creating environment descriptor '/home/parsa/ws_ros2/install/custom_vtol_plugin/share/custom_vtol_plugin/hook/ld_library_path_lib.dsv'
[25.153s] INFO:colcon.colcon_core.shell:Creating environment hook '/home/parsa/ws_ros2/install/custom_vtol_plugin/share/custom_vtol_plugin/hook/ld_library_path_lib.sh'
[25.154s] Level 1:colcon.colcon_core.environment:checking '/home/parsa/ws_ros2/install/custom_vtol_plugin/bin'
[25.154s] Level 1:colcon.colcon_core.environment:checking '/home/parsa/ws_ros2/install/custom_vtol_plugin/lib/pkgconfig/custom_vtol_plugin.pc'
[25.155s] Level 1:colcon.colcon_core.environment:checking '/home/parsa/ws_ros2/install/custom_vtol_plugin/lib/python3.10/site-packages'
[25.156s] Level 1:colcon.colcon_core.environment:checking '/home/parsa/ws_ros2/install/custom_vtol_plugin/bin'
[25.156s] INFO:colcon.colcon_core.shell:Creating package script '/home/parsa/ws_ros2/install/custom_vtol_plugin/share/custom_vtol_plugin/package.ps1'
[25.158s] INFO:colcon.colcon_core.shell:Creating package descriptor '/home/parsa/ws_ros2/install/custom_vtol_plugin/share/custom_vtol_plugin/package.dsv'
[25.159s] INFO:colcon.colcon_core.shell:Creating package script '/home/parsa/ws_ros2/install/custom_vtol_plugin/share/custom_vtol_plugin/package.sh'
[25.161s] INFO:colcon.colcon_core.shell:Creating package script '/home/parsa/ws_ros2/install/custom_vtol_plugin/share/custom_vtol_plugin/package.bash'
[25.162s] INFO:colcon.colcon_core.shell:Creating package script '/home/parsa/ws_ros2/install/custom_vtol_plugin/share/custom_vtol_plugin/package.zsh'
[25.164s] Level 1:colcon.colcon_core.environment:create_file_with_runtime_dependencies(/home/parsa/ws_ros2/install/custom_vtol_plugin/share/colcon-core/packages/custom_vtol_plugin)
[25.165s] Level 1:colcon.colcon_core.environment:create_environment_scripts_only(custom_vtol_plugin)
[25.165s] Level 1:colcon.colcon_core.environment:checking '/home/parsa/ws_ros2/install/custom_vtol_plugin' for CMake module files
[25.166s] Level 1:colcon.colcon_core.environment:checking '/home/parsa/ws_ros2/install/custom_vtol_plugin' for CMake config files
[25.168s] Level 1:colcon.colcon_core.shell:create_environment_hook('custom_vtol_plugin', 'cmake_prefix_path')
[25.168s] INFO:colcon.colcon_core.shell:Creating environment hook '/home/parsa/ws_ros2/install/custom_vtol_plugin/share/custom_vtol_plugin/hook/cmake_prefix_path.ps1'
[25.169s] INFO:colcon.colcon_core.shell:Creating environment descriptor '/home/parsa/ws_ros2/install/custom_vtol_plugin/share/custom_vtol_plugin/hook/cmake_prefix_path.dsv'
[25.170s] INFO:colcon.colcon_core.shell:Creating environment hook '/home/parsa/ws_ros2/install/custom_vtol_plugin/share/custom_vtol_plugin/hook/cmake_prefix_path.sh'
[25.171s] Level 1:colcon.colcon_core.environment:checking '/home/parsa/ws_ros2/install/custom_vtol_plugin/lib'
[25.171s] Level 1:colcon.colcon_core.shell:create_environment_hook('custom_vtol_plugin', 'ld_library_path_lib')
[25.172s] INFO:colcon.colcon_core.shell:Creating environment hook '/home/parsa/ws_ros2/install/custom_vtol_plugin/share/custom_vtol_plugin/hook/ld_library_path_lib.ps1'
[25.172s] INFO:colcon.colcon_core.shell:Creating environment descriptor '/home/parsa/ws_ros2/install/custom_vtol_plugin/share/custom_vtol_plugin/hook/ld_library_path_lib.dsv'
[25.173s] INFO:colcon.colcon_core.shell:Creating environment hook '/home/parsa/ws_ros2/install/custom_vtol_plugin/share/custom_vtol_plugin/hook/ld_library_path_lib.sh'
[25.174s] Level 1:colcon.colcon_core.environment:checking '/home/parsa/ws_ros2/install/custom_vtol_plugin/bin'
[25.174s] Level 1:colcon.colcon_core.environment:checking '/home/parsa/ws_ros2/install/custom_vtol_plugin/lib/pkgconfig/custom_vtol_plugin.pc'
[25.175s] Level 1:colcon.colcon_core.environment:checking '/home/parsa/ws_ros2/install/custom_vtol_plugin/lib/python3.10/site-packages'
[25.175s] Level 1:colcon.colcon_core.environment:checking '/home/parsa/ws_ros2/install/custom_vtol_plugin/bin'
[25.176s] INFO:colcon.colcon_core.shell:Creating package script '/home/parsa/ws_ros2/install/custom_vtol_plugin/share/custom_vtol_plugin/package.ps1'
[25.177s] INFO:colcon.colcon_core.shell:Creating package descriptor '/home/parsa/ws_ros2/install/custom_vtol_plugin/share/custom_vtol_plugin/package.dsv'
[25.179s] INFO:colcon.colcon_core.shell:Creating package script '/home/parsa/ws_ros2/install/custom_vtol_plugin/share/custom_vtol_plugin/package.sh'
[25.180s] INFO:colcon.colcon_core.shell:Creating package script '/home/parsa/ws_ros2/install/custom_vtol_plugin/share/custom_vtol_plugin/package.bash'
[25.180s] INFO:colcon.colcon_core.shell:Creating package script '/home/parsa/ws_ros2/install/custom_vtol_plugin/share/custom_vtol_plugin/package.zsh'
[25.181s] Level 1:colcon.colcon_core.environment:create_file_with_runtime_dependencies(/home/parsa/ws_ros2/install/custom_vtol_plugin/share/colcon-core/packages/custom_vtol_plugin)
[25.181s] DEBUG:colcon.colcon_parallel_executor.executor.parallel:closing loop
[25.182s] DEBUG:colcon.colcon_parallel_executor.executor.parallel:loop closed
[25.182s] DEBUG:colcon.colcon_parallel_executor.executor.parallel:run_until_complete finished with '0'
[25.182s] DEBUG:colcon.colcon_core.event_reactor:joining thread
[25.193s] INFO:colcon.colcon_core.plugin_system:Skipping extension 'colcon_notification.desktop_notification.terminal_notifier': Not used on non-Darwin systems
[25.193s] INFO:colcon.colcon_core.plugin_system:Skipping extension 'colcon_notification.desktop_notification.win32': Not used on non-Windows systems
[25.193s] INFO:colcon.colcon_notification.desktop_notification:Sending desktop notification using 'notify2'
[25.231s] DEBUG:colcon.colcon_core.event_reactor:joined thread
[25.231s] INFO:colcon.colcon_core.shell:Creating prefix script '/home/parsa/ws_ros2/install/local_setup.ps1'
[25.234s] INFO:colcon.colcon_core.shell:Creating prefix util module '/home/parsa/ws_ros2/install/_local_setup_util_ps1.py'
[25.236s] INFO:colcon.colcon_core.shell:Creating prefix chain script '/home/parsa/ws_ros2/install/setup.ps1'
[25.239s] INFO:colcon.colcon_core.shell:Creating prefix script '/home/parsa/ws_ros2/install/local_setup.sh'
[25.240s] INFO:colcon.colcon_core.shell:Creating prefix util module '/home/parsa/ws_ros2/install/_local_setup_util_sh.py'
[25.241s] INFO:colcon.colcon_core.shell:Creating prefix chain script '/home/parsa/ws_ros2/install/setup.sh'
[25.243s] INFO:colcon.colcon_core.shell:Creating prefix script '/home/parsa/ws_ros2/install/local_setup.bash'
[25.244s] INFO:colcon.colcon_core.shell:Creating prefix chain script '/home/parsa/ws_ros2/install/setup.bash'
[25.247s] INFO:colcon.colcon_core.shell:Creating prefix script '/home/parsa/ws_ros2/install/local_setup.zsh'
[25.247s] INFO:colcon.colcon_core.shell:Creating prefix chain script '/home/parsa/ws_ros2/install/setup.zsh'
