[0.017s] Invoking command in '/home/parsa/ws_ros2/src/custom_vtol_plugin/build/custom_vtol_plugin': CMAKE_PREFIX_PATH=${CMAKE_PREFIX_PATH}:/opt/ros/humble /usr/bin/cmake /home/parsa/ws_ros2/src/custom_vtol_plugin -DCMAKE_INSTALL_PREFIX=/home/parsa/ws_ros2/src/custom_vtol_plugin/install/custom_vtol_plugin
[0.108s] -- The CXX compiler identification is GNU 11.4.0
[0.175s] -- The C compiler identification is GNU 11.4.0
[0.185s] -- Detecting CXX compiler ABI info
[0.298s] -- Detecting CXX compiler ABI info - done
[0.309s] -- Check for working CXX compiler: /usr/bin/c++ - skipped
[0.309s] -- Detecting CXX compile features
[0.309s] -- Detecting CXX compile features - done
[0.313s] -- Detecting C compiler ABI info
[0.409s] -- Detecting C compiler ABI info - done
[0.424s] -- Check for working C compiler: /usr/bin/cc - skipped
[0.424s] -- Detecting C compile features
[0.424s] -- Detecting C compile features - done
[0.439s] -- Found ament_cmake: 1.3.12 (/opt/ros/humble/share/ament_cmake/cmake)
[0.686s] -- Found Python3: /usr/bin/python3 (found version "3.10.12") found components: Interpreter 
[0.860s] -- Found rclcpp: 16.0.15 (/opt/ros/humble/share/rclcpp/cmake)
[0.966s] -- Found rosidl_generator_c: 3.1.7 (/opt/ros/humble/share/rosidl_generator_c/cmake)
[0.979s] -- Found rosidl_adapter: 3.1.7 (/opt/ros/humble/share/rosidl_adapter/cmake)
[1.009s] -- Found rosidl_generator_cpp: 3.1.7 (/opt/ros/humble/share/rosidl_generator_cpp/cmake)
[1.041s] -- Using all available rosidl_typesupport_c: rosidl_typesupport_fastrtps_c;rosidl_typesupport_introspection_c
[1.076s] -- Using all available rosidl_typesupport_cpp: rosidl_typesupport_fastrtps_cpp;rosidl_typesupport_introspection_cpp
[1.183s] -- Found rmw_implementation_cmake: 6.1.2 (/opt/ros/humble/share/rmw_implementation_cmake/cmake)
[1.192s] -- Found rmw_fastrtps_cpp: 6.2.9 (/opt/ros/humble/share/rmw_fastrtps_cpp/cmake)
[1.365s] -- Found OpenSSL: /usr/lib/x86_64-linux-gnu/libcrypto.so (found version "3.0.2")  
[1.418s] -- Found FastRTPS: /opt/ros/humble/include  
[1.485s] -- Using RMW implementation 'rmw_fastrtps_cpp' as default
[1.507s] -- Looking for pthread.h
[1.642s] -- Looking for pthread.h - found
[1.642s] -- Performing Test CMAKE_HAVE_LIBC_PTHREAD
[1.778s] -- Performing Test CMAKE_HAVE_LIBC_PTHREAD - Success
[1.780s] -- Found Threads: TRUE  
[1.928s] -- Found ros_gz_sim: 0.244.20 (/opt/ros/humble/share/ros_gz_sim/cmake)
[1.982s] -- Looking for gz-sim8 -- found version 8.10.0
[1.983s] -- Searching for dependencies of gz-sim8
[1.984s] -- Looking for sdformat14 -- found version 14.8.0
[1.985s] -- Searching for dependencies of sdformat14
[1.994s] -- Checking for module 'tinyxml2'
[2.022s] --   Found tinyxml2, version 9.0.0
[2.087s] -- Looking for gz-math7 -- found version 7.5.1
[2.091s] -- Searching for dependencies of gz-math7
[2.093s] -- Looking for gz-utils2 -- found version 2.2.1
[2.094s] -- Searching for dependencies of gz-utils2
[2.097s] -- Looking for gz-utils2 -- found version 2.2.1
[2.098s] -- Searching for dependencies of gz-utils2
[2.098s] -- Searching for <gz-utils2> component [cli]
[2.104s] -- Looking for gz-utils2-cli -- found version 2.2.1
[2.105s] -- Searching for dependencies of gz-utils2-cli
[2.109s] -- Looking for gz-plugin2 -- found version 2.0.4
[2.110s] -- Searching for dependencies of gz-plugin2
[2.111s] -- Looking for gz-utils2 -- found version 2.2.1
[2.113s] -- Searching for <gz-plugin2> component [loader]
[2.116s] -- Looking for gz-plugin2-loader -- found version 2.0.4
[2.117s] -- Searching for dependencies of gz-plugin2-loader
[2.119s] -- Searching for <gz-plugin2> component [register]
[2.123s] -- Looking for gz-plugin2-register -- found version 2.0.4
[2.123s] -- Searching for dependencies of gz-plugin2-register
[2.128s] -- Looking for gz-transport13 -- found version 13.5.0
[2.129s] -- Searching for dependencies of gz-transport13
[2.167s] -- Found Protobuf: /usr/lib/x86_64-linux-gnu/libprotobuf.so (found version "3.12.4") 
[2.190s] -- Config-file not installed for ZeroMQ -- checking for pkg-config
[2.194s] -- Checking for module 'libzmq >= 4'
[2.219s] --   Found libzmq , version 4.3.4
[2.267s] -- Found ZeroMQ: TRUE (Required is at least version "4") 
[2.279s] -- Checking for module 'uuid'
[2.303s] --   Found uuid, version 2.37.2
[2.346s] -- Found UUID: TRUE  
[2.348s] -- Looking for gz-utils2 -- found version 2.2.1
[2.352s] -- Looking for gz-msgs10 -- found version 10.3.2
[2.355s] -- Searching for dependencies of gz-msgs10
[2.382s] -- Looking for gz-utils2 -- found version 2.2.1
[2.383s] -- Looking for gz-math7 -- found version 7.5.1
[2.396s] -- Searching for <gz-transport13> component [log]
[2.400s] -- Looking for gz-transport13-log -- found version 13.5.0
[2.401s] -- Searching for dependencies of gz-transport13-log
[2.402s] -- Searching for <gz-transport13> component [parameters]
[2.405s] -- Looking for gz-transport13-parameters -- found version 13.5.0
[2.406s] -- Searching for dependencies of gz-transport13-parameters
[2.408s] -- Looking for gz-msgs10 -- found version 10.3.2
[2.412s] -- Looking for gz-common5 -- found version 5.7.1
[2.412s] -- Searching for dependencies of gz-common5
[2.413s] -- Looking for gz-utils2 -- found version 2.2.1
[2.414s] -- Looking for dlfcn.h - found
[2.415s] -- Looking for libdl - found
[2.417s] -- Found DL: TRUE  
[2.429s] -- Searching for <gz-common5> component [av]
[2.432s] -- Looking for gz-common5-av -- found version 5.7.1
[2.433s] -- Searching for dependencies of gz-common5-av
[2.442s] -- Checking for module 'libswscale'
[2.462s] --   Found libswscale, version 5.9.100
[2.503s] -- Found SWSCALE: TRUE  
[2.511s] -- Checking for module 'libavdevice >= 56.4.100'
[2.530s] --   Found libavdevice , version 58.13.100
[2.582s] -- Found AVDEVICE: TRUE (Required is at least version "56.4.100") 
[2.590s] -- Checking for module 'libavformat'
[2.607s] --   Found libavformat, version 58.76.100
[2.650s] -- Found AVFORMAT: TRUE  
[2.658s] -- Checking for module 'libavcodec'
[2.674s] --   Found libavcodec, version 58.134.100
[2.716s] -- Found AVCODEC: TRUE  
[2.724s] -- Checking for module 'libavutil'
[2.741s] --   Found libavutil, version 56.70.100
[2.784s] -- Found AVUTIL: TRUE  
[2.786s] -- Searching for <gz-common5> component [events]
[2.790s] -- Looking for gz-common5-events -- found version 5.7.1
[2.790s] -- Searching for dependencies of gz-common5-events
[2.790s] -- Looking for gz-math7 -- found version 7.5.1
[2.792s] -- Searching for <gz-common5> component [graphics]
[2.795s] -- Looking for gz-common5-graphics -- found version 5.7.1
[2.796s] -- Searching for dependencies of gz-common5-graphics
[2.797s] -- Looking for gz-math7 -- found version 7.5.1
[2.807s] -- Found GzAssimp: TRUE (found version "5.2.0") 
[2.808s] -- Searching for <gz-common5> component [io]
[2.812s] -- Looking for gz-common5-io -- found version 5.7.1
[2.812s] -- Searching for dependencies of gz-common5-io
[2.814s] -- Searching for <gz-common5> component [profiler]
[2.817s] -- Looking for gz-common5-profiler -- found version 5.7.1
[2.818s] -- Searching for dependencies of gz-common5-profiler
[2.823s] -- Looking for gz-fuel_tools9 -- found version 9.1.1
[2.824s] -- Searching for dependencies of gz-fuel_tools9
[2.992s] -- Found CURL: /usr/lib/x86_64-linux-gnu/libcurl.so (found version "7.81.0")  
[3.016s] -- Checking for module 'jsoncpp'
[3.048s] --   Found jsoncpp, version 1.9.5
[3.101s] -- Found JSONCPP: TRUE  
[3.112s] -- Checking for module 'libzip'
[3.129s] --   Found libzip, version 1.7.3
[3.177s] -- Found ZIP: TRUE  
[3.178s] -- Looking for gz-utils2 -- found version 2.2.1
[3.178s] -- Looking for gz-common5 -- found version 5.7.1
[3.178s] -- Searching for dependencies of gz-common5
[3.179s] -- Looking for gz-utils2 -- found version 2.2.1
[3.180s] -- Looking for dlfcn.h - found
[3.180s] -- Looking for libdl - found
[3.193s] -- Searching for <gz-common5> component [testing]
[3.198s] -- Looking for gz-common5-testing -- found version 5.7.1
[3.198s] -- Searching for dependencies of gz-common5-testing
[3.201s] -- Looking for gz-math7 -- found version 7.5.1
[3.201s] -- Looking for gz-msgs10 -- found version 10.3.2
[3.207s] -- Looking for gz-gui8 -- found version 8.4.0
[3.208s] -- Searching for dependencies of gz-gui8
[3.246s] -- Looking for gz-utils2 -- found version 2.2.1
[3.246s] -- Looking for gz-math7 -- found version 7.5.1
[3.246s] -- Looking for gz-common5 -- found version 5.7.1
[3.248s] -- Looking for gz-plugin2 -- found version 2.0.4
[3.248s] -- Looking for gz-transport13 -- found version 13.5.0
[3.253s] -- Looking for gz-rendering8 -- found version 8.2.2
[3.254s] -- Searching for dependencies of gz-rendering8
[3.254s] -- Looking for gz-math7 -- found version 7.5.1
[3.254s] -- Searching for dependencies of gz-math7
[3.254s] -- Looking for gz-utils2 -- found version 2.2.1
[3.255s] -- Searching for <gz-math7> component [eigen3]
[3.261s] -- Looking for gz-math7-eigen3 -- found version 7.5.1
[3.261s] -- Searching for dependencies of gz-math7-eigen3
[3.279s] -- Looking for gz-common5 -- found version 5.7.1
[3.280s] -- Searching for dependencies of gz-common5
[3.280s] -- Looking for gz-utils2 -- found version 2.2.1
[3.281s] -- Looking for dlfcn.h - found
[3.281s] -- Looking for libdl - found
[3.295s] -- Searching for <gz-common5> component [graphics]
[3.297s] -- Searching for <gz-common5> component [events]
[3.297s] -- Searching for <gz-common5> component [geospatial]
[3.302s] -- Looking for gz-common5-geospatial -- found version 5.7.1
[3.302s] -- Searching for dependencies of gz-common5-geospatial
[3.302s] -- Looking for gz-math7 -- found version 7.5.1
[3.302s] -- Looking for gz-common5 -- found version 5.7.1
[3.307s] -- Looking for gz-plugin2 -- found version 2.0.4
[3.307s] -- Searching for dependencies of gz-plugin2
[3.307s] -- Looking for gz-utils2 -- found version 2.2.1
[3.307s] -- Searching for <gz-plugin2> component [all]
[3.311s] -- Looking for all libraries of gz-plugin2 -- found version 2.0.4
[3.312s] -- Looking for gz-plugin2 -- found version 2.0.4
[3.315s] -- Looking for gz-utils2 -- found version 2.2.1
[3.327s] -- Found OpenGL: /usr/lib/x86_64-linux-gnu/libOpenGL.so  found components: OpenGL 
[3.330s] -- Looking for gz-msgs10 -- found version 10.3.2
[3.409s] -- Looking for gz-physics7 -- found version 7.6.0
[3.410s] -- Searching for dependencies of gz-physics7
[3.410s] -- Looking for gz-common5 -- found version 5.7.1
[3.410s] -- Looking for gz-math7 -- found version 7.5.1
[3.410s] -- Looking for gz-plugin2 -- found version 2.0.4
[3.410s] -- Looking for gz-utils2 -- found version 2.2.1
[3.413s] -- Searching for <gz-physics7> component [heightmap]
[3.417s] -- Looking for gz-physics7-heightmap -- found version 7.6.0
[3.418s] -- Searching for dependencies of gz-physics7-heightmap
[3.419s] -- Looking for gz-common5 -- found version 5.7.1
[3.420s] -- Searching for <gz-physics7> component [mesh]
[3.427s] -- Looking for gz-physics7-mesh -- found version 7.6.0
[3.427s] -- Searching for dependencies of gz-physics7-mesh
[3.427s] -- Looking for gz-common5 -- found version 5.7.1
[3.428s] -- Searching for <gz-physics7> component [sdf]
[3.437s] -- Looking for gz-physics7-sdf -- found version 7.6.0
[3.438s] -- Searching for dependencies of gz-physics7-sdf
[3.438s] -- Looking for sdformat14 -- found version 14.8.0
[3.445s] -- Looking for gz-sensors8 -- found version 8.2.2
[3.445s] -- Searching for dependencies of gz-sensors8
[3.477s] -- Looking for gz-math7 -- found version 7.5.1
[3.477s] -- Looking for gz-common5 -- found version 5.7.1
[3.477s] -- Looking for gz-transport13 -- found version 13.5.0
[3.477s] -- Looking for gz-rendering8 -- found version 8.2.2
[3.477s] -- Looking for gz-msgs10 -- found version 10.3.2
[3.477s] -- Looking for sdformat14 -- found version 14.8.0
[3.478s] -- Searching for <gz-sensors8> component [air_pressure]
[3.487s] -- Looking for gz-sensors8-air_pressure -- found version 8.2.2
[3.487s] -- Searching for dependencies of gz-sensors8-air_pressure
[3.488s] -- Searching for <gz-sensors8> component [air_speed]
[3.493s] -- Looking for gz-sensors8-air_speed -- found version 8.2.2
[3.494s] -- Searching for dependencies of gz-sensors8-air_speed
[3.496s] -- Searching for <gz-sensors8> component [altimeter]
[3.504s] -- Looking for gz-sensors8-altimeter -- found version 8.2.2
[3.504s] -- Searching for dependencies of gz-sensors8-altimeter
[3.507s] -- Searching for <gz-sensors8> component [imu]
[3.510s] -- Looking for gz-sensors8-imu -- found version 8.2.2
[3.510s] -- Searching for dependencies of gz-sensors8-imu
[3.512s] -- Searching for <gz-sensors8> component [force_torque]
[3.520s] -- Looking for gz-sensors8-force_torque -- found version 8.2.2
[3.520s] -- Searching for dependencies of gz-sensors8-force_torque
[3.523s] -- Searching for <gz-sensors8> component [logical_camera]
[3.526s] -- Looking for gz-sensors8-logical_camera -- found version 8.2.2
[3.527s] -- Searching for dependencies of gz-sensors8-logical_camera
[3.529s] -- Searching for <gz-sensors8> component [magnetometer]
[3.535s] -- Looking for gz-sensors8-magnetometer -- found version 8.2.2
[3.536s] -- Searching for dependencies of gz-sensors8-magnetometer
[3.539s] -- Searching for <gz-sensors8> component [navsat]
[3.540s] -- Looking for gz-sensors8-navsat -- found version 8.2.2
[3.541s] -- Searching for dependencies of gz-sensors8-navsat
[3.542s] -- Searching for <gz-sensors8> component [dvl]
[3.547s] -- Looking for gz-sensors8-dvl -- found version 8.2.2
[3.549s] -- Searching for dependencies of gz-sensors8-dvl
[3.549s] -- Looking for gz-sensors8 -- found version 8.2.2
[3.549s] -- Searching for dependencies of gz-sensors8
[3.583s] -- Looking for gz-math7 -- found version 7.5.1
[3.584s] -- Looking for gz-common5 -- found version 5.7.1
[3.584s] -- Looking for gz-transport13 -- found version 13.5.0
[3.584s] -- Looking for gz-rendering8 -- found version 8.2.2
[3.584s] -- Looking for gz-msgs10 -- found version 10.3.2
[3.584s] -- Looking for sdformat14 -- found version 14.8.0
[3.584s] -- Searching for <gz-sensors8> component [rendering]
[3.591s] -- Looking for gz-sensors8-rendering -- found version 8.2.2
[3.591s] -- Searching for dependencies of gz-sensors8-rendering
[3.595s] -- Searching for <gz-sensors8> component [rendering]
[3.595s] -- Searching for <gz-sensors8> component [lidar]
[3.601s] -- Looking for gz-sensors8-lidar -- found version 8.2.2
[3.601s] -- Searching for dependencies of gz-sensors8-lidar
[3.601s] -- Looking for gz-sensors8 -- found version 8.2.2
[3.603s] -- Searching for <gz-sensors8> component [gpu_lidar]
[3.606s] -- Looking for gz-sensors8-gpu_lidar -- found version 8.2.2
[3.607s] -- Searching for dependencies of gz-sensors8-gpu_lidar
[3.608s] -- Looking for gz-sensors8 -- found version 8.2.2
[3.614s] -- Searching for <gz-sensors8> component [camera]
[3.619s] -- Looking for gz-sensors8-camera -- found version 8.2.2
[3.619s] -- Searching for dependencies of gz-sensors8-camera
[3.621s] -- Looking for gz-sensors8 -- found version 8.2.2
[3.621s] -- Searching for <gz-sensors8> component [boundingbox_camera]
[3.626s] -- Looking for gz-sensors8-boundingbox_camera -- found version 8.2.2
[3.627s] -- Searching for dependencies of gz-sensors8-boundingbox_camera
[3.633s] -- Searching for <gz-sensors8> component [segmentation_camera]
[3.634s] -- Looking for gz-sensors8-segmentation_camera -- found version 8.2.2
[3.635s] -- Searching for dependencies of gz-sensors8-segmentation_camera
[3.638s] -- Searching for <gz-sensors8> component [depth_camera]
[3.641s] -- Looking for gz-sensors8-depth_camera -- found version 8.2.2
[3.642s] -- Searching for dependencies of gz-sensors8-depth_camera
[3.643s] -- Looking for gz-sensors8 -- found version 8.2.2
[3.650s] -- Searching for <gz-sensors8> component [rgbd_camera]
[3.655s] -- Looking for gz-sensors8-rgbd_camera -- found version 8.2.2
[3.656s] -- Searching for dependencies of gz-sensors8-rgbd_camera
[3.656s] -- Looking for gz-sensors8 -- found version 8.2.2
[3.659s] -- Searching for <gz-sensors8> component [thermal_camera]
[3.660s] -- Looking for gz-sensors8-thermal_camera -- found version 8.2.2
[3.662s] -- Searching for dependencies of gz-sensors8-thermal_camera
[3.662s] -- Looking for gz-sensors8 -- found version 8.2.2
[3.663s] -- Searching for <gz-sensors8> component [wide_angle_camera]
[3.667s] -- Looking for gz-sensors8-wide_angle_camera -- found version 8.2.2
[3.667s] -- Searching for dependencies of gz-sensors8-wide_angle_camera
[3.671s] -- Looking for gz-rendering8 -- found version 8.2.2
[3.673s] -- Looking for gz-math7 -- found version 7.5.1
[3.675s] -- Looking for gz-utils2 -- found version 2.2.1
[3.706s] -- Looking for gz-math7 -- found version 7.5.1
[3.707s] -- Looking for gz-common5 -- found version 5.7.1
[3.708s] -- Looking for gz-plugin2 -- found version 2.0.4
[3.712s] -- Found rosidl_default_generators: 1.2.0 (/opt/ros/humble/share/rosidl_default_generators/cmake)
[4.199s] -- Found ament_cmake_ros: 0.10.0 (/opt/ros/humble/share/ament_cmake_ros/cmake)
[4.778s] -- Using all available rosidl_typesupport_c: rosidl_typesupport_fastrtps_c;rosidl_typesupport_introspection_c
[4.994s] -- Using all available rosidl_typesupport_cpp: rosidl_typesupport_fastrtps_cpp;rosidl_typesupport_introspection_cpp
[5.029s] -- Found PythonInterp: /usr/bin/python3 (found suitable version "3.10.12", minimum required is "3.6") 
[5.032s] -- Found python_cmake_module: 0.10.0 (/opt/ros/humble/share/python_cmake_module/cmake)
[5.072s] -- Found PythonLibs: /usr/lib/x86_64-linux-gnu/libpython3.10.so (found suitable version "3.10.12", minimum required is "3.5") 
[5.073s] -- Using PYTHON_EXECUTABLE: /usr/bin/python3
[5.073s] -- Using PYTHON_INCLUDE_DIRS: /usr/include/python3.10
[5.073s] -- Using PYTHON_LIBRARIES: /usr/lib/x86_64-linux-gnu/libpython3.10.so
[5.105s] -- Found PythonExtra: .so  
[5.198s] -- Configuring done
[5.260s] -- Generating done
[5.283s] -- Build files have been written to: /home/parsa/ws_ros2/src/custom_vtol_plugin/build/custom_vtol_plugin
[5.308s] Invoked command in '/home/parsa/ws_ros2/src/custom_vtol_plugin/build/custom_vtol_plugin' returned '0': CMAKE_PREFIX_PATH=${CMAKE_PREFIX_PATH}:/opt/ros/humble /usr/bin/cmake /home/parsa/ws_ros2/src/custom_vtol_plugin -DCMAKE_INSTALL_PREFIX=/home/parsa/ws_ros2/src/custom_vtol_plugin/install/custom_vtol_plugin
[5.311s] Invoking command in '/home/parsa/ws_ros2/src/custom_vtol_plugin/build/custom_vtol_plugin': CMAKE_PREFIX_PATH=${CMAKE_PREFIX_PATH}:/opt/ros/humble /usr/bin/cmake --build /home/parsa/ws_ros2/src/custom_vtol_plugin/build/custom_vtol_plugin -- -j5 -l5
[5.370s] [  3%] [34m[1mGenerating C code for ROS interfaces[0m
[5.386s] [  6%] [34m[1mGenerating C++ code for ROS interfaces[0m
[5.398s] [  6%] Built target ament_cmake_python_copy_custom_vtol_plugin
[5.731s] running egg_info
[5.732s] creating custom_vtol_plugin.egg-info
[5.756s] writing custom_vtol_plugin.egg-info/PKG-INFO
[5.756s] writing dependency_links to custom_vtol_plugin.egg-info/dependency_links.txt
[5.756s] writing top-level names to custom_vtol_plugin.egg-info/top_level.txt
[5.756s] writing manifest file 'custom_vtol_plugin.egg-info/SOURCES.txt'
[5.824s] [  6%] Built target custom_vtol_plugin__cpp
[5.826s] [  9%] [32mBuilding C object CMakeFiles/custom_vtol_plugin__rosidl_generator_c.dir/rosidl_generator_c/custom_vtol_plugin/msg/detail/motor_commands__functions.c.o[0m
[5.834s] reading manifest file 'custom_vtol_plugin.egg-info/SOURCES.txt'
[5.835s] writing manifest file 'custom_vtol_plugin.egg-info/SOURCES.txt'
[5.841s] [ 12%] [34m[1mGenerating C++ type support dispatch for ROS interfaces[0m
[5.842s] [ 15%] [34m[1mGenerating C++ type support for eProsima Fast-RTPS[0m
[5.847s] [ 18%] [34m[1mGenerating C++ introspection for ROS interfaces[0m
[5.885s] [ 18%] Built target ament_cmake_python_build_custom_vtol_plugin_egg
[5.916s] [ 21%] [32m[1mLinking C shared library libcustom_vtol_plugin__rosidl_generator_c.so[0m
[5.978s] [ 21%] Built target custom_vtol_plugin__rosidl_generator_c
[5.997s] [ 24%] [34m[1mGenerating C type support for eProsima Fast-RTPS[0m
[6.004s] [ 27%] [34m[1mGenerating C introspection for ROS interfaces[0m
[6.279s] [ 30%] [32mBuilding CXX object CMakeFiles/custom_vtol_plugin__rosidl_typesupport_fastrtps_cpp.dir/rosidl_typesupport_fastrtps_cpp/custom_vtol_plugin/msg/detail/dds_fastrtps/motor_commands__type_support.cpp.o[0m
[6.309s] [ 33%] [32mBuilding CXX object CMakeFiles/custom_vtol_plugin__rosidl_typesupport_cpp.dir/rosidl_typesupport_cpp/custom_vtol_plugin/msg/motor_commands__type_support.cpp.o[0m
[6.309s] [ 36%] [32mBuilding CXX object CMakeFiles/custom_vtol_plugin__rosidl_typesupport_introspection_cpp.dir/rosidl_typesupport_introspection_cpp/custom_vtol_plugin/msg/detail/motor_commands__type_support.cpp.o[0m
[6.419s] [ 39%] [32mBuilding C object CMakeFiles/custom_vtol_plugin__rosidl_typesupport_introspection_c.dir/rosidl_typesupport_introspection_c/custom_vtol_plugin/msg/detail/motor_commands__type_support.c.o[0m
[6.478s] [ 42%] [32m[1mLinking C shared library libcustom_vtol_plugin__rosidl_typesupport_introspection_c.so[0m
[6.520s] [ 42%] Built target custom_vtol_plugin__rosidl_typesupport_introspection_c
[6.535s] [ 45%] [34m[1mGenerating C type support dispatch for ROS interfaces[0m
[6.585s] [ 48%] [32mBuilding CXX object CMakeFiles/custom_vtol_plugin__rosidl_typesupport_fastrtps_c.dir/rosidl_typesupport_fastrtps_c/custom_vtol_plugin/msg/detail/motor_commands__type_support_c.cpp.o[0m
[6.813s] [ 51%] [32m[1mLinking CXX shared library libcustom_vtol_plugin__rosidl_typesupport_cpp.so[0m
[6.889s] [ 51%] Built target custom_vtol_plugin__rosidl_typesupport_cpp
[6.929s] [ 54%] [32mBuilding CXX object CMakeFiles/motor_controller_plugin.dir/src/motor_controller_plugin.cpp.o[0m
[6.998s] [ 57%] [32m[1mLinking CXX shared library libcustom_vtol_plugin__rosidl_typesupport_introspection_cpp.so[0m
[7.015s] [ 60%] [32mBuilding CXX object CMakeFiles/custom_vtol_plugin__rosidl_typesupport_c.dir/rosidl_typesupport_c/custom_vtol_plugin/msg/motor_commands__type_support.cpp.o[0m
[7.033s] [ 63%] [32m[1mLinking CXX shared library libcustom_vtol_plugin__rosidl_typesupport_fastrtps_cpp.so[0m
[7.062s] [ 66%] [32m[1mLinking CXX shared library libcustom_vtol_plugin__rosidl_typesupport_c.so[0m
[7.129s] [ 66%] Built target custom_vtol_plugin__rosidl_typesupport_c
[7.146s] [ 66%] Built target custom_vtol_plugin__rosidl_typesupport_fastrtps_cpp
[7.159s] [ 66%] Built target custom_vtol_plugin__rosidl_typesupport_introspection_cpp
[7.185s] [ 69%] [32m[1mLinking CXX shared library libcustom_vtol_plugin__rosidl_typesupport_fastrtps_c.so[0m
[7.297s] [ 69%] Built target custom_vtol_plugin__rosidl_typesupport_fastrtps_c
[7.336s] [ 69%] Built target custom_vtol_plugin
[7.364s] [ 72%] [34m[1mGenerating Python code for ROS interfaces[0m
[7.879s] [ 72%] Built target custom_vtol_plugin__py
[7.911s] [ 75%] [32mBuilding C object CMakeFiles/custom_vtol_plugin__rosidl_generator_py.dir/rosidl_generator_py/custom_vtol_plugin/msg/_motor_commands_s.c.o[0m
[8.056s] [ 78%] [32m[1mLinking C shared library rosidl_generator_py/custom_vtol_plugin/libcustom_vtol_plugin__rosidl_generator_py.so[0m
[8.113s] [ 78%] Built target custom_vtol_plugin__rosidl_generator_py
[8.140s] [ 87%] [32mBuilding C object CMakeFiles/custom_vtol_plugin__rosidl_typesupport_c__pyext.dir/rosidl_generator_py/custom_vtol_plugin/_custom_vtol_plugin_s.ep.rosidl_typesupport_c.c.o[0m
[8.143s] [ 87%] [32mBuilding C object CMakeFiles/custom_vtol_plugin__rosidl_typesupport_introspection_c__pyext.dir/rosidl_generator_py/custom_vtol_plugin/_custom_vtol_plugin_s.ep.rosidl_typesupport_introspection_c.c.o[0m
[8.143s] [ 87%] [32mBuilding C object CMakeFiles/custom_vtol_plugin__rosidl_typesupport_fastrtps_c__pyext.dir/rosidl_generator_py/custom_vtol_plugin/_custom_vtol_plugin_s.ep.rosidl_typesupport_fastrtps_c.c.o[0m
[8.288s] [ 90%] [32m[1mLinking C shared library rosidl_generator_py/custom_vtol_plugin/custom_vtol_plugin_s__rosidl_typesupport_fastrtps_c.cpython-310-x86_64-linux-gnu.so[0m
[8.308s] [ 93%] [32m[1mLinking C shared library rosidl_generator_py/custom_vtol_plugin/custom_vtol_plugin_s__rosidl_typesupport_introspection_c.cpython-310-x86_64-linux-gnu.so[0m
[8.336s] [ 96%] [32m[1mLinking C shared library rosidl_generator_py/custom_vtol_plugin/custom_vtol_plugin_s__rosidl_typesupport_c.cpython-310-x86_64-linux-gnu.so[0m
[8.343s] [ 96%] Built target custom_vtol_plugin__rosidl_typesupport_fastrtps_c__pyext
[8.369s] [ 96%] Built target custom_vtol_plugin__rosidl_typesupport_introspection_c__pyext
[8.392s] [ 96%] Built target custom_vtol_plugin__rosidl_typesupport_c__pyext
[26.078s] [100%] [32m[1mLinking CXX shared library libmotor_controller_plugin.so[0m
[27.017s] [100%] Built target motor_controller_plugin
[27.045s] Invoked command in '/home/parsa/ws_ros2/src/custom_vtol_plugin/build/custom_vtol_plugin' returned '0': CMAKE_PREFIX_PATH=${CMAKE_PREFIX_PATH}:/opt/ros/humble /usr/bin/cmake --build /home/parsa/ws_ros2/src/custom_vtol_plugin/build/custom_vtol_plugin -- -j5 -l5
[27.059s] Invoking command in '/home/parsa/ws_ros2/src/custom_vtol_plugin/build/custom_vtol_plugin': CMAKE_PREFIX_PATH=${CMAKE_PREFIX_PATH}:/opt/ros/humble /usr/bin/cmake --install /home/parsa/ws_ros2/src/custom_vtol_plugin/build/custom_vtol_plugin
[27.072s] -- Install configuration: ""
[27.072s] -- Installing: /home/parsa/ws_ros2/src/custom_vtol_plugin/install/custom_vtol_plugin/share/ament_index/resource_index/rosidl_interfaces/custom_vtol_plugin
[27.073s] -- Installing: /home/parsa/ws_ros2/src/custom_vtol_plugin/install/custom_vtol_plugin/include/custom_vtol_plugin/custom_vtol_plugin
[27.073s] -- Installing: /home/parsa/ws_ros2/src/custom_vtol_plugin/install/custom_vtol_plugin/include/custom_vtol_plugin/custom_vtol_plugin/msg
[27.073s] -- Installing: /home/parsa/ws_ros2/src/custom_vtol_plugin/install/custom_vtol_plugin/include/custom_vtol_plugin/custom_vtol_plugin/msg/rosidl_generator_c__visibility_control.h
[27.073s] -- Installing: /home/parsa/ws_ros2/src/custom_vtol_plugin/install/custom_vtol_plugin/include/custom_vtol_plugin/custom_vtol_plugin/msg/detail
[27.074s] -- Installing: /home/parsa/ws_ros2/src/custom_vtol_plugin/install/custom_vtol_plugin/include/custom_vtol_plugin/custom_vtol_plugin/msg/detail/motor_commands__struct.h
[27.074s] -- Installing: /home/parsa/ws_ros2/src/custom_vtol_plugin/install/custom_vtol_plugin/include/custom_vtol_plugin/custom_vtol_plugin/msg/detail/motor_commands__type_support.h
[27.074s] -- Installing: /home/parsa/ws_ros2/src/custom_vtol_plugin/install/custom_vtol_plugin/include/custom_vtol_plugin/custom_vtol_plugin/msg/detail/motor_commands__functions.c
[27.074s] -- Installing: /home/parsa/ws_ros2/src/custom_vtol_plugin/install/custom_vtol_plugin/include/custom_vtol_plugin/custom_vtol_plugin/msg/detail/motor_commands__functions.h
[27.074s] -- Installing: /home/parsa/ws_ros2/src/custom_vtol_plugin/install/custom_vtol_plugin/include/custom_vtol_plugin/custom_vtol_plugin/msg/motor_commands.h
[27.074s] -- Installing: /home/parsa/ws_ros2/src/custom_vtol_plugin/install/custom_vtol_plugin/share/custom_vtol_plugin/environment/library_path.sh
[27.074s] -- Installing: /home/parsa/ws_ros2/src/custom_vtol_plugin/install/custom_vtol_plugin/share/custom_vtol_plugin/environment/library_path.dsv
[27.074s] -- Installing: /home/parsa/ws_ros2/src/custom_vtol_plugin/install/custom_vtol_plugin/lib/libcustom_vtol_plugin__rosidl_generator_c.so
[27.076s] -- Set runtime path of "/home/parsa/ws_ros2/src/custom_vtol_plugin/install/custom_vtol_plugin/lib/libcustom_vtol_plugin__rosidl_generator_c.so" to ""
[27.076s] -- Up-to-date: /home/parsa/ws_ros2/src/custom_vtol_plugin/install/custom_vtol_plugin/include/custom_vtol_plugin/custom_vtol_plugin
[27.076s] -- Up-to-date: /home/parsa/ws_ros2/src/custom_vtol_plugin/install/custom_vtol_plugin/include/custom_vtol_plugin/custom_vtol_plugin/msg
[27.076s] -- Installing: /home/parsa/ws_ros2/src/custom_vtol_plugin/install/custom_vtol_plugin/include/custom_vtol_plugin/custom_vtol_plugin/msg/rosidl_typesupport_fastrtps_c__visibility_control.h
[27.077s] -- Up-to-date: /home/parsa/ws_ros2/src/custom_vtol_plugin/install/custom_vtol_plugin/include/custom_vtol_plugin/custom_vtol_plugin/msg/detail
[27.077s] -- Installing: /home/parsa/ws_ros2/src/custom_vtol_plugin/install/custom_vtol_plugin/include/custom_vtol_plugin/custom_vtol_plugin/msg/detail/motor_commands__rosidl_typesupport_fastrtps_c.h
[27.077s] -- Installing: /home/parsa/ws_ros2/src/custom_vtol_plugin/install/custom_vtol_plugin/lib/libcustom_vtol_plugin__rosidl_typesupport_fastrtps_c.so
[27.077s] -- Set runtime path of "/home/parsa/ws_ros2/src/custom_vtol_plugin/install/custom_vtol_plugin/lib/libcustom_vtol_plugin__rosidl_typesupport_fastrtps_c.so" to ""
[27.077s] -- Up-to-date: /home/parsa/ws_ros2/src/custom_vtol_plugin/install/custom_vtol_plugin/include/custom_vtol_plugin/custom_vtol_plugin
[27.078s] -- Up-to-date: /home/parsa/ws_ros2/src/custom_vtol_plugin/install/custom_vtol_plugin/include/custom_vtol_plugin/custom_vtol_plugin/msg
[27.078s] -- Up-to-date: /home/parsa/ws_ros2/src/custom_vtol_plugin/install/custom_vtol_plugin/include/custom_vtol_plugin/custom_vtol_plugin/msg/detail
[27.078s] -- Installing: /home/parsa/ws_ros2/src/custom_vtol_plugin/install/custom_vtol_plugin/include/custom_vtol_plugin/custom_vtol_plugin/msg/detail/motor_commands__struct.hpp
[27.078s] -- Installing: /home/parsa/ws_ros2/src/custom_vtol_plugin/install/custom_vtol_plugin/include/custom_vtol_plugin/custom_vtol_plugin/msg/detail/motor_commands__builder.hpp
[27.078s] -- Installing: /home/parsa/ws_ros2/src/custom_vtol_plugin/install/custom_vtol_plugin/include/custom_vtol_plugin/custom_vtol_plugin/msg/detail/motor_commands__type_support.hpp
[27.079s] -- Installing: /home/parsa/ws_ros2/src/custom_vtol_plugin/install/custom_vtol_plugin/include/custom_vtol_plugin/custom_vtol_plugin/msg/detail/motor_commands__traits.hpp
[27.079s] -- Installing: /home/parsa/ws_ros2/src/custom_vtol_plugin/install/custom_vtol_plugin/include/custom_vtol_plugin/custom_vtol_plugin/msg/rosidl_generator_cpp__visibility_control.hpp
[27.079s] -- Installing: /home/parsa/ws_ros2/src/custom_vtol_plugin/install/custom_vtol_plugin/include/custom_vtol_plugin/custom_vtol_plugin/msg/motor_commands.hpp
[27.079s] -- Up-to-date: /home/parsa/ws_ros2/src/custom_vtol_plugin/install/custom_vtol_plugin/include/custom_vtol_plugin/custom_vtol_plugin
[27.079s] -- Up-to-date: /home/parsa/ws_ros2/src/custom_vtol_plugin/install/custom_vtol_plugin/include/custom_vtol_plugin/custom_vtol_plugin/msg
[27.079s] -- Up-to-date: /home/parsa/ws_ros2/src/custom_vtol_plugin/install/custom_vtol_plugin/include/custom_vtol_plugin/custom_vtol_plugin/msg/detail
[27.079s] -- Installing: /home/parsa/ws_ros2/src/custom_vtol_plugin/install/custom_vtol_plugin/include/custom_vtol_plugin/custom_vtol_plugin/msg/detail/dds_fastrtps
[27.079s] -- Installing: /home/parsa/ws_ros2/src/custom_vtol_plugin/install/custom_vtol_plugin/include/custom_vtol_plugin/custom_vtol_plugin/msg/detail/motor_commands__rosidl_typesupport_fastrtps_cpp.hpp
[27.079s] -- Installing: /home/parsa/ws_ros2/src/custom_vtol_plugin/install/custom_vtol_plugin/include/custom_vtol_plugin/custom_vtol_plugin/msg/rosidl_typesupport_fastrtps_cpp__visibility_control.h
[27.080s] -- Installing: /home/parsa/ws_ros2/src/custom_vtol_plugin/install/custom_vtol_plugin/lib/libcustom_vtol_plugin__rosidl_typesupport_fastrtps_cpp.so
[27.080s] -- Set runtime path of "/home/parsa/ws_ros2/src/custom_vtol_plugin/install/custom_vtol_plugin/lib/libcustom_vtol_plugin__rosidl_typesupport_fastrtps_cpp.so" to ""
[27.080s] -- Up-to-date: /home/parsa/ws_ros2/src/custom_vtol_plugin/install/custom_vtol_plugin/include/custom_vtol_plugin/custom_vtol_plugin
[27.080s] -- Up-to-date: /home/parsa/ws_ros2/src/custom_vtol_plugin/install/custom_vtol_plugin/include/custom_vtol_plugin/custom_vtol_plugin/msg
[27.080s] -- Up-to-date: /home/parsa/ws_ros2/src/custom_vtol_plugin/install/custom_vtol_plugin/include/custom_vtol_plugin/custom_vtol_plugin/msg/detail
[27.080s] -- Installing: /home/parsa/ws_ros2/src/custom_vtol_plugin/install/custom_vtol_plugin/include/custom_vtol_plugin/custom_vtol_plugin/msg/detail/motor_commands__rosidl_typesupport_introspection_c.h
[27.081s] -- Installing: /home/parsa/ws_ros2/src/custom_vtol_plugin/install/custom_vtol_plugin/include/custom_vtol_plugin/custom_vtol_plugin/msg/detail/motor_commands__type_support.c
[27.081s] -- Installing: /home/parsa/ws_ros2/src/custom_vtol_plugin/install/custom_vtol_plugin/include/custom_vtol_plugin/custom_vtol_plugin/msg/rosidl_typesupport_introspection_c__visibility_control.h
[27.081s] -- Installing: /home/parsa/ws_ros2/src/custom_vtol_plugin/install/custom_vtol_plugin/lib/libcustom_vtol_plugin__rosidl_typesupport_introspection_c.so
[27.081s] -- Set runtime path of "/home/parsa/ws_ros2/src/custom_vtol_plugin/install/custom_vtol_plugin/lib/libcustom_vtol_plugin__rosidl_typesupport_introspection_c.so" to ""
[27.081s] -- Installing: /home/parsa/ws_ros2/src/custom_vtol_plugin/install/custom_vtol_plugin/lib/libcustom_vtol_plugin__rosidl_typesupport_c.so
[27.081s] -- Set runtime path of "/home/parsa/ws_ros2/src/custom_vtol_plugin/install/custom_vtol_plugin/lib/libcustom_vtol_plugin__rosidl_typesupport_c.so" to ""
[27.081s] -- Up-to-date: /home/parsa/ws_ros2/src/custom_vtol_plugin/install/custom_vtol_plugin/include/custom_vtol_plugin/custom_vtol_plugin
[27.082s] -- Up-to-date: /home/parsa/ws_ros2/src/custom_vtol_plugin/install/custom_vtol_plugin/include/custom_vtol_plugin/custom_vtol_plugin/msg
[27.082s] -- Up-to-date: /home/parsa/ws_ros2/src/custom_vtol_plugin/install/custom_vtol_plugin/include/custom_vtol_plugin/custom_vtol_plugin/msg/detail
[27.082s] -- Installing: /home/parsa/ws_ros2/src/custom_vtol_plugin/install/custom_vtol_plugin/include/custom_vtol_plugin/custom_vtol_plugin/msg/detail/motor_commands__rosidl_typesupport_introspection_cpp.hpp
[27.082s] -- Installing: /home/parsa/ws_ros2/src/custom_vtol_plugin/install/custom_vtol_plugin/include/custom_vtol_plugin/custom_vtol_plugin/msg/detail/motor_commands__type_support.cpp
[27.084s] -- Installing: /home/parsa/ws_ros2/src/custom_vtol_plugin/install/custom_vtol_plugin/lib/libcustom_vtol_plugin__rosidl_typesupport_introspection_cpp.so
[27.084s] -- Set runtime path of "/home/parsa/ws_ros2/src/custom_vtol_plugin/install/custom_vtol_plugin/lib/libcustom_vtol_plugin__rosidl_typesupport_introspection_cpp.so" to ""
[27.084s] -- Installing: /home/parsa/ws_ros2/src/custom_vtol_plugin/install/custom_vtol_plugin/lib/libcustom_vtol_plugin__rosidl_typesupport_cpp.so
[27.084s] -- Set runtime path of "/home/parsa/ws_ros2/src/custom_vtol_plugin/install/custom_vtol_plugin/lib/libcustom_vtol_plugin__rosidl_typesupport_cpp.so" to ""
[27.085s] -- Installing: /home/parsa/ws_ros2/src/custom_vtol_plugin/install/custom_vtol_plugin/share/custom_vtol_plugin/environment/pythonpath.sh
[27.085s] -- Installing: /home/parsa/ws_ros2/src/custom_vtol_plugin/install/custom_vtol_plugin/share/custom_vtol_plugin/environment/pythonpath.dsv
[27.085s] -- Installing: /home/parsa/ws_ros2/src/custom_vtol_plugin/install/custom_vtol_plugin/local/lib/python3.10/dist-packages/custom_vtol_plugin-0.0.1-py3.10.egg-info
[27.085s] -- Installing: /home/parsa/ws_ros2/src/custom_vtol_plugin/install/custom_vtol_plugin/local/lib/python3.10/dist-packages/custom_vtol_plugin-0.0.1-py3.10.egg-info/dependency_links.txt
[27.085s] -- Installing: /home/parsa/ws_ros2/src/custom_vtol_plugin/install/custom_vtol_plugin/local/lib/python3.10/dist-packages/custom_vtol_plugin-0.0.1-py3.10.egg-info/PKG-INFO
[27.085s] -- Installing: /home/parsa/ws_ros2/src/custom_vtol_plugin/install/custom_vtol_plugin/local/lib/python3.10/dist-packages/custom_vtol_plugin-0.0.1-py3.10.egg-info/SOURCES.txt
[27.085s] -- Installing: /home/parsa/ws_ros2/src/custom_vtol_plugin/install/custom_vtol_plugin/local/lib/python3.10/dist-packages/custom_vtol_plugin-0.0.1-py3.10.egg-info/top_level.txt
[27.086s] -- Installing: /home/parsa/ws_ros2/src/custom_vtol_plugin/install/custom_vtol_plugin/local/lib/python3.10/dist-packages/custom_vtol_plugin
[27.086s] -- Installing: /home/parsa/ws_ros2/src/custom_vtol_plugin/install/custom_vtol_plugin/local/lib/python3.10/dist-packages/custom_vtol_plugin/_custom_vtol_plugin_s.ep.rosidl_typesupport_introspection_c.c
[27.086s] -- Installing: /home/parsa/ws_ros2/src/custom_vtol_plugin/install/custom_vtol_plugin/local/lib/python3.10/dist-packages/custom_vtol_plugin/libcustom_vtol_plugin__rosidl_generator_py.so
[27.086s] -- Installing: /home/parsa/ws_ros2/src/custom_vtol_plugin/install/custom_vtol_plugin/local/lib/python3.10/dist-packages/custom_vtol_plugin/custom_vtol_plugin_s__rosidl_typesupport_fastrtps_c.cpython-310-x86_64-linux-gnu.so
[27.086s] -- Installing: /home/parsa/ws_ros2/src/custom_vtol_plugin/install/custom_vtol_plugin/local/lib/python3.10/dist-packages/custom_vtol_plugin/_custom_vtol_plugin_s.ep.rosidl_typesupport_c.c
[27.086s] -- Installing: /home/parsa/ws_ros2/src/custom_vtol_plugin/install/custom_vtol_plugin/local/lib/python3.10/dist-packages/custom_vtol_plugin/msg
[27.086s] -- Installing: /home/parsa/ws_ros2/src/custom_vtol_plugin/install/custom_vtol_plugin/local/lib/python3.10/dist-packages/custom_vtol_plugin/msg/__init__.py
[27.087s] -- Installing: /home/parsa/ws_ros2/src/custom_vtol_plugin/install/custom_vtol_plugin/local/lib/python3.10/dist-packages/custom_vtol_plugin/msg/_motor_commands.py
[27.087s] -- Installing: /home/parsa/ws_ros2/src/custom_vtol_plugin/install/custom_vtol_plugin/local/lib/python3.10/dist-packages/custom_vtol_plugin/msg/_motor_commands_s.c
[27.087s] -- Installing: /home/parsa/ws_ros2/src/custom_vtol_plugin/install/custom_vtol_plugin/local/lib/python3.10/dist-packages/custom_vtol_plugin/__init__.py
[27.087s] -- Installing: /home/parsa/ws_ros2/src/custom_vtol_plugin/install/custom_vtol_plugin/local/lib/python3.10/dist-packages/custom_vtol_plugin/_custom_vtol_plugin_s.ep.rosidl_typesupport_fastrtps_c.c
[27.087s] -- Installing: /home/parsa/ws_ros2/src/custom_vtol_plugin/install/custom_vtol_plugin/local/lib/python3.10/dist-packages/custom_vtol_plugin/custom_vtol_plugin_s__rosidl_typesupport_introspection_c.cpython-310-x86_64-linux-gnu.so
[27.087s] -- Installing: /home/parsa/ws_ros2/src/custom_vtol_plugin/install/custom_vtol_plugin/local/lib/python3.10/dist-packages/custom_vtol_plugin/custom_vtol_plugin_s__rosidl_typesupport_c.cpython-310-x86_64-linux-gnu.so
[27.143s] Listing '/home/parsa/ws_ros2/src/custom_vtol_plugin/install/custom_vtol_plugin/local/lib/python3.10/dist-packages/custom_vtol_plugin'...
[27.144s] Compiling '/home/parsa/ws_ros2/src/custom_vtol_plugin/install/custom_vtol_plugin/local/lib/python3.10/dist-packages/custom_vtol_plugin/__init__.py'...
[27.144s] Listing '/home/parsa/ws_ros2/src/custom_vtol_plugin/install/custom_vtol_plugin/local/lib/python3.10/dist-packages/custom_vtol_plugin/msg'...
[27.144s] Compiling '/home/parsa/ws_ros2/src/custom_vtol_plugin/install/custom_vtol_plugin/local/lib/python3.10/dist-packages/custom_vtol_plugin/msg/__init__.py'...
[27.144s] Compiling '/home/parsa/ws_ros2/src/custom_vtol_plugin/install/custom_vtol_plugin/local/lib/python3.10/dist-packages/custom_vtol_plugin/msg/_motor_commands.py'...
[27.153s] -- Installing: /home/parsa/ws_ros2/src/custom_vtol_plugin/install/custom_vtol_plugin/local/lib/python3.10/dist-packages/custom_vtol_plugin/custom_vtol_plugin_s__rosidl_typesupport_fastrtps_c.cpython-310-x86_64-linux-gnu.so
[27.153s] -- Set runtime path of "/home/parsa/ws_ros2/src/custom_vtol_plugin/install/custom_vtol_plugin/local/lib/python3.10/dist-packages/custom_vtol_plugin/custom_vtol_plugin_s__rosidl_typesupport_fastrtps_c.cpython-310-x86_64-linux-gnu.so" to ""
[27.153s] -- Installing: /home/parsa/ws_ros2/src/custom_vtol_plugin/install/custom_vtol_plugin/local/lib/python3.10/dist-packages/custom_vtol_plugin/custom_vtol_plugin_s__rosidl_typesupport_introspection_c.cpython-310-x86_64-linux-gnu.so
[27.153s] -- Set runtime path of "/home/parsa/ws_ros2/src/custom_vtol_plugin/install/custom_vtol_plugin/local/lib/python3.10/dist-packages/custom_vtol_plugin/custom_vtol_plugin_s__rosidl_typesupport_introspection_c.cpython-310-x86_64-linux-gnu.so" to ""
[27.154s] -- Installing: /home/parsa/ws_ros2/src/custom_vtol_plugin/install/custom_vtol_plugin/local/lib/python3.10/dist-packages/custom_vtol_plugin/custom_vtol_plugin_s__rosidl_typesupport_c.cpython-310-x86_64-linux-gnu.so
[27.154s] -- Set runtime path of "/home/parsa/ws_ros2/src/custom_vtol_plugin/install/custom_vtol_plugin/local/lib/python3.10/dist-packages/custom_vtol_plugin/custom_vtol_plugin_s__rosidl_typesupport_c.cpython-310-x86_64-linux-gnu.so" to ""
[27.154s] -- Installing: /home/parsa/ws_ros2/src/custom_vtol_plugin/install/custom_vtol_plugin/lib/libcustom_vtol_plugin__rosidl_generator_py.so
[27.155s] -- Set runtime path of "/home/parsa/ws_ros2/src/custom_vtol_plugin/install/custom_vtol_plugin/lib/libcustom_vtol_plugin__rosidl_generator_py.so" to ""
[27.155s] -- Installing: /home/parsa/ws_ros2/src/custom_vtol_plugin/install/custom_vtol_plugin/share/custom_vtol_plugin/msg/MotorCommands.idl
[27.155s] -- Installing: /home/parsa/ws_ros2/src/custom_vtol_plugin/install/custom_vtol_plugin/share/custom_vtol_plugin/msg/MotorCommands.msg
[27.155s] -- Installing: /home/parsa/ws_ros2/src/custom_vtol_plugin/install/custom_vtol_plugin/lib/custom_vtol_plugin/libmotor_controller_plugin.so
[27.167s] -- Set runtime path of "/home/parsa/ws_ros2/src/custom_vtol_plugin/install/custom_vtol_plugin/lib/custom_vtol_plugin/libmotor_controller_plugin.so" to ""
[27.168s] -- Up-to-date: /home/parsa/ws_ros2/src/custom_vtol_plugin/install/custom_vtol_plugin/include/custom_vtol_plugin
[27.168s] -- Up-to-date: /home/parsa/ws_ros2/src/custom_vtol_plugin/install/custom_vtol_plugin/include/custom_vtol_plugin/custom_vtol_plugin
[27.168s] -- Up-to-date: /home/parsa/ws_ros2/src/custom_vtol_plugin/install/custom_vtol_plugin/include/custom_vtol_plugin/custom_vtol_plugin/msg
[27.168s] -- Up-to-date: /home/parsa/ws_ros2/src/custom_vtol_plugin/install/custom_vtol_plugin/include/custom_vtol_plugin/custom_vtol_plugin/msg/detail
[27.168s] -- Up-to-date: /home/parsa/ws_ros2/src/custom_vtol_plugin/install/custom_vtol_plugin/include/custom_vtol_plugin/custom_vtol_plugin/msg/detail/motor_commands__struct.hpp
[27.168s] -- Up-to-date: /home/parsa/ws_ros2/src/custom_vtol_plugin/install/custom_vtol_plugin/include/custom_vtol_plugin/custom_vtol_plugin/msg/detail/motor_commands__builder.hpp
[27.168s] -- Up-to-date: /home/parsa/ws_ros2/src/custom_vtol_plugin/install/custom_vtol_plugin/include/custom_vtol_plugin/custom_vtol_plugin/msg/detail/motor_commands__type_support.hpp
[27.168s] -- Up-to-date: /home/parsa/ws_ros2/src/custom_vtol_plugin/install/custom_vtol_plugin/include/custom_vtol_plugin/custom_vtol_plugin/msg/detail/motor_commands__traits.hpp
[27.169s] -- Up-to-date: /home/parsa/ws_ros2/src/custom_vtol_plugin/install/custom_vtol_plugin/include/custom_vtol_plugin/custom_vtol_plugin/msg/rosidl_generator_cpp__visibility_control.hpp
[27.169s] -- Up-to-date: /home/parsa/ws_ros2/src/custom_vtol_plugin/install/custom_vtol_plugin/include/custom_vtol_plugin/custom_vtol_plugin/msg/motor_commands.hpp
[27.169s] -- Installing: /home/parsa/ws_ros2/src/custom_vtol_plugin/install/custom_vtol_plugin/lib/custom_vtol_plugin/hover_publisher.py
[27.169s] -- Installing: /home/parsa/ws_ros2/src/custom_vtol_plugin/install/custom_vtol_plugin/share/ament_index/resource_index/package_run_dependencies/custom_vtol_plugin
[27.169s] -- Installing: /home/parsa/ws_ros2/src/custom_vtol_plugin/install/custom_vtol_plugin/share/ament_index/resource_index/parent_prefix_path/custom_vtol_plugin
[27.169s] -- Installing: /home/parsa/ws_ros2/src/custom_vtol_plugin/install/custom_vtol_plugin/share/custom_vtol_plugin/environment/ament_prefix_path.sh
[27.169s] -- Installing: /home/parsa/ws_ros2/src/custom_vtol_plugin/install/custom_vtol_plugin/share/custom_vtol_plugin/environment/ament_prefix_path.dsv
[27.169s] -- Installing: /home/parsa/ws_ros2/src/custom_vtol_plugin/install/custom_vtol_plugin/share/custom_vtol_plugin/environment/path.sh
[27.169s] -- Installing: /home/parsa/ws_ros2/src/custom_vtol_plugin/install/custom_vtol_plugin/share/custom_vtol_plugin/environment/path.dsv
[27.169s] -- Installing: /home/parsa/ws_ros2/src/custom_vtol_plugin/install/custom_vtol_plugin/share/custom_vtol_plugin/local_setup.bash
[27.170s] -- Installing: /home/parsa/ws_ros2/src/custom_vtol_plugin/install/custom_vtol_plugin/share/custom_vtol_plugin/local_setup.sh
[27.170s] -- Installing: /home/parsa/ws_ros2/src/custom_vtol_plugin/install/custom_vtol_plugin/share/custom_vtol_plugin/local_setup.zsh
[27.170s] -- Installing: /home/parsa/ws_ros2/src/custom_vtol_plugin/install/custom_vtol_plugin/share/custom_vtol_plugin/local_setup.dsv
[27.170s] -- Installing: /home/parsa/ws_ros2/src/custom_vtol_plugin/install/custom_vtol_plugin/share/custom_vtol_plugin/package.dsv
[27.170s] -- Installing: /home/parsa/ws_ros2/src/custom_vtol_plugin/install/custom_vtol_plugin/share/ament_index/resource_index/packages/custom_vtol_plugin
[27.171s] -- Installing: /home/parsa/ws_ros2/src/custom_vtol_plugin/install/custom_vtol_plugin/share/custom_vtol_plugin/cmake/export_custom_vtol_plugin__rosidl_generator_cExport.cmake
[27.171s] -- Installing: /home/parsa/ws_ros2/src/custom_vtol_plugin/install/custom_vtol_plugin/share/custom_vtol_plugin/cmake/export_custom_vtol_plugin__rosidl_generator_cExport-noconfig.cmake
[27.171s] -- Installing: /home/parsa/ws_ros2/src/custom_vtol_plugin/install/custom_vtol_plugin/share/custom_vtol_plugin/cmake/export_custom_vtol_plugin__rosidl_typesupport_fastrtps_cExport.cmake
[27.171s] -- Installing: /home/parsa/ws_ros2/src/custom_vtol_plugin/install/custom_vtol_plugin/share/custom_vtol_plugin/cmake/export_custom_vtol_plugin__rosidl_typesupport_fastrtps_cExport-noconfig.cmake
[27.171s] -- Installing: /home/parsa/ws_ros2/src/custom_vtol_plugin/install/custom_vtol_plugin/share/custom_vtol_plugin/cmake/export_custom_vtol_plugin__rosidl_generator_cppExport.cmake
[27.171s] -- Installing: /home/parsa/ws_ros2/src/custom_vtol_plugin/install/custom_vtol_plugin/share/custom_vtol_plugin/cmake/export_custom_vtol_plugin__rosidl_typesupport_fastrtps_cppExport.cmake
[27.171s] -- Installing: /home/parsa/ws_ros2/src/custom_vtol_plugin/install/custom_vtol_plugin/share/custom_vtol_plugin/cmake/export_custom_vtol_plugin__rosidl_typesupport_fastrtps_cppExport-noconfig.cmake
[27.172s] -- Installing: /home/parsa/ws_ros2/src/custom_vtol_plugin/install/custom_vtol_plugin/share/custom_vtol_plugin/cmake/custom_vtol_plugin__rosidl_typesupport_introspection_cExport.cmake
[27.172s] -- Installing: /home/parsa/ws_ros2/src/custom_vtol_plugin/install/custom_vtol_plugin/share/custom_vtol_plugin/cmake/custom_vtol_plugin__rosidl_typesupport_introspection_cExport-noconfig.cmake
[27.172s] -- Installing: /home/parsa/ws_ros2/src/custom_vtol_plugin/install/custom_vtol_plugin/share/custom_vtol_plugin/cmake/custom_vtol_plugin__rosidl_typesupport_cExport.cmake
[27.172s] -- Installing: /home/parsa/ws_ros2/src/custom_vtol_plugin/install/custom_vtol_plugin/share/custom_vtol_plugin/cmake/custom_vtol_plugin__rosidl_typesupport_cExport-noconfig.cmake
[27.172s] -- Installing: /home/parsa/ws_ros2/src/custom_vtol_plugin/install/custom_vtol_plugin/share/custom_vtol_plugin/cmake/custom_vtol_plugin__rosidl_typesupport_introspection_cppExport.cmake
[27.172s] -- Installing: /home/parsa/ws_ros2/src/custom_vtol_plugin/install/custom_vtol_plugin/share/custom_vtol_plugin/cmake/custom_vtol_plugin__rosidl_typesupport_introspection_cppExport-noconfig.cmake
[27.173s] -- Installing: /home/parsa/ws_ros2/src/custom_vtol_plugin/install/custom_vtol_plugin/share/custom_vtol_plugin/cmake/custom_vtol_plugin__rosidl_typesupport_cppExport.cmake
[27.173s] -- Installing: /home/parsa/ws_ros2/src/custom_vtol_plugin/install/custom_vtol_plugin/share/custom_vtol_plugin/cmake/custom_vtol_plugin__rosidl_typesupport_cppExport-noconfig.cmake
[27.173s] -- Installing: /home/parsa/ws_ros2/src/custom_vtol_plugin/install/custom_vtol_plugin/share/custom_vtol_plugin/cmake/export_custom_vtol_plugin__rosidl_generator_pyExport.cmake
[27.173s] -- Installing: /home/parsa/ws_ros2/src/custom_vtol_plugin/install/custom_vtol_plugin/share/custom_vtol_plugin/cmake/export_custom_vtol_plugin__rosidl_generator_pyExport-noconfig.cmake
[27.173s] -- Installing: /home/parsa/ws_ros2/src/custom_vtol_plugin/install/custom_vtol_plugin/share/custom_vtol_plugin/cmake/rosidl_cmake-extras.cmake
[27.173s] -- Installing: /home/parsa/ws_ros2/src/custom_vtol_plugin/install/custom_vtol_plugin/share/custom_vtol_plugin/cmake/ament_cmake_export_dependencies-extras.cmake
[27.173s] -- Installing: /home/parsa/ws_ros2/src/custom_vtol_plugin/install/custom_vtol_plugin/share/custom_vtol_plugin/cmake/ament_cmake_export_include_directories-extras.cmake
[27.173s] -- Installing: /home/parsa/ws_ros2/src/custom_vtol_plugin/install/custom_vtol_plugin/share/custom_vtol_plugin/cmake/ament_cmake_export_libraries-extras.cmake
[27.173s] -- Installing: /home/parsa/ws_ros2/src/custom_vtol_plugin/install/custom_vtol_plugin/share/custom_vtol_plugin/cmake/ament_cmake_export_targets-extras.cmake
[27.174s] -- Installing: /home/parsa/ws_ros2/src/custom_vtol_plugin/install/custom_vtol_plugin/share/custom_vtol_plugin/cmake/rosidl_cmake_export_typesupport_targets-extras.cmake
[27.174s] -- Installing: /home/parsa/ws_ros2/src/custom_vtol_plugin/install/custom_vtol_plugin/share/custom_vtol_plugin/cmake/rosidl_cmake_export_typesupport_libraries-extras.cmake
[27.174s] -- Installing: /home/parsa/ws_ros2/src/custom_vtol_plugin/install/custom_vtol_plugin/share/custom_vtol_plugin/cmake/custom_vtol_pluginConfig.cmake
[27.174s] -- Installing: /home/parsa/ws_ros2/src/custom_vtol_plugin/install/custom_vtol_plugin/share/custom_vtol_plugin/cmake/custom_vtol_pluginConfig-version.cmake
[27.174s] -- Installing: /home/parsa/ws_ros2/src/custom_vtol_plugin/install/custom_vtol_plugin/share/custom_vtol_plugin/package.xml
[27.177s] Invoked command in '/home/parsa/ws_ros2/src/custom_vtol_plugin/build/custom_vtol_plugin' returned '0': CMAKE_PREFIX_PATH=${CMAKE_PREFIX_PATH}:/opt/ros/humble /usr/bin/cmake --install /home/parsa/ws_ros2/src/custom_vtol_plugin/build/custom_vtol_plugin
