[ 50%] [32mBuilding CXX object CMakeFiles/custom_bridge.dir/src/custom_bridge.cpp.o[0m
[100%] [32m[1mLinking CXX executable custom_bridge[0m
[100%] Built target custom_bridge
-- Install configuration: ""
-- Installing: /home/parsa/ws_ros2/install/custom_bridge_cpp/lib/custom_bridge_cpp/custom_bridge
-- Set runtime path of "/home/parsa/ws_ros2/install/custom_bridge_cpp/lib/custom_bridge_cpp/custom_bridge" to ""
-- Up-to-date: /home/parsa/ws_ros2/install/custom_bridge_cpp/share/ament_index/resource_index/package_run_dependencies/custom_bridge_cpp
-- Up-to-date: /home/parsa/ws_ros2/install/custom_bridge_cpp/share/ament_index/resource_index/parent_prefix_path/custom_bridge_cpp
-- Up-to-date: /home/parsa/ws_ros2/install/custom_bridge_cpp/share/custom_bridge_cpp/environment/ament_prefix_path.sh
-- Up-to-date: /home/parsa/ws_ros2/install/custom_bridge_cpp/share/custom_bridge_cpp/environment/ament_prefix_path.dsv
-- Up-to-date: /home/parsa/ws_ros2/install/custom_bridge_cpp/share/custom_bridge_cpp/environment/path.sh
-- Up-to-date: /home/parsa/ws_ros2/install/custom_bridge_cpp/share/custom_bridge_cpp/environment/path.dsv
-- Up-to-date: /home/parsa/ws_ros2/install/custom_bridge_cpp/share/custom_bridge_cpp/local_setup.bash
-- Up-to-date: /home/parsa/ws_ros2/install/custom_bridge_cpp/share/custom_bridge_cpp/local_setup.sh
-- Up-to-date: /home/parsa/ws_ros2/install/custom_bridge_cpp/share/custom_bridge_cpp/local_setup.zsh
-- Up-to-date: /home/parsa/ws_ros2/install/custom_bridge_cpp/share/custom_bridge_cpp/local_setup.dsv
-- Installing: /home/parsa/ws_ros2/install/custom_bridge_cpp/share/custom_bridge_cpp/package.dsv
-- Up-to-date: /home/parsa/ws_ros2/install/custom_bridge_cpp/share/ament_index/resource_index/packages/custom_bridge_cpp
-- Up-to-date: /home/parsa/ws_ros2/install/custom_bridge_cpp/share/custom_bridge_cpp/cmake/custom_bridge_cppConfig.cmake
-- Up-to-date: /home/parsa/ws_ros2/install/custom_bridge_cpp/share/custom_bridge_cpp/cmake/custom_bridge_cppConfig-version.cmake
-- Up-to-date: /home/parsa/ws_ros2/install/custom_bridge_cpp/share/custom_bridge_cpp/package.xml
