[0.017s] Invoking command in '/home/parsa/ws_ros2/build/custom_bridge_cpp': CMAKE_PREFIX_PATH=${CMAKE_PREFIX_PATH}:/opt/ros/humble /usr/bin/cmake --build /home/parsa/ws_ros2/build/custom_bridge_cpp -- -j5 -l5
[0.112s] [ 50%] [32mBuilding CXX object CMakeFiles/custom_bridge.dir/src/custom_bridge.cpp.o[0m
[14.948s] [100%] [32m[1mLinking CXX executable custom_bridge[0m
[15.615s] [100%] Built target custom_bridge
[15.642s] Invoked command in '/home/parsa/ws_ros2/build/custom_bridge_cpp' returned '0': CMAKE_PREFIX_PATH=${CMAKE_PREFIX_PATH}:/opt/ros/humble /usr/bin/cmake --build /home/parsa/ws_ros2/build/custom_bridge_cpp -- -j5 -l5
[15.656s] Invoking command in '/home/parsa/ws_ros2/build/custom_bridge_cpp': CMAKE_PREFIX_PATH=${CMAKE_PREFIX_PATH}:/opt/ros/humble /usr/bin/cmake --install /home/parsa/ws_ros2/build/custom_bridge_cpp
[15.669s] -- Install configuration: ""
[15.669s] -- Installing: /home/parsa/ws_ros2/install/custom_bridge_cpp/lib/custom_bridge_cpp/custom_bridge
[15.674s] -- Set runtime path of "/home/parsa/ws_ros2/install/custom_bridge_cpp/lib/custom_bridge_cpp/custom_bridge" to ""
[15.674s] -- Up-to-date: /home/parsa/ws_ros2/install/custom_bridge_cpp/share/ament_index/resource_index/package_run_dependencies/custom_bridge_cpp
[15.674s] -- Up-to-date: /home/parsa/ws_ros2/install/custom_bridge_cpp/share/ament_index/resource_index/parent_prefix_path/custom_bridge_cpp
[15.675s] -- Up-to-date: /home/parsa/ws_ros2/install/custom_bridge_cpp/share/custom_bridge_cpp/environment/ament_prefix_path.sh
[15.675s] -- Up-to-date: /home/parsa/ws_ros2/install/custom_bridge_cpp/share/custom_bridge_cpp/environment/ament_prefix_path.dsv
[15.676s] -- Up-to-date: /home/parsa/ws_ros2/install/custom_bridge_cpp/share/custom_bridge_cpp/environment/path.sh
[15.676s] -- Up-to-date: /home/parsa/ws_ros2/install/custom_bridge_cpp/share/custom_bridge_cpp/environment/path.dsv
[15.676s] -- Up-to-date: /home/parsa/ws_ros2/install/custom_bridge_cpp/share/custom_bridge_cpp/local_setup.bash
[15.676s] -- Up-to-date: /home/parsa/ws_ros2/install/custom_bridge_cpp/share/custom_bridge_cpp/local_setup.sh
[15.676s] -- Up-to-date: /home/parsa/ws_ros2/install/custom_bridge_cpp/share/custom_bridge_cpp/local_setup.zsh
[15.676s] -- Up-to-date: /home/parsa/ws_ros2/install/custom_bridge_cpp/share/custom_bridge_cpp/local_setup.dsv
[15.676s] -- Installing: /home/parsa/ws_ros2/install/custom_bridge_cpp/share/custom_bridge_cpp/package.dsv
[15.676s] -- Up-to-date: /home/parsa/ws_ros2/install/custom_bridge_cpp/share/ament_index/resource_index/packages/custom_bridge_cpp
[15.676s] -- Up-to-date: /home/parsa/ws_ros2/install/custom_bridge_cpp/share/custom_bridge_cpp/cmake/custom_bridge_cppConfig.cmake
[15.677s] -- Up-to-date: /home/parsa/ws_ros2/install/custom_bridge_cpp/share/custom_bridge_cpp/cmake/custom_bridge_cppConfig-version.cmake
[15.677s] -- Up-to-date: /home/parsa/ws_ros2/install/custom_bridge_cpp/share/custom_bridge_cpp/package.xml
[15.680s] Invoked command in '/home/parsa/ws_ros2/build/custom_bridge_cpp' returned '0': CMAKE_PREFIX_PATH=${CMAKE_PREFIX_PATH}:/opt/ros/humble /usr/bin/cmake --install /home/parsa/ws_ros2/build/custom_bridge_cpp
