[0.014s] Invoking command in '/home/parsa/ws_ros2/build/px4_ros_com': CMAKE_PREFIX_PATH=${CMAKE_PREFIX_PATH}/opt/ros/humble /usr/bin/cmake /home/parsa/ws_ros2/src/px4_ros_com -DCMAKE_INSTALL_PREFIX=/home/parsa/ws_ros2/install/px4_ros_com
[0.117s] -- The C compiler identification is GNU 11.4.0
[0.215s] -- The CXX compiler identification is GNU 11.4.0
[0.229s] -- Detecting C compiler ABI info
[0.360s] -- Detecting C compiler ABI info - done
[0.379s] -- Check for working C compiler: /usr/bin/cc - skipped
[0.379s] -- Detecting C compile features
[0.379s] -- Detecting C compile features - done
[0.388s] -- Detecting CXX compiler ABI info
[0.527s] -- Detecting CXX compiler ABI info - done
[0.544s] -- Check for working CXX compiler: /usr/bin/c++ - skipped
[0.547s] -- Detecting CXX compile features
[0.547s] -- Detecting CXX compile features - done
[0.552s] -- Found ament_cmake: 1.3.12 (/opt/ros/humble/share/ament_cmake/cmake)
[0.850s] -- Found Python3: /usr/bin/python3 (found version "3.10.12") found components: Interpreter 
[1.094s] -- Found builtin_interfaces: 1.2.2 (/opt/ros/humble/share/builtin_interfaces/cmake)
[1.163s] -- Found rosidl_generator_c: 3.1.7 (/opt/ros/humble/share/rosidl_generator_c/cmake)
[1.172s] -- Found rosidl_adapter: 3.1.7 (/opt/ros/humble/share/rosidl_adapter/cmake)
[1.185s] -- Found rosidl_generator_cpp: 3.1.7 (/opt/ros/humble/share/rosidl_generator_cpp/cmake)
[1.206s] -- Using all available rosidl_typesupport_c: rosidl_typesupport_fastrtps_c;rosidl_typesupport_introspection_c
[1.232s] -- Using all available rosidl_typesupport_cpp: rosidl_typesupport_fastrtps_cpp;rosidl_typesupport_introspection_cpp
[1.259s] -- Found eigen3_cmake_module: 0.1.1 (/opt/ros/humble/share/eigen3_cmake_module/cmake)
[1.271s] -- Found Eigen3: TRUE (found version "3.4.0") 
[1.274s] -- Found geometry_msgs: 4.9.0 (/opt/ros/humble/share/geometry_msgs/cmake)
[1.324s] -- Found px4_msgs: 2.0.1 (/home/parsa/ws_ros2/install/px4_msgs/share/px4_msgs/cmake)
[1.355s] -- Found rclcpp: 16.0.15 (/opt/ros/humble/share/rclcpp/cmake)
[1.412s] -- Found rmw_implementation_cmake: 6.1.2 (/opt/ros/humble/share/rmw_implementation_cmake/cmake)
[1.417s] -- Found rmw_fastrtps_cpp: 6.2.9 (/opt/ros/humble/share/rmw_fastrtps_cpp/cmake)
[1.565s] -- Found OpenSSL: /usr/lib/x86_64-linux-gnu/libcrypto.so (found version "3.0.2")  
[1.612s] -- Found FastRTPS: /opt/ros/humble/include  
[1.696s] -- Using RMW implementation 'rmw_fastrtps_cpp' as default
[1.708s] -- Looking for pthread.h
[1.837s] -- Looking for pthread.h - found
[1.841s] -- Performing Test CMAKE_HAVE_LIBC_PTHREAD
[1.964s] -- Performing Test CMAKE_HAVE_LIBC_PTHREAD - Success
[1.966s] -- Found Threads: TRUE  
[2.056s] -- Found sensor_msgs: 4.9.0 (/opt/ros/humble/share/sensor_msgs/cmake)
[2.100s] -- Found rclpy: 3.3.17 (/opt/ros/humble/share/rclpy/cmake)
[2.113s] -- Found ament_lint_auto: 0.12.14 (/opt/ros/humble/share/ament_lint_auto/cmake)
[2.312s] -- Added test 'copyright' to check source files copyright and LICENSE
[2.326s] -- Added test 'cppcheck' to perform static code analysis on C / C++ code
[2.327s] -- Configured cppcheck include dirs: /home/parsa/ws_ros2/src/px4_ros_com/include;$<BUILD_INTERFACE:/home/parsa/ws_ros2/src/px4_ros_com/include/px4_ros_com>
[2.328s] -- Configured cppcheck exclude dirs and/or files: 
[2.334s] -- Added test 'cpplint' to check C / C++ code against the Google style
[2.335s] -- Configured cpplint exclude dirs and/or files: 
[2.336s] -- Added test 'flake8' to check Python code syntax and style conventions
[2.339s] -- Added test 'lint_cmake' to check CMake code style
[2.342s] -- Added test 'pep257' to check Python code against some of the docstring style conventions in PEP 257
[2.347s] -- Added test 'uncrustify' to check C / C++ code style
[2.348s] -- Configured uncrustify additional arguments: 
[2.350s] -- Added test 'xmllint' to check XML markup files
[2.354s] -- Configuring done
[2.396s] -- Generating done
[2.412s] -- Build files have been written to: /home/parsa/ws_ros2/build/px4_ros_com
[2.431s] Invoked command in '/home/parsa/ws_ros2/build/px4_ros_com' returned '0': CMAKE_PREFIX_PATH=${CMAKE_PREFIX_PATH}/opt/ros/humble /usr/bin/cmake /home/parsa/ws_ros2/src/px4_ros_com -DCMAKE_INSTALL_PREFIX=/home/parsa/ws_ros2/install/px4_ros_com
[2.432s] Invoking command in '/home/parsa/ws_ros2/build/px4_ros_com': CMAKE_PREFIX_PATH=${CMAKE_PREFIX_PATH}/opt/ros/humble /usr/bin/cmake --build /home/parsa/ws_ros2/build/px4_ros_com -- -j5 -l5
[2.517s] [  8%] [32mBuilding CXX object CMakeFiles/frame_transforms.dir/src/lib/frame_transforms.cpp.o[0m
[2.534s] [ 16%] [32mBuilding CXX object CMakeFiles/sensor_combined_listener.dir/src/examples/listeners/sensor_combined_listener.cpp.o[0m
[2.541s] [ 25%] [32mBuilding CXX object CMakeFiles/offboard_control.dir/src/examples/offboard/offboard_control.cpp.o[0m
[2.558s] [ 33%] [32mBuilding CXX object CMakeFiles/vehicle_gps_position_listener.dir/src/examples/listeners/vehicle_gps_position_listener.cpp.o[0m
[2.574s] [ 41%] [32mBuilding CXX object CMakeFiles/debug_vect_advertiser.dir/src/examples/advertisers/debug_vect_advertiser.cpp.o[0m
[15.970s] [ 50%] [32m[1mLinking CXX executable debug_vect_advertiser[0m
[16.508s] [ 50%] Built target debug_vect_advertiser
[16.594s] [ 58%] [32mBuilding CXX object CMakeFiles/offboard_control_srv.dir/src/examples/offboard/offboard_control_srv.cpp.o[0m
[17.077s] [ 66%] [32m[1mLinking CXX executable offboard_control[0m
[17.622s] [ 66%] Built target offboard_control
[17.712s] [ 66%] Built target ament_cmake_python_copy_px4_ros_com
[18.512s] running egg_info
[18.514s] creating px4_ros_com.egg-info
[18.550s] writing px4_ros_com.egg-info/PKG-INFO
[18.552s] writing dependency_links to px4_ros_com.egg-info/dependency_links.txt
[18.554s] writing top-level names to px4_ros_com.egg-info/top_level.txt
[18.562s] writing manifest file 'px4_ros_com.egg-info/SOURCES.txt'
[18.679s] reading manifest file 'px4_ros_com.egg-info/SOURCES.txt'
[18.681s] writing manifest file 'px4_ros_com.egg-info/SOURCES.txt'
[18.746s] [ 66%] Built target ament_cmake_python_build_px4_ros_com_egg
[21.893s] [ 75%] [32m[1mLinking CXX shared library libframe_transforms.so[0m
[22.398s] [ 75%] Built target frame_transforms
[23.416s] [ 83%] [32m[1mLinking CXX executable vehicle_gps_position_listener[0m
[23.518s] [ 91%] [32m[1mLinking CXX executable sensor_combined_listener[0m
[24.141s] [ 91%] Built target vehicle_gps_position_listener
[24.214s] [ 91%] Built target sensor_combined_listener
[28.748s] [100%] [32m[1mLinking CXX executable offboard_control_srv[0m
[29.129s] [100%] Built target offboard_control_srv
[29.152s] Invoked command in '/home/parsa/ws_ros2/build/px4_ros_com' returned '0': CMAKE_PREFIX_PATH=${CMAKE_PREFIX_PATH}/opt/ros/humble /usr/bin/cmake --build /home/parsa/ws_ros2/build/px4_ros_com -- -j5 -l5
[29.153s] Invoking command in '/home/parsa/ws_ros2/build/px4_ros_com': CMAKE_PREFIX_PATH=${CMAKE_PREFIX_PATH}/opt/ros/humble /usr/bin/cmake --install /home/parsa/ws_ros2/build/px4_ros_com
[29.166s] -- Install configuration: ""
[29.166s] -- Installing: /home/parsa/ws_ros2/install/px4_ros_com/lib/px4_ros_com/sensor_combined_listener
[29.168s] -- Set runtime path of "/home/parsa/ws_ros2/install/px4_ros_com/lib/px4_ros_com/sensor_combined_listener" to ""
[29.168s] -- Installing: /home/parsa/ws_ros2/install/px4_ros_com/lib/px4_ros_com/vehicle_gps_position_listener
[29.171s] -- Set runtime path of "/home/parsa/ws_ros2/install/px4_ros_com/lib/px4_ros_com/vehicle_gps_position_listener" to ""
[29.172s] -- Installing: /home/parsa/ws_ros2/install/px4_ros_com/lib/px4_ros_com/debug_vect_advertiser
[29.173s] -- Set runtime path of "/home/parsa/ws_ros2/install/px4_ros_com/lib/px4_ros_com/debug_vect_advertiser" to ""
[29.173s] -- Installing: /home/parsa/ws_ros2/install/px4_ros_com/lib/px4_ros_com/offboard_control
[29.174s] -- Set runtime path of "/home/parsa/ws_ros2/install/px4_ros_com/lib/px4_ros_com/offboard_control" to ""
[29.175s] -- Installing: /home/parsa/ws_ros2/install/px4_ros_com/lib/px4_ros_com/offboard_control_srv
[29.177s] -- Set runtime path of "/home/parsa/ws_ros2/install/px4_ros_com/lib/px4_ros_com/offboard_control_srv" to ""
[29.180s] -- Installing: /home/parsa/ws_ros2/install/px4_ros_com/share/px4_ros_com/environment/library_path.sh
[29.180s] -- Installing: /home/parsa/ws_ros2/install/px4_ros_com/share/px4_ros_com/environment/library_path.dsv
[29.180s] -- Installing: /home/parsa/ws_ros2/install/px4_ros_com/include/px4_ros_com
[29.181s] -- Installing: /home/parsa/ws_ros2/install/px4_ros_com/include/px4_ros_com/frame_transforms.h
[29.181s] -- Installing: /home/parsa/ws_ros2/install/px4_ros_com/lib/libframe_transforms.so
[29.183s] -- Set runtime path of "/home/parsa/ws_ros2/install/px4_ros_com/lib/libframe_transforms.so" to ""
[29.186s] -- Installing: /home/parsa/ws_ros2/install/px4_ros_com/share/px4_ros_com//launch
[29.187s] -- Installing: /home/parsa/ws_ros2/install/px4_ros_com/share/px4_ros_com//launch/offboard_control_launch.yaml
[29.187s] -- Installing: /home/parsa/ws_ros2/install/px4_ros_com/share/px4_ros_com//launch/sensor_combined_listener.launch.py
[29.187s] -- Installing: /home/parsa/ws_ros2/install/px4_ros_com/share/px4_ros_com//test
[29.187s] -- Installing: /home/parsa/ws_ros2/install/px4_ros_com/share/px4_ros_com//test/__init__.py
[29.187s] -- Installing: /home/parsa/ws_ros2/install/px4_ros_com/share/px4_ros_com//test/test_output.py
[29.187s] -- Installing: /home/parsa/ws_ros2/install/px4_ros_com/share/px4_ros_com//test/pipeline_io_test.py
[29.188s] -- Installing: /home/parsa/ws_ros2/install/px4_ros_com/share/px4_ros_com//test/test_input.py
[29.188s] -- Installing: /home/parsa/ws_ros2/install/px4_ros_com/share/px4_ros_com/environment/pythonpath.sh
[29.188s] -- Installing: /home/parsa/ws_ros2/install/px4_ros_com/share/px4_ros_com/environment/pythonpath.dsv
[29.188s] -- Installing: /home/parsa/ws_ros2/install/px4_ros_com/local/lib/python3.10/dist-packages/px4_ros_com-0.1.0-py3.10.egg-info
[29.188s] -- Installing: /home/parsa/ws_ros2/install/px4_ros_com/local/lib/python3.10/dist-packages/px4_ros_com-0.1.0-py3.10.egg-info/dependency_links.txt
[29.188s] -- Installing: /home/parsa/ws_ros2/install/px4_ros_com/local/lib/python3.10/dist-packages/px4_ros_com-0.1.0-py3.10.egg-info/PKG-INFO
[29.188s] -- Installing: /home/parsa/ws_ros2/install/px4_ros_com/local/lib/python3.10/dist-packages/px4_ros_com-0.1.0-py3.10.egg-info/SOURCES.txt
[29.188s] -- Installing: /home/parsa/ws_ros2/install/px4_ros_com/local/lib/python3.10/dist-packages/px4_ros_com-0.1.0-py3.10.egg-info/top_level.txt
[29.188s] -- Installing: /home/parsa/ws_ros2/install/px4_ros_com/local/lib/python3.10/dist-packages/px4_ros_com
[29.191s] -- Installing: /home/parsa/ws_ros2/install/px4_ros_com/local/lib/python3.10/dist-packages/px4_ros_com/__init__.py
[29.191s] -- Installing: /home/parsa/ws_ros2/install/px4_ros_com/local/lib/python3.10/dist-packages/px4_ros_com/module_to_import.py
[29.250s] Listing '/home/parsa/ws_ros2/install/px4_ros_com/local/lib/python3.10/dist-packages/px4_ros_com'...
[29.250s] Compiling '/home/parsa/ws_ros2/install/px4_ros_com/local/lib/python3.10/dist-packages/px4_ros_com/__init__.py'...
[29.251s] Compiling '/home/parsa/ws_ros2/install/px4_ros_com/local/lib/python3.10/dist-packages/px4_ros_com/module_to_import.py'...
[29.259s] -- Installing: /home/parsa/ws_ros2/install/px4_ros_com/lib/px4_ros_com/offboard_control.py
[29.262s] -- Installing: /home/parsa/ws_ros2/install/px4_ros_com/share/ament_index/resource_index/package_run_dependencies/px4_ros_com
[29.262s] -- Installing: /home/parsa/ws_ros2/install/px4_ros_com/share/ament_index/resource_index/parent_prefix_path/px4_ros_com
[29.262s] -- Installing: /home/parsa/ws_ros2/install/px4_ros_com/share/px4_ros_com/environment/ament_prefix_path.sh
[29.262s] -- Installing: /home/parsa/ws_ros2/install/px4_ros_com/share/px4_ros_com/environment/ament_prefix_path.dsv
[29.262s] -- Installing: /home/parsa/ws_ros2/install/px4_ros_com/share/px4_ros_com/environment/path.sh
[29.262s] -- Installing: /home/parsa/ws_ros2/install/px4_ros_com/share/px4_ros_com/environment/path.dsv
[29.262s] -- Installing: /home/parsa/ws_ros2/install/px4_ros_com/share/px4_ros_com/local_setup.bash
[29.262s] -- Installing: /home/parsa/ws_ros2/install/px4_ros_com/share/px4_ros_com/local_setup.sh
[29.263s] -- Installing: /home/parsa/ws_ros2/install/px4_ros_com/share/px4_ros_com/local_setup.zsh
[29.263s] -- Installing: /home/parsa/ws_ros2/install/px4_ros_com/share/px4_ros_com/local_setup.dsv
[29.263s] -- Installing: /home/parsa/ws_ros2/install/px4_ros_com/share/px4_ros_com/package.dsv
[29.263s] -- Installing: /home/parsa/ws_ros2/install/px4_ros_com/share/ament_index/resource_index/packages/px4_ros_com
[29.264s] -- Installing: /home/parsa/ws_ros2/install/px4_ros_com/share/px4_ros_com/cmake/export_frame_transformsExport.cmake
[29.264s] -- Installing: /home/parsa/ws_ros2/install/px4_ros_com/share/px4_ros_com/cmake/export_frame_transformsExport-noconfig.cmake
[29.265s] -- Installing: /home/parsa/ws_ros2/install/px4_ros_com/share/px4_ros_com/cmake/ament_cmake_export_dependencies-extras.cmake
[29.265s] -- Installing: /home/parsa/ws_ros2/install/px4_ros_com/share/px4_ros_com/cmake/ament_cmake_export_targets-extras.cmake
[29.265s] -- Installing: /home/parsa/ws_ros2/install/px4_ros_com/share/px4_ros_com/cmake/ament_cmake_export_include_directories-extras.cmake
[29.265s] -- Installing: /home/parsa/ws_ros2/install/px4_ros_com/share/px4_ros_com/cmake/ament_cmake_export_libraries-extras.cmake
[29.265s] -- Installing: /home/parsa/ws_ros2/install/px4_ros_com/share/px4_ros_com/cmake/px4_ros_comConfig.cmake
[29.265s] -- Installing: /home/parsa/ws_ros2/install/px4_ros_com/share/px4_ros_com/cmake/px4_ros_comConfig-version.cmake
[29.265s] -- Installing: /home/parsa/ws_ros2/install/px4_ros_com/share/px4_ros_com/package.xml
[29.273s] Invoked command in '/home/parsa/ws_ros2/build/px4_ros_com' returned '0': CMAKE_PREFIX_PATH=${CMAKE_PREFIX_PATH}/opt/ros/humble /usr/bin/cmake --install /home/parsa/ws_ros2/build/px4_ros_com
