[  0%] Built target px4_msgs__cpp
[35m[1mConsolidate compiler generated dependencies of target px4_msgs__rosidl_generator_c[0m
[  0%] Built target ament_cmake_python_copy_px4_msgs
[ 12%] Built target px4_msgs__rosidl_generator_c
[35m[1mConsolidate compiler generated dependencies of target px4_msgs__rosidl_typesupport_cpp[0m
[35m[1mConsolidate compiler generated dependencies of target px4_msgs__rosidl_typesupport_introspection_cpp[0m
[35m[1mConsolidate compiler generated dependencies of target px4_msgs__rosidl_typesupport_fastrtps_cpp[0m
[35m[1mConsolidate compiler generated dependencies of target px4_msgs__rosidl_typesupport_fastrtps_c[0m
[ 24%] Built target px4_msgs__rosidl_typesupport_cpp
[ 37%] Built target px4_msgs__rosidl_typesupport_introspection_cpp
running egg_info
[35m[1mConsolidate compiler generated dependencies of target px4_msgs__rosidl_typesupport_c[0m
[ 49%] Built target px4_msgs__rosidl_typesupport_fastrtps_cpp
writing px4_msgs.egg-info/PKG-INFO
writing dependency_links to px4_msgs.egg-info/dependency_links.txt
writing top-level names to px4_msgs.egg-info/top_level.txt
[ 62%] Built target px4_msgs__rosidl_typesupport_c
[35m[1mConsolidate compiler generated dependencies of target px4_msgs__rosidl_typesupport_introspection_c[0m
reading manifest file 'px4_msgs.egg-info/SOURCES.txt'
[ 75%] Built target px4_msgs__rosidl_typesupport_fastrtps_c
writing manifest file 'px4_msgs.egg-info/SOURCES.txt'
[ 75%] Built target ament_cmake_python_build_px4_msgs_egg
[ 88%] Built target px4_msgs__rosidl_typesupport_introspection_c
[ 88%] Built target px4_msgs
[ 88%] Built target px4_msgs__py
[35m[1mConsolidate compiler generated dependencies of target px4_msgs__rosidl_generator_py[0m
[100%] Built target px4_msgs__rosidl_generator_py
[35m[1mConsolidate compiler generated dependencies of target px4_msgs__rosidl_typesupport_fastrtps_c__pyext[0m
[35m[1mConsolidate compiler generated dependencies of target px4_msgs__rosidl_typesupport_c__pyext[0m
[35m[1mConsolidate compiler generated dependencies of target px4_msgs__rosidl_typesupport_introspection_c__pyext[0m
[100%] Built target px4_msgs__rosidl_typesupport_fastrtps_c__pyext
[100%] Built target px4_msgs__rosidl_typesupport_c__pyext
[100%] Built target px4_msgs__rosidl_typesupport_introspection_c__pyext
