[0.034s] Invoking command in '/home/parsa/ws_ros2/build/px4_msgs': CMAKE_PREFIX_PATH=${CMAKE_PREFIX_PATH}:/opt/ros/humble /usr/bin/cmake --build /home/parsa/ws_ros2/build/px4_msgs -- -j5 -l5
[1.736s] [  0%] Built target px4_msgs__cpp
[1.850s] [35m[1mConsolidate compiler generated dependencies of target px4_msgs__rosidl_generator_c[0m
[1.940s] [  0%] Built target ament_cmake_python_copy_px4_msgs
[2.002s] [ 12%] Built target px4_msgs__rosidl_generator_c
[2.017s] [35m[1mConsolidate compiler generated dependencies of target px4_msgs__rosidl_typesupport_cpp[0m
[2.068s] [35m[1mConsolidate compiler generated dependencies of target px4_msgs__rosidl_typesupport_introspection_cpp[0m
[2.082s] [35m[1mConsolidate compiler generated dependencies of target px4_msgs__rosidl_typesupport_fastrtps_cpp[0m
[2.495s] [35m[1mConsolidate compiler generated dependencies of target px4_msgs__rosidl_typesupport_fastrtps_c[0m
[2.551s] [ 24%] Built target px4_msgs__rosidl_typesupport_cpp
[2.611s] [ 37%] Built target px4_msgs__rosidl_typesupport_introspection_cpp
[2.795s] running egg_info
[2.801s] [35m[1mConsolidate compiler generated dependencies of target px4_msgs__rosidl_typesupport_c[0m
[2.850s] [ 49%] Built target px4_msgs__rosidl_typesupport_fastrtps_cpp
[2.862s] writing px4_msgs.egg-info/PKG-INFO
[2.863s] writing dependency_links to px4_msgs.egg-info/dependency_links.txt
[2.864s] writing top-level names to px4_msgs.egg-info/top_level.txt
[2.952s] [ 62%] Built target px4_msgs__rosidl_typesupport_c
[2.953s] [35m[1mConsolidate compiler generated dependencies of target px4_msgs__rosidl_typesupport_introspection_c[0m
[3.007s] reading manifest file 'px4_msgs.egg-info/SOURCES.txt'
[3.010s] [ 75%] Built target px4_msgs__rosidl_typesupport_fastrtps_c
[3.012s] writing manifest file 'px4_msgs.egg-info/SOURCES.txt'
[3.068s] [ 75%] Built target ament_cmake_python_build_px4_msgs_egg
[3.103s] [ 88%] Built target px4_msgs__rosidl_typesupport_introspection_c
[3.140s] [ 88%] Built target px4_msgs
[3.199s] [ 88%] Built target px4_msgs__py
[3.431s] [35m[1mConsolidate compiler generated dependencies of target px4_msgs__rosidl_generator_py[0m
[3.704s] [100%] Built target px4_msgs__rosidl_generator_py
[3.731s] [35m[1mConsolidate compiler generated dependencies of target px4_msgs__rosidl_typesupport_fastrtps_c__pyext[0m
[3.734s] [35m[1mConsolidate compiler generated dependencies of target px4_msgs__rosidl_typesupport_c__pyext[0m
[3.735s] [35m[1mConsolidate compiler generated dependencies of target px4_msgs__rosidl_typesupport_introspection_c__pyext[0m
[3.769s] [100%] Built target px4_msgs__rosidl_typesupport_fastrtps_c__pyext
[3.770s] [100%] Built target px4_msgs__rosidl_typesupport_c__pyext
[3.770s] [100%] Built target px4_msgs__rosidl_typesupport_introspection_c__pyext
[3.782s] gmake: *** [Makefile:147: all] Interrupt
