[0.042s] Invoking command in '/home/parsa/ws_ros2/build/custom_bridge_cpp': CMAKE_PREFIX_PATH=${CMAKE_PREFIX_PATH}:/opt/ros/humble /usr/bin/cmake --build /home/parsa/ws_ros2/build/custom_bridge_cpp -- -j5 -l5
[0.134s] [35m[1mConsolidate compiler generated dependencies of target custom_bridge[0m
[0.163s] [100%] Built target custom_bridge
[0.182s] Invoked command in '/home/parsa/ws_ros2/build/custom_bridge_cpp' returned '0': CMAKE_PREFIX_PATH=${CMAKE_PREFIX_PATH}:/opt/ros/humble /usr/bin/cmake --build /home/parsa/ws_ros2/build/custom_bridge_cpp -- -j5 -l5
[0.201s] Invoking command in '/home/parsa/ws_ros2/build/custom_bridge_cpp': CMAKE_PREFIX_PATH=${CMAKE_PREFIX_PATH}:/opt/ros/humble /usr/bin/cmake --install /home/parsa/ws_ros2/build/custom_bridge_cpp
[0.212s] -- Install configuration: ""
[0.212s] -- Up-to-date: /home/parsa/ws_ros2/install/custom_bridge_cpp/lib/custom_bridge_cpp/custom_bridge
[0.213s] -- Up-to-date: /home/parsa/ws_ros2/install/custom_bridge_cpp/share/ament_index/resource_index/package_run_dependencies/custom_bridge_cpp
[0.213s] -- Up-to-date: /home/parsa/ws_ros2/install/custom_bridge_cpp/share/ament_index/resource_index/parent_prefix_path/custom_bridge_cpp
[0.213s] -- Up-to-date: /home/parsa/ws_ros2/install/custom_bridge_cpp/share/custom_bridge_cpp/environment/ament_prefix_path.sh
[0.214s] -- Up-to-date: /home/parsa/ws_ros2/install/custom_bridge_cpp/share/custom_bridge_cpp/environment/ament_prefix_path.dsv
[0.214s] -- Up-to-date: /home/parsa/ws_ros2/install/custom_bridge_cpp/share/custom_bridge_cpp/environment/path.sh
[0.214s] -- Up-to-date: /home/parsa/ws_ros2/install/custom_bridge_cpp/share/custom_bridge_cpp/environment/path.dsv
[0.214s] -- Up-to-date: /home/parsa/ws_ros2/install/custom_bridge_cpp/share/custom_bridge_cpp/local_setup.bash
[0.215s] -- Up-to-date: /home/parsa/ws_ros2/install/custom_bridge_cpp/share/custom_bridge_cpp/local_setup.sh
[0.215s] -- Up-to-date: /home/parsa/ws_ros2/install/custom_bridge_cpp/share/custom_bridge_cpp/local_setup.zsh
[0.215s] -- Up-to-date: /home/parsa/ws_ros2/install/custom_bridge_cpp/share/custom_bridge_cpp/local_setup.dsv
[0.215s] -- Installing: /home/parsa/ws_ros2/install/custom_bridge_cpp/share/custom_bridge_cpp/package.dsv
[0.215s] -- Up-to-date: /home/parsa/ws_ros2/install/custom_bridge_cpp/share/ament_index/resource_index/packages/custom_bridge_cpp
[0.215s] -- Up-to-date: /home/parsa/ws_ros2/install/custom_bridge_cpp/share/custom_bridge_cpp/cmake/custom_bridge_cppConfig.cmake
[0.215s] -- Up-to-date: /home/parsa/ws_ros2/install/custom_bridge_cpp/share/custom_bridge_cpp/cmake/custom_bridge_cppConfig-version.cmake
[0.215s] -- Up-to-date: /home/parsa/ws_ros2/install/custom_bridge_cpp/share/custom_bridge_cpp/package.xml
[0.220s] Invoked command in '/home/parsa/ws_ros2/build/custom_bridge_cpp' returned '0': CMAKE_PREFIX_PATH=${CMAKE_PREFIX_PATH}:/opt/ros/humble /usr/bin/cmake --install /home/parsa/ws_ros2/build/custom_bridge_cpp
